2026-03-08 09:15:09 [agent_town.bd.x_monitor] INFO X search 'agent council': found 19 tweets
2026-03-08 09:15:11 [agent_town.bd.x_monitor] INFO X search 'AI DAO': found 20 tweets
2026-03-08 09:15:12 [agent_town.bd.x_monitor] INFO X search 'agent governance': found 20 tweets
2026-03-08 09:15:13 [agent_town.bd.x_monitor] INFO X search 'trust agent': found 20 tweets
2026-03-08 09:15:15 [agent_town.bd.x_monitor] INFO X search 'ERC-8004': found 20 tweets
2026-03-08 09:15:17 [agent_town.bd.x_monitor] INFO X search 'autonomous treasury': found 20 tweets
2026-03-08 09:15:19 [agent_town.bd.x_monitor] INFO X search 'agent reputation': found 20 tweets
2026-03-08 09:15:20 [agent_town.bd.x_monitor] INFO X search 'agent verification': found 20 tweets
2026-03-08 09:15:22 [agent_town.bd.x_monitor] INFO X search 'agent-gated': found 20 tweets
2026-03-08 09:15:23 [agent_town.bd.x_monitor] INFO X search 'agent identity': found 19 tweets
2026-03-08 09:15:25 [agent_town.bd.x_monitor] INFO X search 'settler agent': found 17 tweets
2026-03-08 09:15:27 [agent_town.bd.x_monitor] INFO X search 'agent staking': found 20 tweets
2026-03-08 09:15:27 [agent_town.bd.x_monitor] INFO BD scan complete: 226 unique tweets across 12 queries
2026-03-08 09:40:42 [agent_town.bd.x_monitor] INFO X search 'agent council': found 19 tweets
2026-03-08 09:40:43 [agent_town.bd.x_monitor] INFO X search 'AI DAO': found 19 tweets
2026-03-08 09:40:44 [agent_town.bd.x_monitor] INFO X search 'agent governance': found 20 tweets
2026-03-08 09:40:46 [agent_town.bd.x_monitor] INFO X search 'trust agent': found 20 tweets
2026-03-08 09:40:47 [agent_town.bd.x_monitor] INFO X search 'ERC-8004': found 20 tweets
2026-03-08 09:40:49 [agent_town.bd.x_monitor] INFO X search 'autonomous treasury': found 20 tweets
2026-03-08 09:40:50 [agent_town.bd.x_monitor] INFO X search 'agent reputation': found 20 tweets
2026-03-08 09:40:52 [agent_town.bd.x_monitor] INFO X search 'agent verification': found 20 tweets
2026-03-08 09:40:53 [agent_town.bd.x_monitor] INFO X search 'agent-gated': found 20 tweets
2026-03-08 09:40:55 [agent_town.bd.x_monitor] INFO X search 'agent identity': found 17 tweets
2026-03-08 09:40:56 [agent_town.bd.x_monitor] INFO X search 'settler agent': found 17 tweets
2026-03-08 09:40:58 [agent_town.bd.x_monitor] INFO X search 'agent staking': found 20 tweets
2026-03-08 09:40:58 [agent_town.bd.x_monitor] INFO BD scan complete: 226 unique tweets across 12 queries
2026-03-08 11:15:36 [agent_town.bd.x_monitor] INFO X search 'agent council': found 17 tweets
2026-03-08 11:15:37 [agent_town.bd.x_monitor] INFO X search 'AI DAO': found 20 tweets
2026-03-08 11:15:38 [agent_town.bd.x_monitor] INFO X search 'agent governance': found 20 tweets
2026-03-08 11:15:40 [agent_town.bd.x_monitor] INFO X search 'trust agent': found 20 tweets
2026-03-08 11:15:42 [agent_town.bd.x_monitor] INFO X search 'ERC-8004': found 20 tweets
2026-03-08 11:15:43 [agent_town.bd.x_monitor] INFO X search 'autonomous treasury': found 20 tweets
2026-03-08 11:15:45 [agent_town.bd.x_monitor] INFO X search 'agent reputation': found 20 tweets
2026-03-08 11:15:46 [agent_town.bd.x_monitor] INFO X search 'agent verification': found 20 tweets
2026-03-08 11:15:47 [agent_town.bd.x_monitor] INFO X search 'agent-gated': found 20 tweets
2026-03-08 11:15:49 [agent_town.bd.x_monitor] INFO X search 'agent identity': found 19 tweets
2026-03-08 11:15:50 [agent_town.bd.x_monitor] INFO X search 'settler agent': found 17 tweets
2026-03-08 11:15:52 [agent_town.bd.x_monitor] INFO X search 'agent staking': found 20 tweets
2026-03-08 11:15:52 [agent_town.bd.x_monitor] INFO BD scan complete: 225 unique tweets across 12 queries
2026-03-08 12:00:06 [agent_town.bd.x_monitor] INFO X search 'agent council': found 17 tweets
2026-03-08 12:00:08 [agent_town.bd.x_monitor] INFO X search 'AI DAO': found 17 tweets
2026-03-08 12:00:10 [agent_town.bd.x_monitor] INFO X search 'agent governance': found 20 tweets
2026-03-08 12:00:11 [agent_town.bd.x_monitor] INFO X search 'trust agent': found 20 tweets
2026-03-08 12:00:13 [agent_town.bd.x_monitor] INFO X search 'ERC-8004': found 20 tweets
2026-03-08 12:00:15 [agent_town.bd.x_monitor] INFO X search 'autonomous treasury': found 20 tweets
2026-03-08 12:00:17 [agent_town.bd.x_monitor] INFO X search 'agent reputation': found 20 tweets
2026-03-08 12:00:18 [agent_town.bd.x_monitor] INFO X search 'agent verification': found 20 tweets
2026-03-08 12:00:20 [agent_town.bd.x_monitor] INFO X search 'agent-gated': found 20 tweets
2026-03-08 12:00:21 [agent_town.bd.x_monitor] INFO X search 'agent identity': found 18 tweets
2026-03-08 12:00:23 [agent_town.bd.x_monitor] INFO X search 'settler agent': found 17 tweets
2026-03-08 12:00:24 [agent_town.bd.x_monitor] INFO X search 'agent staking': found 20 tweets
2026-03-08 12:00:24 [agent_town.bd.x_monitor] INFO BD scan complete: 221 unique tweets across 12 queries
2026-03-08 13:15:54 [agent_town.bd.x_monitor] INFO X search 'agent council': found 19 tweets
2026-03-08 13:15:56 [agent_town.bd.x_monitor] INFO X search 'AI DAO': found 20 tweets
2026-03-08 13:15:58 [agent_town.bd.x_monitor] INFO X search 'agent governance': found 20 tweets
2026-03-08 13:15:59 [agent_town.bd.x_monitor] INFO X search 'trust agent': found 20 tweets
2026-03-08 13:16:00 [agent_town.bd.x_monitor] INFO X search 'ERC-8004': found 20 tweets
2026-03-08 13:16:02 [agent_town.bd.x_monitor] INFO X search 'autonomous treasury': found 20 tweets
2026-03-08 13:16:03 [agent_town.bd.x_monitor] INFO X search 'agent reputation': found 20 tweets
2026-03-08 13:16:05 [agent_town.bd.x_monitor] INFO X search 'agent verification': found 20 tweets
2026-03-08 13:16:06 [agent_town.bd.x_monitor] INFO X search 'agent-gated': found 20 tweets
2026-03-08 13:16:08 [agent_town.bd.x_monitor] INFO X search 'agent identity': found 17 tweets
2026-03-08 13:16:09 [agent_town.bd.x_monitor] INFO X search 'settler agent': found 17 tweets
2026-03-08 13:16:11 [agent_town.bd.x_monitor] INFO X search 'agent staking': found 20 tweets
2026-03-08 13:16:11 [agent_town.bd.x_monitor] INFO BD scan complete: 223 unique tweets across 12 queries
2026-03-08 14:14:50 [agent_town.bd.x_monitor] INFO X search 'agent council': found 18 tweets
2026-03-08 14:14:52 [agent_town.bd.x_monitor] INFO X search 'AI DAO': found 20 tweets
2026-03-08 14:14:53 [agent_town.bd.x_monitor] INFO X search 'agent governance': found 20 tweets
2026-03-08 14:14:55 [agent_town.bd.x_monitor] INFO X search 'trust agent': found 20 tweets
2026-03-08 14:14:57 [agent_town.bd.x_monitor] INFO X search 'ERC-8004': found 20 tweets
2026-03-08 14:14:58 [agent_town.bd.x_monitor] INFO X search 'autonomous treasury': found 20 tweets
2026-03-08 14:15:00 [agent_town.bd.x_monitor] INFO X search 'agent reputation': found 20 tweets
2026-03-08 14:15:01 [agent_town.bd.x_monitor] INFO X search 'agent verification': found 20 tweets
2026-03-08 14:15:02 [agent_town.bd.x_monitor] INFO X search 'agent-gated': found 20 tweets
2026-03-08 14:15:04 [agent_town.bd.x_monitor] INFO X search 'agent identity': found 19 tweets
2026-03-08 14:15:05 [agent_town.bd.x_monitor] INFO X search 'settler agent': found 17 tweets
2026-03-08 14:15:07 [agent_town.bd.x_monitor] INFO X search 'agent staking': found 20 tweets
2026-03-08 14:15:07 [agent_town.bd.x_monitor] INFO BD scan complete: 227 unique tweets across 12 queries
2026-03-08 15:16:13 [agent_town.bd.x_monitor] INFO X search 'agent council': found 20 tweets
2026-03-08 15:16:14 [agent_town.bd.x_monitor] INFO X search 'AI DAO': found 18 tweets
2026-03-08 15:16:16 [agent_town.bd.x_monitor] INFO X search 'agent governance': found 20 tweets
2026-03-08 15:16:18 [agent_town.bd.x_monitor] INFO X search 'trust agent': found 20 tweets
2026-03-08 15:16:20 [agent_town.bd.x_monitor] INFO X search 'ERC-8004': found 20 tweets
2026-03-08 15:16:21 [agent_town.bd.x_monitor] INFO X search 'autonomous treasury': found 20 tweets
2026-03-08 15:16:23 [agent_town.bd.x_monitor] INFO X search 'agent reputation': found 20 tweets
2026-03-08 15:16:24 [agent_town.bd.x_monitor] INFO X search 'agent verification': found 20 tweets
2026-03-08 15:16:25 [agent_town.bd.x_monitor] INFO X search 'agent-gated': found 20 tweets
2026-03-08 15:16:27 [agent_town.bd.x_monitor] INFO X search 'agent identity': found 20 tweets
2026-03-08 15:16:28 [agent_town.bd.x_monitor] INFO X search 'settler agent': found 17 tweets
2026-03-08 15:16:30 [agent_town.bd.x_monitor] INFO X search 'agent staking': found 20 tweets
2026-03-08 15:16:30 [agent_town.bd.x_monitor] INFO BD scan complete: 230 unique tweets across 12 queries
2026-03-08 16:31:59 [agent_town.bd.x_monitor] INFO X search 'agent council': found 17 tweets
2026-03-08 16:32:01 [agent_town.bd.x_monitor] INFO X search 'AI DAO': found 17 tweets
2026-03-08 16:32:02 [agent_town.bd.x_monitor] INFO X search 'agent governance': found 20 tweets
2026-03-08 16:32:04 [agent_town.bd.x_monitor] INFO X search 'trust agent': found 20 tweets
2026-03-08 16:32:06 [agent_town.bd.x_monitor] INFO X search 'ERC-8004': found 20 tweets
2026-03-08 16:32:07 [agent_town.bd.x_monitor] INFO X search 'autonomous treasury': found 20 tweets
2026-03-08 16:32:09 [agent_town.bd.x_monitor] INFO X search 'agent reputation': found 20 tweets
2026-03-08 16:32:10 [agent_town.bd.x_monitor] INFO X search 'agent verification': found 20 tweets
2026-03-08 16:32:12 [agent_town.bd.x_monitor] INFO X search 'agent-gated': found 20 tweets
2026-03-08 16:32:13 [agent_town.bd.x_monitor] INFO X search 'agent identity': found 19 tweets
2026-03-08 16:32:14 [agent_town.bd.x_monitor] INFO X search 'settler agent': found 17 tweets
2026-03-08 16:32:16 [agent_town.bd.x_monitor] INFO X search 'agent staking': found 20 tweets
2026-03-08 16:32:16 [agent_town.bd.x_monitor] INFO BD scan complete: 224 unique tweets across 12 queries
2026-03-08 17:16:33 [agent_town.bd.x_monitor] INFO X search 'agent council': found 19 tweets
2026-03-08 17:16:34 [agent_town.bd.x_monitor] INFO X search 'AI DAO': found 18 tweets
2026-03-08 17:16:36 [agent_town.bd.x_monitor] INFO X search 'agent governance': found 20 tweets
2026-03-08 17:16:38 [agent_town.bd.x_monitor] INFO X search 'trust agent': found 20 tweets
2026-03-08 17:16:39 [agent_town.bd.x_monitor] INFO X search 'ERC-8004': found 20 tweets
2026-03-08 17:16:41 [agent_town.bd.x_monitor] INFO X search 'autonomous treasury': found 20 tweets
2026-03-08 17:16:42 [agent_town.bd.x_monitor] INFO X search 'agent reputation': found 20 tweets
2026-03-08 17:16:49 [agent_town.bd.x_monitor] INFO X search 'agent verification': found 20 tweets
2026-03-08 17:16:50 [agent_town.bd.x_monitor] INFO X search 'agent-gated': found 20 tweets
2026-03-08 17:16:52 [agent_town.bd.x_monitor] INFO X search 'agent identity': found 18 tweets
2026-03-08 17:16:54 [agent_town.bd.x_monitor] INFO X search 'settler agent': found 17 tweets
2026-03-08 17:16:55 [agent_town.bd.x_monitor] INFO X search 'agent staking': found 20 tweets
2026-03-08 17:16:55 [agent_town.bd.x_monitor] INFO BD scan complete: 222 unique tweets across 12 queries
2026-03-08 18:48:46 [agent_town.bd.x_monitor] INFO X search 'agent council': found 19 tweets
2026-03-08 18:48:47 [agent_town.bd.x_monitor] INFO X search 'AI DAO': found 17 tweets
2026-03-08 18:48:49 [agent_town.bd.x_monitor] INFO X search 'agent governance': found 20 tweets
2026-03-08 18:48:51 [agent_town.bd.x_monitor] INFO X search 'trust agent': found 20 tweets
2026-03-08 18:48:52 [agent_town.bd.x_monitor] INFO X search 'ERC-8004': found 20 tweets
2026-03-08 18:48:54 [agent_town.bd.x_monitor] INFO X search 'autonomous treasury': found 20 tweets
2026-03-08 18:48:56 [agent_town.bd.x_monitor] INFO X search 'agent reputation': found 20 tweets
2026-03-08 18:48:57 [agent_town.bd.x_monitor] INFO X search 'agent verification': found 20 tweets
2026-03-08 18:49:04 [agent_town.bd.x_monitor] INFO X search 'agent-gated': found 20 tweets
2026-03-08 18:49:05 [agent_town.bd.x_monitor] INFO X search 'agent identity': found 17 tweets
2026-03-08 18:49:07 [agent_town.bd.x_monitor] INFO X search 'settler agent': found 17 tweets
2026-03-08 18:49:08 [agent_town.bd.x_monitor] INFO X search 'agent staking': found 20 tweets
2026-03-08 18:49:08 [agent_town.bd.x_monitor] INFO BD scan complete: 221 unique tweets across 12 queries
2026-03-08 19:16:57 [agent_town.bd.x_monitor] INFO X search 'agent council': found 17 tweets
2026-03-08 19:16:59 [agent_town.bd.x_monitor] INFO X search 'AI DAO': found 18 tweets
2026-03-08 19:17:01 [agent_town.bd.x_monitor] INFO X search 'agent governance': found 20 tweets
2026-03-08 19:17:02 [agent_town.bd.x_monitor] INFO X search 'trust agent': found 20 tweets
2026-03-08 19:17:03 [agent_town.bd.x_monitor] INFO X search 'ERC-8004': found 20 tweets
2026-03-08 19:17:05 [agent_town.bd.x_monitor] INFO X search 'autonomous treasury': found 20 tweets
2026-03-08 19:17:06 [agent_town.bd.x_monitor] INFO X search 'agent reputation': found 20 tweets
2026-03-08 19:17:07 [agent_town.bd.x_monitor] INFO X search 'agent verification': found 20 tweets
2026-03-08 19:17:09 [agent_town.bd.x_monitor] INFO X search 'agent-gated': found 20 tweets
2026-03-08 19:17:11 [agent_town.bd.x_monitor] INFO X search 'agent identity': found 19 tweets
2026-03-08 19:17:12 [agent_town.bd.x_monitor] INFO X search 'settler agent': found 17 tweets
2026-03-08 19:17:14 [agent_town.bd.x_monitor] INFO X search 'agent staking': found 20 tweets
2026-03-08 19:17:14 [agent_town.bd.x_monitor] INFO BD scan complete: 220 unique tweets across 12 queries
2026-03-08 21:05:37 [agent_town.bd.x_monitor] INFO X search 'agent council': found 17 tweets
2026-03-08 21:05:39 [agent_town.bd.x_monitor] INFO X search 'AI DAO': found 17 tweets
2026-03-08 21:05:41 [agent_town.bd.x_monitor] INFO X search 'agent governance': found 20 tweets
2026-03-08 21:05:42 [agent_town.bd.x_monitor] INFO X search 'trust agent': found 20 tweets
2026-03-08 21:05:44 [agent_town.bd.x_monitor] INFO X search 'ERC-8004': found 20 tweets
2026-03-08 21:05:46 [agent_town.bd.x_monitor] INFO X search 'autonomous treasury': found 20 tweets
2026-03-08 21:05:47 [agent_town.bd.x_monitor] INFO X search 'agent reputation': found 20 tweets
2026-03-08 21:05:49 [agent_town.bd.x_monitor] INFO X search 'agent verification': found 20 tweets
2026-03-08 21:05:52 [agent_town.bd.x_monitor] INFO X search 'agent-gated': found 20 tweets
2026-03-08 21:05:53 [agent_town.bd.x_monitor] INFO X search 'agent identity': found 17 tweets
2026-03-08 21:05:55 [agent_town.bd.x_monitor] INFO X search 'settler agent': found 17 tweets
2026-03-08 21:05:56 [agent_town.bd.x_monitor] INFO X search 'agent staking': found 20 tweets
2026-03-08 21:05:56 [agent_town.bd.x_monitor] INFO BD scan complete: 213 unique tweets across 12 queries
2026-03-08 21:17:16 [agent_town.bd.x_monitor] INFO X search 'agent council': found 19 tweets
2026-03-08 21:17:19 [agent_town.bd.x_monitor] INFO X search 'AI DAO': found 19 tweets
2026-03-08 21:17:20 [agent_town.bd.x_monitor] INFO X search 'agent governance': found 20 tweets
2026-03-08 21:17:22 [agent_town.bd.x_monitor] INFO X search 'trust agent': found 20 tweets
2026-03-08 21:17:24 [agent_town.bd.x_monitor] INFO X search 'ERC-8004': found 20 tweets
2026-03-08 21:17:26 [agent_town.bd.x_monitor] INFO X search 'autonomous treasury': found 20 tweets
2026-03-08 21:17:28 [agent_town.bd.x_monitor] INFO X search 'agent reputation': found 20 tweets
2026-03-08 21:17:29 [agent_town.bd.x_monitor] INFO X search 'agent verification': found 20 tweets
2026-03-08 21:17:31 [agent_town.bd.x_monitor] INFO X search 'agent-gated': found 20 tweets
2026-03-08 21:17:32 [agent_town.bd.x_monitor] INFO X search 'agent identity': found 17 tweets
2026-03-08 21:17:34 [agent_town.bd.x_monitor] INFO X search 'settler agent': found 17 tweets
2026-03-08 21:17:35 [agent_town.bd.x_monitor] INFO X search 'agent staking': found 20 tweets
2026-03-08 21:17:35 [agent_town.bd.x_monitor] INFO BD scan complete: 215 unique tweets across 12 queries
2026-03-08 23:17:37 [agent_town.bd.x_monitor] INFO X search 'agent council': found 17 tweets
2026-03-08 23:17:39 [agent_town.bd.x_monitor] INFO X search 'AI DAO': found 19 tweets
2026-03-08 23:17:40 [agent_town.bd.x_monitor] INFO X search 'agent governance': found 20 tweets
2026-03-08 23:17:42 [agent_town.bd.x_monitor] INFO X search 'trust agent': found 20 tweets
2026-03-08 23:17:43 [agent_town.bd.x_monitor] INFO X search 'ERC-8004': found 20 tweets
2026-03-08 23:17:45 [agent_town.bd.x_monitor] INFO X search 'autonomous treasury': found 20 tweets
2026-03-08 23:17:46 [agent_town.bd.x_monitor] INFO X search 'agent reputation': found 20 tweets
2026-03-08 23:17:48 [agent_town.bd.x_monitor] INFO X search 'agent verification': found 20 tweets
2026-03-08 23:17:50 [agent_town.bd.x_monitor] INFO X search 'agent-gated': found 20 tweets
2026-03-08 23:17:51 [agent_town.bd.x_monitor] INFO X search 'agent identity': found 19 tweets
2026-03-08 23:17:53 [agent_town.bd.x_monitor] INFO X search 'settler agent': found 17 tweets
2026-03-08 23:17:55 [agent_town.bd.x_monitor] INFO X search 'agent staking': found 20 tweets
2026-03-08 23:17:55 [agent_town.bd.x_monitor] INFO BD scan complete: 218 unique tweets across 12 queries
2026-03-08 23:21:05 [agent_town.bd.x_monitor] INFO X search 'agent council': found 20 tweets
2026-03-08 23:21:07 [agent_town.bd.x_monitor] INFO X search 'AI DAO': found 20 tweets
2026-03-08 23:21:09 [agent_town.bd.x_monitor] INFO X search 'agent governance': found 20 tweets
2026-03-08 23:21:10 [agent_town.bd.x_monitor] INFO X search 'trust agent': found 20 tweets
2026-03-08 23:21:11 [agent_town.bd.x_monitor] INFO X search 'ERC-8004': found 20 tweets
2026-03-08 23:21:13 [agent_town.bd.x_monitor] INFO X search 'autonomous treasury': found 20 tweets
2026-03-08 23:21:14 [agent_town.bd.x_monitor] INFO X search 'agent reputation': found 20 tweets
2026-03-08 23:21:15 [agent_town.bd.x_monitor] INFO X search 'agent verification': found 20 tweets
2026-03-08 23:21:20 [agent_town.bd.x_monitor] INFO X search 'agent-gated': found 20 tweets
2026-03-08 23:21:22 [agent_town.bd.x_monitor] INFO X search 'agent identity': found 17 tweets
2026-03-08 23:21:23 [agent_town.bd.x_monitor] INFO X search 'settler agent': found 17 tweets
2026-03-08 23:21:25 [agent_town.bd.x_monitor] INFO X search 'agent staking': found 20 tweets
2026-03-08 23:21:25 [agent_town.bd.x_monitor] INFO BD scan complete: 221 unique tweets across 12 queries
2026-03-09 00:35:47 [agent_town.bd.x_monitor] INFO X search 'agent council': found 17 tweets
2026-03-09 00:35:49 [agent_town.bd.x_monitor] INFO X search 'AI DAO': found 17 tweets
2026-03-09 00:35:51 [agent_town.bd.x_monitor] INFO X search 'agent governance': found 20 tweets
2026-03-09 00:35:52 [agent_town.bd.x_monitor] INFO X search 'trust agent': found 20 tweets
2026-03-09 00:35:54 [agent_town.bd.x_monitor] INFO X search 'ERC-8004': found 20 tweets
2026-03-09 00:35:55 [agent_town.bd.x_monitor] INFO X search 'autonomous treasury': found 20 tweets
2026-03-09 00:35:56 [agent_town.bd.x_monitor] INFO X search 'agent reputation': found 20 tweets
2026-03-09 00:35:57 [agent_town.bd.x_monitor] INFO X search 'agent verification': found 20 tweets
2026-03-09 00:35:59 [agent_town.bd.x_monitor] INFO X search 'agent-gated': found 20 tweets
2026-03-09 00:36:01 [agent_town.bd.x_monitor] INFO X search 'agent identity': found 20 tweets
2026-03-09 00:36:02 [agent_town.bd.x_monitor] INFO X search 'settler agent': found 17 tweets
2026-03-09 00:36:04 [agent_town.bd.x_monitor] INFO X search 'agent staking': found 20 tweets
2026-03-09 00:36:04 [agent_town.bd.x_monitor] INFO BD scan complete: 218 unique tweets across 12 queries
2026-03-09 01:17:54 [agent_town.bd.x_monitor] INFO X search 'agent council': found 17 tweets
2026-03-09 01:17:57 [agent_town.bd.x_monitor] INFO X search 'AI DAO': found 20 tweets
2026-03-09 01:18:01 [agent_town.bd.x_monitor] INFO X search 'agent governance': found 20 tweets
2026-03-09 01:18:02 [agent_town.bd.x_monitor] INFO X search 'trust agent': found 20 tweets
2026-03-09 01:18:04 [agent_town.bd.x_monitor] INFO X search 'ERC-8004': found 20 tweets
2026-03-09 01:18:05 [agent_town.bd.x_monitor] INFO X search 'autonomous treasury': found 20 tweets
2026-03-09 01:18:07 [agent_town.bd.x_monitor] INFO X search 'agent reputation': found 20 tweets
2026-03-09 01:18:08 [agent_town.bd.x_monitor] INFO X search 'agent verification': found 20 tweets
2026-03-09 01:18:10 [agent_town.bd.x_monitor] INFO X search 'agent-gated': found 20 tweets
2026-03-09 01:18:12 [agent_town.bd.x_monitor] INFO X search 'agent identity': found 17 tweets
2026-03-09 01:18:13 [agent_town.bd.x_monitor] INFO X search 'settler agent': found 17 tweets
2026-03-09 01:18:15 [agent_town.bd.x_monitor] INFO X search 'agent staking': found 20 tweets
2026-03-09 01:18:15 [agent_town.bd.x_monitor] INFO BD scan complete: 219 unique tweets across 12 queries
2026-03-09 01:37:43 [agent_town.bd.x_monitor] INFO X search 'agent council': found 17 tweets
2026-03-09 01:37:45 [agent_town.bd.x_monitor] INFO X search 'AI DAO': found 20 tweets
2026-03-09 01:37:47 [agent_town.bd.x_monitor] INFO X search 'agent governance': found 20 tweets
2026-03-09 01:37:48 [agent_town.bd.x_monitor] INFO X search 'trust agent': found 20 tweets
2026-03-09 01:37:50 [agent_town.bd.x_monitor] INFO X search 'ERC-8004': found 20 tweets
2026-03-09 01:37:51 [agent_town.bd.x_monitor] INFO X search 'autonomous treasury': found 20 tweets
2026-03-09 01:37:54 [agent_town.bd.x_monitor] INFO X search 'agent reputation': found 20 tweets
2026-03-09 01:37:55 [agent_town.bd.x_monitor] INFO X search 'agent verification': found 20 tweets
2026-03-09 01:37:57 [agent_town.bd.x_monitor] INFO X search 'agent-gated': found 20 tweets
2026-03-09 01:37:59 [agent_town.bd.x_monitor] INFO X search 'agent identity': found 20 tweets
2026-03-09 01:38:01 [agent_town.bd.x_monitor] INFO X search 'settler agent': found 17 tweets
2026-03-09 01:38:03 [agent_town.bd.x_monitor] INFO X search 'agent staking': found 20 tweets
2026-03-09 01:38:03 [agent_town.bd.x_monitor] INFO BD scan complete: 223 unique tweets across 12 queries
2026-03-09 02:50:25 [agent_town.bd.x_monitor] INFO X search 'agent council': found 20 tweets
2026-03-09 02:50:26 [agent_town.bd.x_monitor] INFO X search 'AI DAO': found 17 tweets
2026-03-09 02:50:27 [agent_town.bd.x_monitor] INFO X search 'agent governance': found 20 tweets
2026-03-09 02:50:29 [agent_town.bd.x_monitor] INFO X search 'trust agent': found 20 tweets
2026-03-09 02:50:30 [agent_town.bd.x_monitor] INFO X search 'ERC-8004': found 20 tweets
2026-03-09 02:50:32 [agent_town.bd.x_monitor] INFO X search 'autonomous treasury': found 20 tweets
2026-03-09 02:50:34 [agent_town.bd.x_monitor] INFO X search 'agent reputation': found 20 tweets
2026-03-09 02:50:35 [agent_town.bd.x_monitor] INFO X search 'agent verification': found 20 tweets
2026-03-09 02:50:36 [agent_town.bd.x_monitor] INFO X search 'agent-gated': found 20 tweets
2026-03-09 02:50:38 [agent_town.bd.x_monitor] INFO X search 'agent identity': found 17 tweets
2026-03-09 02:50:40 [agent_town.bd.x_monitor] INFO X search 'settler agent': found 17 tweets
2026-03-09 02:50:44 [agent_town.bd.x_monitor] INFO X search 'agent staking': found 20 tweets
2026-03-09 02:50:44 [agent_town.bd.x_monitor] INFO BD scan complete: 223 unique tweets across 12 queries
2026-03-09 03:18:16 [agent_town.bd.x_monitor] INFO X search 'agent council': found 17 tweets
2026-03-09 03:18:18 [agent_town.bd.x_monitor] INFO X search 'AI DAO': found 17 tweets
2026-03-09 03:18:19 [agent_town.bd.x_monitor] INFO X search 'agent governance': found 20 tweets
2026-03-09 03:18:21 [agent_town.bd.x_monitor] INFO X search 'trust agent': found 20 tweets
2026-03-09 03:18:22 [agent_town.bd.x_monitor] INFO X search 'ERC-8004': found 20 tweets
2026-03-09 03:18:24 [agent_town.bd.x_monitor] INFO X search 'autonomous treasury': found 20 tweets
2026-03-09 03:18:25 [agent_town.bd.x_monitor] INFO X search 'agent reputation': found 20 tweets
2026-03-09 03:18:26 [agent_town.bd.x_monitor] INFO X search 'agent verification': found 20 tweets
2026-03-09 03:18:28 [agent_town.bd.x_monitor] INFO X search 'agent-gated': found 20 tweets
2026-03-09 03:18:30 [agent_town.bd.x_monitor] INFO X search 'agent identity': found 18 tweets
2026-03-09 03:18:32 [agent_town.bd.x_monitor] INFO X search 'settler agent': found 17 tweets
2026-03-09 03:18:34 [agent_town.bd.x_monitor] INFO X search 'agent staking': found 20 tweets
2026-03-09 03:18:34 [agent_town.bd.x_monitor] INFO BD scan complete: 218 unique tweets across 12 queries
2026-03-09 03:51:29 [agent_town.bd.x_monitor] INFO X search 'agent council': found 17 tweets
2026-03-09 03:51:31 [agent_town.bd.x_monitor] INFO X search 'AI DAO': found 17 tweets
2026-03-09 03:51:35 [agent_town.bd.x_monitor] INFO X search 'agent governance': found 20 tweets
2026-03-09 03:51:36 [agent_town.bd.x_monitor] INFO X search 'trust agent': found 20 tweets
2026-03-09 03:51:38 [agent_town.bd.x_monitor] INFO X search 'ERC-8004': found 20 tweets
2026-03-09 03:51:39 [agent_town.bd.x_monitor] INFO X search 'autonomous treasury': found 20 tweets
2026-03-09 03:51:41 [agent_town.bd.x_monitor] INFO X search 'agent reputation': found 20 tweets
2026-03-09 03:51:42 [agent_town.bd.x_monitor] INFO X search 'agent verification': found 20 tweets
2026-03-09 03:51:44 [agent_town.bd.x_monitor] INFO X search 'agent-gated': found 20 tweets
2026-03-09 03:51:45 [agent_town.bd.x_monitor] INFO X search 'agent identity': found 17 tweets
2026-03-09 03:51:46 [agent_town.bd.x_monitor] INFO X search 'settler agent': found 17 tweets
2026-03-09 03:51:49 [agent_town.bd.x_monitor] INFO X search 'agent staking': found 20 tweets
2026-03-09 03:51:49 [agent_town.bd.x_monitor] INFO BD scan complete: 216 unique tweets across 12 queries
2026-03-09 05:05:32 [agent_town.bd.x_monitor] INFO X search 'agent council': found 20 tweets
2026-03-09 05:05:34 [agent_town.bd.x_monitor] INFO X search 'AI DAO': found 17 tweets
2026-03-09 05:05:35 [agent_town.bd.x_monitor] INFO X search 'agent governance': found 20 tweets
2026-03-09 05:05:36 [agent_town.bd.x_monitor] INFO X search 'trust agent': found 20 tweets
2026-03-09 05:05:38 [agent_town.bd.x_monitor] INFO X search 'ERC-8004': found 20 tweets
2026-03-09 05:05:39 [agent_town.bd.x_monitor] INFO X search 'autonomous treasury': found 20 tweets
2026-03-09 05:05:41 [agent_town.bd.x_monitor] INFO X search 'agent reputation': found 20 tweets
2026-03-09 05:05:42 [agent_town.bd.x_monitor] INFO X search 'agent verification': found 20 tweets
2026-03-09 05:05:44 [agent_town.bd.x_monitor] INFO X search 'agent-gated': found 20 tweets
2026-03-09 05:05:45 [agent_town.bd.x_monitor] INFO X search 'agent identity': found 20 tweets
2026-03-09 05:05:46 [agent_town.bd.x_monitor] INFO X search 'settler agent': found 19 tweets
2026-03-09 05:05:48 [agent_town.bd.x_monitor] INFO X search 'agent staking': found 20 tweets
2026-03-09 05:05:48 [agent_town.bd.x_monitor] INFO BD scan complete: 226 unique tweets across 12 queries
2026-03-09 05:18:36 [agent_town.bd.x_monitor] INFO X search 'agent council': found 19 tweets
2026-03-09 05:18:37 [agent_town.bd.x_monitor] INFO X search 'AI DAO': found 18 tweets
2026-03-09 05:18:39 [agent_town.bd.x_monitor] INFO X search 'agent governance': found 20 tweets
2026-03-09 05:18:40 [agent_town.bd.x_monitor] INFO X search 'trust agent': found 20 tweets
2026-03-09 05:18:41 [agent_town.bd.x_monitor] INFO X search 'ERC-8004': found 20 tweets
2026-03-09 05:18:43 [agent_town.bd.x_monitor] INFO X search 'autonomous treasury': found 20 tweets
2026-03-09 05:18:46 [agent_town.bd.x_monitor] INFO X search 'agent reputation': found 20 tweets
2026-03-09 05:18:47 [agent_town.bd.x_monitor] INFO X search 'agent verification': found 20 tweets
2026-03-09 05:18:48 [agent_town.bd.x_monitor] INFO X search 'agent-gated': found 20 tweets
2026-03-09 05:18:49 [agent_town.bd.x_monitor] INFO X search 'agent identity': found 17 tweets
2026-03-09 05:18:50 [agent_town.bd.x_monitor] INFO X search 'settler agent': found 17 tweets
2026-03-09 05:18:52 [agent_town.bd.x_monitor] INFO X search 'agent staking': found 20 tweets
2026-03-09 05:18:52 [agent_town.bd.x_monitor] INFO BD scan complete: 221 unique tweets across 12 queries
2026-03-09 06:05:37 [agent_town.bd.x_monitor] INFO X search 'agent council': found 19 tweets
2026-03-09 06:05:38 [agent_town.bd.x_monitor] INFO X search 'AI DAO': found 19 tweets
2026-03-09 06:05:40 [agent_town.bd.x_monitor] INFO X search 'agent governance': found 20 tweets
2026-03-09 06:05:41 [agent_town.bd.x_monitor] INFO X search 'trust agent': found 20 tweets
2026-03-09 06:05:43 [agent_town.bd.x_monitor] INFO X search 'ERC-8004': found 20 tweets
2026-03-09 06:05:45 [agent_town.bd.x_monitor] INFO X search 'autonomous treasury': found 20 tweets
2026-03-09 06:05:46 [agent_town.bd.x_monitor] INFO X search 'agent reputation': found 20 tweets
2026-03-09 06:05:47 [agent_town.bd.x_monitor] INFO X search 'agent verification': found 20 tweets
2026-03-09 06:05:48 [agent_town.bd.x_monitor] INFO X search 'agent-gated': found 20 tweets
2026-03-09 06:05:50 [agent_town.bd.x_monitor] INFO X search 'agent identity': found 18 tweets
2026-03-09 06:05:52 [agent_town.bd.x_monitor] INFO X search 'settler agent': found 17 tweets
2026-03-09 06:05:53 [agent_town.bd.x_monitor] INFO X search 'agent staking': found 20 tweets
2026-03-09 06:05:53 [agent_town.bd.x_monitor] INFO BD scan complete: 226 unique tweets across 12 queries
2026-03-09 07:18:53 [agent_town.bd.x_monitor] INFO X search 'agent council': found 17 tweets
2026-03-09 07:18:55 [agent_town.bd.x_monitor] INFO X search 'AI DAO': found 17 tweets
2026-03-09 07:18:57 [agent_town.bd.x_monitor] INFO X search 'agent governance': found 20 tweets
2026-03-09 07:18:58 [agent_town.bd.x_monitor] INFO X search 'trust agent': found 20 tweets
2026-03-09 07:19:00 [agent_town.bd.x_monitor] INFO X search 'ERC-8004': found 20 tweets
2026-03-09 07:19:01 [agent_town.bd.x_monitor] INFO X search 'autonomous treasury': found 20 tweets
2026-03-09 07:19:03 [agent_town.bd.x_monitor] INFO X search 'agent reputation': found 20 tweets
2026-03-09 07:19:04 [agent_town.bd.x_monitor] INFO X search 'agent verification': found 20 tweets
2026-03-09 07:19:05 [agent_town.bd.x_monitor] INFO X search 'agent-gated': found 20 tweets
2026-03-09 07:19:06 [agent_town.bd.x_monitor] INFO X search 'agent identity': found 17 tweets
2026-03-09 07:19:08 [agent_town.bd.x_monitor] INFO X search 'settler agent': found 17 tweets
2026-03-09 07:19:10 [agent_town.bd.x_monitor] INFO X search 'agent staking': found 20 tweets
2026-03-09 07:19:10 [agent_town.bd.x_monitor] INFO BD scan complete: 218 unique tweets across 12 queries
2026-03-09 07:21:33 [agent_town.bd.x_monitor] INFO X search 'agent council': found 17 tweets
2026-03-09 07:21:34 [agent_town.bd.x_monitor] INFO X search 'AI DAO': found 17 tweets
2026-03-09 07:21:36 [agent_town.bd.x_monitor] INFO X search 'agent governance': found 20 tweets
2026-03-09 07:21:37 [agent_town.bd.x_monitor] INFO X search 'trust agent': found 20 tweets
2026-03-09 07:21:39 [agent_town.bd.x_monitor] INFO X search 'ERC-8004': found 20 tweets
2026-03-09 07:21:40 [agent_town.bd.x_monitor] INFO X search 'autonomous treasury': found 20 tweets
2026-03-09 07:21:42 [agent_town.bd.x_monitor] INFO X search 'agent reputation': found 20 tweets
2026-03-09 07:21:43 [agent_town.bd.x_monitor] INFO X search 'agent verification': found 20 tweets
2026-03-09 07:21:44 [agent_town.bd.x_monitor] INFO X search 'agent-gated': found 20 tweets
2026-03-09 07:21:46 [agent_town.bd.x_monitor] INFO X search 'agent identity': found 17 tweets
2026-03-09 07:21:47 [agent_town.bd.x_monitor] INFO X search 'settler agent': found 17 tweets
2026-03-09 07:21:49 [agent_town.bd.x_monitor] INFO X search 'agent staking': found 20 tweets
2026-03-09 07:21:49 [agent_town.bd.x_monitor] INFO BD scan complete: 218 unique tweets across 12 queries
2026-03-09 08:20:48 [agent_town.bd.x_monitor] INFO X search 'agent council': found 17 tweets
2026-03-09 08:20:49 [agent_town.bd.x_monitor] INFO X search 'AI DAO': found 17 tweets
2026-03-09 08:20:51 [agent_town.bd.x_monitor] INFO X search 'agent governance': found 20 tweets
2026-03-09 08:20:53 [agent_town.bd.x_monitor] INFO X search 'trust agent': found 20 tweets
2026-03-09 08:20:54 [agent_town.bd.x_monitor] INFO X search 'ERC-8004': found 20 tweets
2026-03-09 08:20:56 [agent_town.bd.x_monitor] INFO X search 'autonomous treasury': found 20 tweets
2026-03-09 08:20:57 [agent_town.bd.x_monitor] INFO X search 'agent reputation': found 20 tweets
2026-03-09 08:20:59 [agent_town.bd.x_monitor] INFO X search 'agent verification': found 20 tweets
2026-03-09 08:21:01 [agent_town.bd.x_monitor] INFO X search 'agent-gated': found 20 tweets
2026-03-09 08:21:02 [agent_town.bd.x_monitor] INFO X search 'agent identity': found 17 tweets
2026-03-09 08:21:04 [agent_town.bd.x_monitor] INFO X search 'settler agent': found 17 tweets
2026-03-09 08:21:05 [agent_town.bd.x_monitor] INFO X search 'agent staking': found 20 tweets
2026-03-09 08:21:05 [agent_town.bd.x_monitor] INFO BD scan complete: 216 unique tweets across 12 queries
2026-03-09 08:45:13 [agent_town.bd.x_monitor] INFO X search 'agent council': found 20 tweets
2026-03-09 08:45:14 [agent_town.bd.x_monitor] INFO X search 'AI DAO': found 17 tweets
2026-03-09 08:45:16 [agent_town.bd.x_monitor] INFO X search 'agent governance': found 20 tweets
2026-03-09 08:45:17 [agent_town.bd.x_monitor] INFO X search 'trust agent': found 20 tweets
2026-03-09 08:45:19 [agent_town.bd.x_monitor] INFO X search 'ERC-8004': found 20 tweets
2026-03-09 08:45:20 [agent_town.bd.x_monitor] INFO X search 'autonomous treasury': found 20 tweets
2026-03-09 08:45:21 [agent_town.bd.x_monitor] INFO X search 'agent reputation': found 20 tweets
2026-03-09 08:45:22 [agent_town.bd.x_monitor] INFO X search 'agent verification': found 20 tweets
2026-03-09 08:45:24 [agent_town.bd.x_monitor] INFO X search 'agent-gated': found 20 tweets
2026-03-09 08:45:25 [agent_town.bd.x_monitor] INFO X search 'agent identity': found 17 tweets
2026-03-09 08:45:27 [agent_town.bd.x_monitor] INFO X search 'settler agent': found 17 tweets
2026-03-09 08:45:28 [agent_town.bd.x_monitor] INFO X search 'agent staking': found 20 tweets
2026-03-09 08:45:28 [agent_town.bd.x_monitor] INFO BD scan complete: 219 unique tweets across 12 queries
2026-03-09 09:19:13 [agent_town.bd.x_monitor] INFO X search 'agent council': found 20 tweets
2026-03-09 09:19:15 [agent_town.bd.x_monitor] INFO X search 'AI DAO': found 20 tweets
2026-03-09 09:19:17 [agent_town.bd.x_monitor] INFO X search 'agent governance': found 20 tweets
2026-03-09 09:19:19 [agent_town.bd.x_monitor] INFO X search 'trust agent': found 20 tweets
2026-03-09 09:19:20 [agent_town.bd.x_monitor] INFO X search 'ERC-8004': found 20 tweets
2026-03-09 09:19:22 [agent_town.bd.x_monitor] INFO X search 'autonomous treasury': found 20 tweets
2026-03-09 09:19:24 [agent_town.bd.x_monitor] INFO X search 'agent reputation': found 20 tweets
2026-03-09 09:19:25 [agent_town.bd.x_monitor] INFO X search 'agent verification': found 20 tweets
2026-03-09 09:19:27 [agent_town.bd.x_monitor] INFO X search 'agent-gated': found 20 tweets
2026-03-09 09:19:28 [agent_town.bd.x_monitor] INFO X search 'agent identity': found 17 tweets
2026-03-09 09:19:30 [agent_town.bd.x_monitor] INFO X search 'settler agent': found 17 tweets
2026-03-09 09:19:32 [agent_town.bd.x_monitor] INFO X search 'agent staking': found 20 tweets
2026-03-09 09:19:32 [agent_town.bd.x_monitor] INFO BD scan complete: 221 unique tweets across 12 queries
2026-03-09 09:29:40 [agent_town.bd.x_monitor] INFO X search 'agent council': found 17 tweets
2026-03-09 09:29:41 [agent_town.bd.x_monitor] INFO X search 'AI DAO': found 17 tweets
2026-03-09 09:29:43 [agent_town.bd.x_monitor] INFO X search 'agent governance': found 20 tweets
2026-03-09 09:29:45 [agent_town.bd.x_monitor] INFO X search 'trust agent': found 20 tweets
2026-03-09 09:29:46 [agent_town.bd.x_monitor] INFO X search 'ERC-8004': found 20 tweets
2026-03-09 09:29:48 [agent_town.bd.x_monitor] INFO X search 'autonomous treasury': found 20 tweets
2026-03-09 09:30:00 [agent_town.bd.x_monitor] INFO X search 'agent reputation': found 20 tweets
2026-03-09 09:30:01 [agent_town.bd.x_monitor] INFO X search 'agent verification': found 20 tweets
2026-03-09 09:30:03 [agent_town.bd.x_monitor] INFO X search 'agent-gated': found 20 tweets
2026-03-09 09:30:04 [agent_town.bd.x_monitor] INFO X search 'agent identity': found 17 tweets
2026-03-09 09:30:06 [agent_town.bd.x_monitor] INFO X search 'settler agent': found 17 tweets
2026-03-09 09:30:07 [agent_town.bd.x_monitor] INFO X search 'agent staking': found 20 tweets
2026-03-09 09:30:07 [agent_town.bd.x_monitor] INFO BD scan complete: 216 unique tweets across 12 queries
2026-03-09 09:38:22 [agent_town.bd.x_monitor] INFO X search 'agent council': found 19 tweets
2026-03-09 09:38:24 [agent_town.bd.x_monitor] INFO X search 'AI DAO': found 17 tweets
2026-03-09 09:38:25 [agent_town.bd.x_monitor] INFO X search 'agent governance': found 20 tweets
2026-03-09 09:38:26 [agent_town.bd.x_monitor] INFO X search 'trust agent': found 20 tweets
2026-03-09 09:38:28 [agent_town.bd.x_monitor] INFO X search 'ERC-8004': found 20 tweets
2026-03-09 09:38:30 [agent_town.bd.x_monitor] INFO X search 'autonomous treasury': found 20 tweets
2026-03-09 09:38:31 [agent_town.bd.x_monitor] INFO X search 'agent reputation': found 20 tweets
2026-03-09 09:38:32 [agent_town.bd.x_monitor] INFO X search 'agent verification': found 20 tweets
2026-03-09 09:38:34 [agent_town.bd.x_monitor] INFO X search 'agent-gated': found 20 tweets
2026-03-09 09:38:35 [agent_town.bd.x_monitor] INFO X search 'agent identity': found 17 tweets
2026-03-09 09:38:37 [agent_town.bd.x_monitor] INFO X search 'settler agent': found 17 tweets
2026-03-09 09:38:38 [agent_town.bd.x_monitor] INFO X search 'agent staking': found 20 tweets
2026-03-09 09:38:38 [agent_town.bd.x_monitor] INFO BD scan complete: 219 unique tweets across 12 queries
2026-03-09 10:36:49 [agent_town.bd.x_monitor] INFO X search 'agent council': found 20 tweets
2026-03-09 10:36:50 [agent_town.bd.x_monitor] INFO X search 'AI DAO': found 17 tweets
2026-03-09 10:36:52 [agent_town.bd.x_monitor] INFO X search 'agent governance': found 20 tweets
2026-03-09 10:36:54 [agent_town.bd.x_monitor] INFO X search 'trust agent': found 20 tweets
2026-03-09 10:36:55 [agent_town.bd.x_monitor] INFO X search 'ERC-8004': found 20 tweets
2026-03-09 10:36:57 [agent_town.bd.x_monitor] INFO X search 'autonomous treasury': found 20 tweets
2026-03-09 10:36:59 [agent_town.bd.x_monitor] INFO X search 'agent reputation': found 20 tweets
2026-03-09 10:37:00 [agent_town.bd.x_monitor] INFO X search 'agent verification': found 20 tweets
2026-03-09 10:37:02 [agent_town.bd.x_monitor] INFO X search 'agent-gated': found 20 tweets
2026-03-09 10:37:03 [agent_town.bd.x_monitor] INFO X search 'agent identity': found 17 tweets
2026-03-09 10:37:05 [agent_town.bd.x_monitor] INFO X search 'settler agent': found 17 tweets
2026-03-09 10:37:07 [agent_town.bd.x_monitor] INFO X search 'agent staking': found 20 tweets
2026-03-09 10:37:07 [agent_town.bd.x_monitor] INFO BD scan complete: 223 unique tweets across 12 queries
2026-03-09 11:19:34 [agent_town.bd.x_monitor] INFO X search 'agent council': found 20 tweets
2026-03-09 11:19:36 [agent_town.bd.x_monitor] INFO X search 'AI DAO': found 19 tweets
2026-03-09 11:19:37 [agent_town.bd.x_monitor] INFO X search 'agent governance': found 20 tweets
2026-03-09 11:19:42 [agent_town.bd.x_monitor] INFO X search 'trust agent': found 20 tweets
2026-03-09 11:19:54 [agent_town.bd.x_monitor] ERROR X search failed for 'ERC-8004': Expecting value: line 1 column 1 (char 0)
2026-03-09 11:19:55 [agent_town.bd.x_monitor] INFO X search 'autonomous treasury': found 20 tweets
2026-03-09 11:19:57 [agent_town.bd.x_monitor] INFO X search 'agent reputation': found 20 tweets
2026-03-09 11:19:58 [agent_town.bd.x_monitor] INFO X search 'agent verification': found 20 tweets
2026-03-09 11:20:00 [agent_town.bd.x_monitor] INFO X search 'agent-gated': found 20 tweets
2026-03-09 11:20:02 [agent_town.bd.x_monitor] INFO X search 'agent identity': found 18 tweets
2026-03-09 11:20:03 [agent_town.bd.x_monitor] INFO X search 'settler agent': found 19 tweets
2026-03-09 11:20:04 [agent_town.bd.x_monitor] INFO X search 'agent staking': found 20 tweets
2026-03-09 11:20:04 [agent_town.bd.x_monitor] INFO BD scan complete: 211 unique tweets across 12 queries
2026-03-09 11:26:23 [agent_town.bd.x_monitor] INFO X search 'agent council': found 18 tweets
2026-03-09 11:26:24 [agent_town.bd.x_monitor] INFO X search 'AI DAO': found 17 tweets
2026-03-09 11:26:27 [agent_town.bd.x_monitor] INFO X search 'agent governance': found 20 tweets
2026-03-09 11:26:29 [agent_town.bd.x_monitor] INFO X search 'trust agent': found 20 tweets
2026-03-09 11:26:30 [agent_town.bd.x_monitor] INFO X search 'ERC-8004': found 20 tweets
2026-03-09 11:26:32 [agent_town.bd.x_monitor] INFO X search 'autonomous treasury': found 20 tweets
2026-03-09 11:26:34 [agent_town.bd.x_monitor] INFO X search 'agent reputation': found 20 tweets
2026-03-09 11:26:35 [agent_town.bd.x_monitor] INFO X search 'agent verification': found 20 tweets
2026-03-09 11:26:36 [agent_town.bd.x_monitor] INFO X search 'agent-gated': found 20 tweets
2026-03-09 11:26:38 [agent_town.bd.x_monitor] INFO X search 'agent identity': found 17 tweets
2026-03-09 11:26:39 [agent_town.bd.x_monitor] INFO X search 'settler agent': found 17 tweets
2026-03-09 11:26:41 [agent_town.bd.x_monitor] INFO X search 'agent staking': found 20 tweets
2026-03-09 11:26:41 [agent_town.bd.x_monitor] INFO BD scan complete: 223 unique tweets across 12 queries
2026-03-09 11:54:17 [agent_town.bd.x_monitor] INFO X search 'agent council': found 17 tweets
2026-03-09 11:54:19 [agent_town.bd.x_monitor] INFO X search 'AI DAO': found 20 tweets
2026-03-09 11:54:21 [agent_town.bd.x_monitor] INFO X search 'agent governance': found 20 tweets
2026-03-09 11:54:22 [agent_town.bd.x_monitor] INFO X search 'trust agent': found 20 tweets
2026-03-09 11:54:24 [agent_town.bd.x_monitor] INFO X search 'ERC-8004': found 20 tweets
2026-03-09 11:54:25 [agent_town.bd.x_monitor] INFO X search 'autonomous treasury': found 20 tweets
2026-03-09 11:54:27 [agent_town.bd.x_monitor] INFO X search 'agent reputation': found 20 tweets
2026-03-09 11:54:29 [agent_town.bd.x_monitor] INFO X search 'agent verification': found 20 tweets
2026-03-09 11:54:30 [agent_town.bd.x_monitor] INFO X search 'agent-gated': found 20 tweets
2026-03-09 11:54:32 [agent_town.bd.x_monitor] INFO X search 'agent identity': found 17 tweets
2026-03-09 11:54:34 [agent_town.bd.x_monitor] INFO X search 'settler agent': found 17 tweets
2026-03-09 11:54:35 [agent_town.bd.x_monitor] INFO X search 'agent staking': found 20 tweets
2026-03-09 11:54:35 [agent_town.bd.x_monitor] INFO BD scan complete: 221 unique tweets across 12 queries
2026-03-09 12:36:19 [agent_town.bd.x_monitor] INFO X search 'agent council': found 17 tweets
2026-03-09 12:36:21 [agent_town.bd.x_monitor] INFO X search 'AI DAO': found 17 tweets
2026-03-09 12:36:22 [agent_town.bd.x_monitor] INFO X search 'agent governance': found 20 tweets
2026-03-09 12:36:24 [agent_town.bd.x_monitor] INFO X search 'trust agent': found 20 tweets
2026-03-09 12:36:25 [agent_town.bd.x_monitor] INFO X search 'ERC-8004': found 20 tweets
2026-03-09 12:36:27 [agent_town.bd.x_monitor] INFO X search 'autonomous treasury': found 20 tweets
2026-03-09 12:36:29 [agent_town.bd.x_monitor] INFO X search 'agent reputation': found 20 tweets
2026-03-09 12:36:30 [agent_town.bd.x_monitor] INFO X search 'agent verification': found 20 tweets
2026-03-09 12:36:31 [agent_town.bd.x_monitor] INFO X search 'agent-gated': found 20 tweets
2026-03-09 12:36:32 [agent_town.bd.x_monitor] INFO X search 'agent identity': found 17 tweets
2026-03-09 12:36:34 [agent_town.bd.x_monitor] INFO X search 'settler agent': found 17 tweets
2026-03-09 12:36:36 [agent_town.bd.x_monitor] INFO X search 'agent staking': found 20 tweets
2026-03-09 12:36:36 [agent_town.bd.x_monitor] INFO BD scan complete: 218 unique tweets across 12 queries
2026-03-09 12:53:58 [agent_town.bd.x_monitor] INFO X search 'agent council': found 17 tweets
2026-03-09 12:54:00 [agent_town.bd.x_monitor] INFO X search 'AI DAO': found 18 tweets
2026-03-09 12:54:02 [agent_town.bd.x_monitor] INFO X search 'agent governance': found 20 tweets
2026-03-09 12:54:03 [agent_town.bd.x_monitor] INFO X search 'trust agent': found 20 tweets
2026-03-09 12:54:05 [agent_town.bd.x_monitor] INFO X search 'ERC-8004': found 20 tweets
2026-03-09 12:54:06 [agent_town.bd.x_monitor] INFO X search 'autonomous treasury': found 20 tweets
2026-03-09 12:54:18 [agent_town.bd.x_monitor] INFO X search 'agent reputation': found 20 tweets
2026-03-09 12:54:19 [agent_town.bd.x_monitor] INFO X search 'agent verification': found 20 tweets
2026-03-09 12:54:21 [agent_town.bd.x_monitor] INFO X search 'agent-gated': found 20 tweets
2026-03-09 12:54:23 [agent_town.bd.x_monitor] INFO X search 'agent identity': found 17 tweets
2026-03-09 12:54:25 [agent_town.bd.x_monitor] INFO X search 'settler agent': found 17 tweets
2026-03-09 12:54:27 [agent_town.bd.x_monitor] INFO X search 'agent staking': found 20 tweets
2026-03-09 12:54:27 [agent_town.bd.x_monitor] INFO BD scan complete: 215 unique tweets across 12 queries
2026-03-09 12:57:15 [agent_town.bd.x_monitor] INFO X search 'agent council': found 17 tweets
2026-03-09 12:57:17 [agent_town.bd.x_monitor] INFO X search 'AI DAO': found 17 tweets
2026-03-09 12:57:19 [agent_town.bd.x_monitor] INFO X search 'agent governance': found 20 tweets
2026-03-09 12:57:21 [agent_town.bd.x_monitor] INFO X search 'trust agent': found 20 tweets
2026-03-09 12:57:40 [agent_town.bd.x_monitor] INFO X search 'ERC-8004': found 20 tweets
2026-03-09 12:57:41 [agent_town.bd.x_monitor] INFO X search 'autonomous treasury': found 20 tweets
2026-03-09 12:57:43 [agent_town.bd.x_monitor] INFO X search 'agent reputation': found 20 tweets
2026-03-09 12:57:45 [agent_town.bd.x_monitor] INFO X search 'agent verification': found 20 tweets
2026-03-09 12:57:46 [agent_town.bd.x_monitor] INFO X search 'agent-gated': found 20 tweets
2026-03-09 12:57:48 [agent_town.bd.x_monitor] INFO X search 'agent identity': found 17 tweets
2026-03-09 12:57:50 [agent_town.bd.x_monitor] INFO X search 'settler agent': found 17 tweets
2026-03-09 12:57:52 [agent_town.bd.x_monitor] INFO X search 'agent staking': found 20 tweets
2026-03-09 12:57:52 [agent_town.bd.x_monitor] INFO BD scan complete: 214 unique tweets across 12 queries
2026-03-09 13:03:59 [agent_town.bd.x_monitor] INFO X search 'agent council': found 17 tweets
2026-03-09 13:04:01 [agent_town.bd.x_monitor] INFO X search 'AI DAO': found 20 tweets
2026-03-09 13:04:03 [agent_town.bd.x_monitor] INFO X search 'agent governance': found 20 tweets
2026-03-09 13:04:04 [agent_town.bd.x_monitor] INFO X search 'trust agent': found 20 tweets
2026-03-09 13:04:07 [agent_town.bd.x_monitor] INFO X search 'ERC-8004': found 20 tweets
2026-03-09 13:04:08 [agent_town.bd.x_monitor] INFO X search 'autonomous treasury': found 20 tweets
2026-03-09 13:04:10 [agent_town.bd.x_monitor] INFO X search 'agent reputation': found 20 tweets
2026-03-09 13:04:12 [agent_town.bd.x_monitor] INFO X search 'agent verification': found 20 tweets
2026-03-09 13:04:13 [agent_town.bd.x_monitor] INFO X search 'agent-gated': found 20 tweets
2026-03-09 13:04:17 [agent_town.bd.x_monitor] INFO X search 'agent identity': found 19 tweets
2026-03-09 13:04:19 [agent_town.bd.x_monitor] INFO X search 'settler agent': found 17 tweets
2026-03-09 13:04:21 [agent_town.bd.x_monitor] INFO X search 'agent staking': found 20 tweets
2026-03-09 13:04:21 [agent_town.bd.x_monitor] INFO BD scan complete: 220 unique tweets across 12 queries
2026-03-09 13:20:06 [agent_town.bd.x_monitor] INFO X search 'agent council': found 20 tweets
2026-03-09 13:20:08 [agent_town.bd.x_monitor] INFO X search 'AI DAO': found 19 tweets
2026-03-09 13:20:11 [agent_town.bd.x_monitor] INFO X search 'agent governance': found 20 tweets
2026-03-09 13:20:12 [agent_town.bd.x_monitor] INFO X search 'trust agent': found 20 tweets
2026-03-09 13:20:14 [agent_town.bd.x_monitor] INFO X search 'ERC-8004': found 20 tweets
2026-03-09 13:20:16 [agent_town.bd.x_monitor] INFO X search 'autonomous treasury': found 20 tweets
2026-03-09 13:20:18 [agent_town.bd.x_monitor] INFO X search 'agent reputation': found 20 tweets
2026-03-09 13:20:19 [agent_town.bd.x_monitor] INFO X search 'agent verification': found 20 tweets
2026-03-09 13:20:20 [agent_town.bd.x_monitor] INFO X search 'agent-gated': found 20 tweets
2026-03-09 13:20:22 [agent_town.bd.x_monitor] INFO X search 'agent identity': found 17 tweets
2026-03-09 13:20:24 [agent_town.bd.x_monitor] INFO X search 'settler agent': found 17 tweets
2026-03-09 13:20:26 [agent_town.bd.x_monitor] INFO X search 'agent staking': found 20 tweets
2026-03-09 13:20:26 [agent_town.bd.x_monitor] INFO BD scan complete: 223 unique tweets across 12 queries
2026-03-09 13:20:36 [agent_town.bd.x_monitor] INFO X search 'agent council': found 17 tweets
2026-03-09 13:20:38 [agent_town.bd.x_monitor] INFO X search 'AI DAO': found 18 tweets
2026-03-09 13:20:40 [agent_town.bd.x_monitor] INFO X search 'agent governance': found 20 tweets
2026-03-09 13:20:41 [agent_town.bd.x_monitor] INFO X search 'trust agent': found 20 tweets
2026-03-09 13:20:43 [agent_town.bd.x_monitor] INFO X search 'ERC-8004': found 20 tweets
2026-03-09 13:20:45 [agent_town.bd.x_monitor] INFO X search 'autonomous treasury': found 20 tweets
2026-03-09 13:20:46 [agent_town.bd.x_monitor] INFO X search 'agent reputation': found 20 tweets
2026-03-09 13:20:48 [agent_town.bd.x_monitor] INFO X search 'agent verification': found 20 tweets
2026-03-09 13:20:49 [agent_town.bd.x_monitor] INFO X search 'agent-gated': found 20 tweets
2026-03-09 13:20:51 [agent_town.bd.x_monitor] INFO X search 'agent identity': found 19 tweets
2026-03-09 13:20:53 [agent_town.bd.x_monitor] INFO X search 'settler agent': found 17 tweets
2026-03-09 13:20:55 [agent_town.bd.x_monitor] INFO X search 'agent staking': found 20 tweets
2026-03-09 13:20:55 [agent_town.bd.x_monitor] INFO BD scan complete: 220 unique tweets across 12 queries
2026-03-09 14:10:16 [agent_town.bd.x_monitor] INFO X search 'agent council': found 17 tweets
2026-03-09 14:10:18 [agent_town.bd.x_monitor] INFO X search 'AI DAO': found 20 tweets
2026-03-09 14:10:20 [agent_town.bd.x_monitor] INFO X search 'agent governance': found 20 tweets
2026-03-09 14:10:22 [agent_town.bd.x_monitor] INFO X search 'trust agent': found 20 tweets
2026-03-09 14:10:23 [agent_town.bd.x_monitor] INFO X search 'ERC-8004': found 20 tweets
2026-03-09 14:10:25 [agent_town.bd.x_monitor] INFO X search 'autonomous treasury': found 20 tweets
2026-03-09 14:10:27 [agent_town.bd.x_monitor] INFO X search 'agent reputation': found 20 tweets
2026-03-09 14:10:28 [agent_town.bd.x_monitor] INFO X search 'agent verification': found 20 tweets
2026-03-09 14:10:29 [agent_town.bd.x_monitor] INFO X search 'agent-gated': found 20 tweets
2026-03-09 14:10:31 [agent_town.bd.x_monitor] INFO X search 'agent identity': found 17 tweets
2026-03-09 14:10:32 [agent_town.bd.x_monitor] INFO X search 'settler agent': found 17 tweets
2026-03-09 14:10:34 [agent_town.bd.x_monitor] INFO X search 'agent staking': found 20 tweets
2026-03-09 14:10:34 [agent_town.bd.x_monitor] INFO BD scan complete: 223 unique tweets across 12 queries
2026-03-09 14:30:59 [agent_town.bd.x_monitor] INFO X search 'agent council': found 17 tweets
2026-03-09 14:31:01 [agent_town.bd.x_monitor] INFO X search 'AI DAO': found 17 tweets
2026-03-09 14:31:03 [agent_town.bd.x_monitor] INFO X search 'agent governance': found 20 tweets
2026-03-09 14:31:05 [agent_town.bd.x_monitor] INFO X search 'trust agent': found 20 tweets
2026-03-09 14:31:10 [agent_town.bd.x_monitor] INFO X search 'ERC-8004': found 20 tweets
2026-03-09 14:31:12 [agent_town.bd.x_monitor] INFO X search 'autonomous treasury': found 20 tweets
2026-03-09 14:31:13 [agent_town.bd.x_monitor] INFO X search 'agent reputation': found 20 tweets
2026-03-09 14:31:15 [agent_town.bd.x_monitor] INFO X search 'agent verification': found 20 tweets
2026-03-09 14:31:17 [agent_town.bd.x_monitor] INFO X search 'agent-gated': found 20 tweets
2026-03-09 14:31:18 [agent_town.bd.x_monitor] INFO X search 'agent identity': found 18 tweets
2026-03-09 14:31:20 [agent_town.bd.x_monitor] INFO X search 'settler agent': found 17 tweets
2026-03-09 14:31:22 [agent_town.bd.x_monitor] INFO X search 'agent staking': found 20 tweets
2026-03-09 14:31:22 [agent_town.bd.x_monitor] INFO BD scan complete: 220 unique tweets across 12 queries
2026-03-09 15:08:19 [agent_town.bd.x_monitor] INFO X search 'agent council': found 17 tweets
2026-03-09 15:08:21 [agent_town.bd.x_monitor] INFO X search 'AI DAO': found 18 tweets
2026-03-09 15:08:23 [agent_town.bd.x_monitor] INFO X search 'agent governance': found 20 tweets
2026-03-09 15:08:24 [agent_town.bd.x_monitor] INFO X search 'trust agent': found 20 tweets
2026-03-09 15:08:26 [agent_town.bd.x_monitor] INFO X search 'ERC-8004': found 20 tweets
2026-03-09 15:08:28 [agent_town.bd.x_monitor] INFO X search 'autonomous treasury': found 20 tweets
2026-03-09 15:08:29 [agent_town.bd.x_monitor] INFO X search 'agent reputation': found 20 tweets
2026-03-09 15:08:31 [agent_town.bd.x_monitor] INFO X search 'agent verification': found 20 tweets
2026-03-09 15:08:32 [agent_town.bd.x_monitor] INFO X search 'agent-gated': found 20 tweets
2026-03-09 15:08:34 [agent_town.bd.x_monitor] INFO X search 'agent identity': found 20 tweets
2026-03-09 15:08:36 [agent_town.bd.x_monitor] INFO X search 'settler agent': found 17 tweets
2026-03-09 15:08:38 [agent_town.bd.x_monitor] INFO X search 'agent staking': found 20 tweets
2026-03-09 15:08:38 [agent_town.bd.x_monitor] INFO BD scan complete: 219 unique tweets across 12 queries
2026-03-09 15:20:27 [agent_town.bd.x_monitor] INFO X search 'agent council': found 17 tweets
2026-03-09 15:20:29 [agent_town.bd.x_monitor] INFO X search 'AI DAO': found 20 tweets
2026-03-09 15:20:30 [agent_town.bd.x_monitor] INFO X search 'agent governance': found 20 tweets
2026-03-09 15:20:32 [agent_town.bd.x_monitor] INFO X search 'trust agent': found 20 tweets
2026-03-09 15:20:34 [agent_town.bd.x_monitor] INFO X search 'ERC-8004': found 20 tweets
2026-03-09 15:20:35 [agent_town.bd.x_monitor] INFO X search 'autonomous treasury': found 20 tweets
2026-03-09 15:20:37 [agent_town.bd.x_monitor] INFO X search 'agent reputation': found 20 tweets
2026-03-09 15:20:38 [agent_town.bd.x_monitor] INFO X search 'agent verification': found 20 tweets
2026-03-09 15:20:40 [agent_town.bd.x_monitor] INFO X search 'agent-gated': found 20 tweets
2026-03-09 15:20:41 [agent_town.bd.x_monitor] INFO X search 'agent identity': found 17 tweets
2026-03-09 15:20:43 [agent_town.bd.x_monitor] INFO X search 'settler agent': found 19 tweets
2026-03-09 15:20:45 [agent_town.bd.x_monitor] INFO X search 'agent staking': found 20 tweets
2026-03-09 15:20:45 [agent_town.bd.x_monitor] INFO BD scan complete: 221 unique tweets across 12 queries
2026-03-09 15:39:40 [agent_town.bd.x_monitor] INFO X search 'agent council': found 18 tweets
2026-03-09 15:39:41 [agent_town.bd.x_monitor] INFO X search 'AI DAO': found 17 tweets
2026-03-09 15:39:43 [agent_town.bd.x_monitor] INFO X search 'agent governance': found 20 tweets
2026-03-09 15:39:45 [agent_town.bd.x_monitor] INFO X search 'trust agent': found 20 tweets
2026-03-09 15:39:46 [agent_town.bd.x_monitor] INFO X search 'ERC-8004': found 20 tweets
2026-03-09 15:39:48 [agent_town.bd.x_monitor] INFO X search 'autonomous treasury': found 20 tweets
2026-03-09 15:39:49 [agent_town.bd.x_monitor] INFO X search 'agent reputation': found 20 tweets
2026-03-09 15:39:51 [agent_town.bd.x_monitor] INFO X search 'agent verification': found 20 tweets
2026-03-09 15:39:52 [agent_town.bd.x_monitor] INFO X search 'agent-gated': found 20 tweets
2026-03-09 15:39:54 [agent_town.bd.x_monitor] INFO X search 'agent identity': found 17 tweets
2026-03-09 15:39:56 [agent_town.bd.x_monitor] INFO X search 'settler agent': found 17 tweets
2026-03-09 15:39:58 [agent_town.bd.x_monitor] INFO X search 'agent staking': found 20 tweets
2026-03-09 15:39:58 [agent_town.bd.x_monitor] INFO BD scan complete: 216 unique tweets across 12 queries
