2026-03-08 09:45:18 [agent_town.messaging] DEBUG worker -> scout: task_feedback
2026-03-08 09:45:18 [agent_town.messaging] DEBUG worker -> scout: task_feedback
2026-03-08 09:46:19 [agent_town.messaging] DEBUG worker -> scout: task_feedback
2026-03-08 09:46:19 [agent_town.messaging] DEBUG worker -> scout: task_feedback
2026-03-08 09:46:19 [agent_town.messaging] DEBUG worker -> scout: task_feedback
2026-03-08 09:47:19 [agent_town.messaging] DEBUG worker -> scout: task_feedback
2026-03-08 09:47:20 [agent_town.messaging] DEBUG worker -> scout: task_feedback
2026-03-08 09:47:20 [agent_town.messaging] DEBUG worker -> scout: task_feedback
2026-03-08 09:49:19 [agent_town.messaging] DEBUG worker -> scout: task_feedback
2026-03-08 09:49:21 [agent_town.messaging] DEBUG worker -> scout: task_feedback
2026-03-08 09:49:21 [agent_town.messaging] DEBUG worker -> scout: task_feedback
2026-03-08 09:50:21 [agent_town.messaging] DEBUG worker -> scout: task_feedback
2026-03-08 09:50:21 [agent_town.messaging] DEBUG worker -> scout: task_feedback
2026-03-08 09:51:22 [agent_town.messaging] DEBUG worker -> scout: task_feedback
2026-03-08 09:52:22 [agent_town.messaging] DEBUG worker -> scout: task_feedback
2026-03-08 09:52:22 [agent_town.messaging] DEBUG worker -> scout: task_feedback
2026-03-08 09:52:24 [agent_town.messaging] DEBUG scout -> worker: new_opportunities
2026-03-08 09:52:24 [agent_town.messaging] INFO scout has 16 unread messages
2026-03-08 09:52:25 [agent_town.messaging] DEBUG scout acknowledged 16 messages
2026-03-08 09:52:46 [agent_town.messaging] INFO worker has 1 unread messages
2026-03-08 09:52:46 [agent_town.messaging] DEBUG worker acknowledged 1 messages
2026-03-08 11:55:54 [agent_town.messaging] DEBUG worker -> scout: task_feedback
2026-03-08 11:57:06 [agent_town.messaging] DEBUG worker -> scout: task_feedback
2026-03-08 11:58:07 [agent_town.messaging] DEBUG worker -> scout: task_feedback
2026-03-08 11:58:07 [agent_town.messaging] DEBUG worker -> scout: task_feedback
2026-03-08 11:58:07 [agent_town.messaging] DEBUG worker -> scout: task_feedback
2026-03-08 11:59:08 [agent_town.messaging] DEBUG worker -> scout: task_feedback
2026-03-08 11:59:08 [agent_town.messaging] DEBUG worker -> scout: task_feedback
2026-03-08 12:00:54 [agent_town.messaging] DEBUG worker -> scout: task_feedback
2026-03-08 12:01:08 [agent_town.messaging] DEBUG worker -> scout: task_feedback
2026-03-08 12:01:09 [agent_town.messaging] DEBUG worker -> scout: task_feedback
2026-03-08 12:02:09 [agent_town.messaging] DEBUG worker -> scout: task_feedback
2026-03-08 12:02:09 [agent_town.messaging] DEBUG worker -> scout: task_feedback
2026-03-08 12:03:10 [agent_town.messaging] DEBUG worker -> scout: task_feedback
2026-03-08 12:03:10 [agent_town.messaging] DEBUG worker -> scout: task_feedback
2026-03-08 12:03:10 [agent_town.messaging] DEBUG worker -> scout: task_feedback
2026-03-08 12:04:11 [agent_town.messaging] DEBUG worker -> scout: task_feedback
2026-03-08 12:04:11 [agent_town.messaging] DEBUG worker -> scout: task_feedback
2026-03-08 12:04:12 [agent_town.messaging] DEBUG scout -> worker: new_opportunities
2026-03-08 12:04:12 [agent_town.messaging] INFO scout has 17 unread messages
2026-03-08 12:04:13 [agent_town.messaging] DEBUG scout acknowledged 17 messages
2026-03-08 12:04:16 [agent_town.messaging] INFO worker has 1 unread messages
2026-03-08 12:04:16 [agent_town.messaging] DEBUG worker acknowledged 1 messages
2026-03-08 14:04:52 [agent_town.messaging] DEBUG worker -> scout: task_feedback
2026-03-08 14:04:53 [agent_town.messaging] DEBUG worker -> scout: task_feedback
2026-03-08 14:05:53 [agent_town.messaging] DEBUG worker -> scout: task_feedback
2026-03-08 14:06:20 [agent_town.messaging] DEBUG worker -> scout: task_feedback
2026-03-08 14:07:54 [agent_town.messaging] DEBUG worker -> scout: task_feedback
2026-03-08 14:07:54 [agent_town.messaging] DEBUG worker -> scout: task_feedback
2026-03-08 14:08:53 [agent_town.messaging] DEBUG worker -> scout: task_feedback
2026-03-08 14:08:55 [agent_town.messaging] DEBUG worker -> scout: task_feedback
2026-03-08 14:08:55 [agent_town.messaging] DEBUG worker -> scout: task_feedback
2026-03-08 14:08:55 [agent_town.messaging] DEBUG worker -> scout: task_feedback
2026-03-08 14:09:55 [agent_town.messaging] DEBUG worker -> scout: task_feedback
2026-03-08 14:10:56 [agent_town.messaging] DEBUG worker -> scout: task_feedback
2026-03-08 14:10:56 [agent_town.messaging] DEBUG worker -> scout: task_feedback
2026-03-08 14:10:56 [agent_town.messaging] DEBUG worker -> scout: task_feedback
2026-03-08 14:11:53 [agent_town.messaging] DEBUG worker -> scout: task_feedback
2026-03-08 14:11:57 [agent_town.messaging] DEBUG worker -> scout: task_feedback
2026-03-08 14:12:57 [agent_town.messaging] DEBUG worker -> scout: task_feedback
2026-03-08 14:12:57 [agent_town.messaging] DEBUG worker -> scout: task_feedback
2026-03-08 14:13:58 [agent_town.messaging] DEBUG worker -> scout: task_feedback
2026-03-08 14:13:58 [agent_town.messaging] DEBUG worker -> scout: task_feedback
2026-03-08 14:13:58 [agent_town.messaging] DEBUG worker -> scout: task_feedback
2026-03-08 14:14:13 [agent_town.messaging] DEBUG worker -> scout: task_feedback
2026-03-08 14:14:58 [agent_town.messaging] DEBUG worker -> scout: task_feedback
2026-03-08 14:14:59 [agent_town.messaging] DEBUG worker -> scout: task_feedback
2026-03-08 14:14:59 [agent_town.messaging] DEBUG worker -> scout: task_feedback
2026-03-08 14:16:20 [agent_town.messaging] DEBUG scout -> worker: new_opportunities
2026-03-08 14:16:20 [agent_town.messaging] INFO scout has 25 unread messages
2026-03-08 14:16:22 [agent_town.messaging] DEBUG scout acknowledged 25 messages
2026-03-08 14:16:27 [agent_town.messaging] DEBUG worker -> scout: task_feedback
2026-03-08 14:16:59 [agent_town.messaging] INFO worker has 1 unread messages
2026-03-08 14:16:59 [agent_town.messaging] DEBUG worker acknowledged 1 messages
2026-03-08 14:17:00 [agent_town.messaging] DEBUG worker -> scout: task_feedback
2026-03-08 15:16:17 [agent_town.messaging] INFO scout has 2 unread messages
2026-03-08 15:16:17 [agent_town.messaging] DEBUG scout acknowledged 2 messages
2026-03-08 16:17:40 [agent_town.messaging] DEBUG worker -> scout: task_feedback
2026-03-08 16:17:40 [agent_town.messaging] DEBUG worker -> scout: task_feedback
2026-03-08 16:19:41 [agent_town.messaging] DEBUG worker -> scout: task_feedback
2026-03-08 16:19:41 [agent_town.messaging] DEBUG worker -> scout: task_feedback
2026-03-08 16:19:41 [agent_town.messaging] DEBUG worker -> scout: task_feedback
2026-03-08 16:20:42 [agent_town.messaging] DEBUG worker -> scout: task_feedback
2026-03-08 16:20:42 [agent_town.messaging] DEBUG worker -> scout: task_feedback
2026-03-08 16:21:43 [agent_town.messaging] DEBUG worker -> scout: task_feedback
2026-03-08 16:22:43 [agent_town.messaging] DEBUG worker -> scout: task_feedback
2026-03-08 16:22:43 [agent_town.messaging] DEBUG worker -> scout: task_feedback
2026-03-08 16:23:25 [agent_town.messaging] DEBUG worker -> scout: task_feedback
2026-03-08 16:23:44 [agent_town.messaging] DEBUG worker -> scout: task_feedback
2026-03-08 16:23:44 [agent_town.messaging] DEBUG worker -> scout: task_feedback
2026-03-08 16:24:44 [agent_town.messaging] DEBUG worker -> scout: task_feedback
2026-03-08 16:24:44 [agent_town.messaging] DEBUG worker -> scout: task_feedback
2026-03-08 16:25:45 [agent_town.messaging] DEBUG worker -> scout: task_feedback
2026-03-08 16:25:45 [agent_town.messaging] DEBUG worker -> scout: task_feedback
2026-03-08 16:25:45 [agent_town.messaging] DEBUG worker -> scout: task_feedback
2026-03-08 16:27:46 [agent_town.messaging] DEBUG worker -> scout: task_feedback
2026-03-08 16:27:46 [agent_town.messaging] DEBUG worker -> scout: task_feedback
2026-03-08 16:28:19 [agent_town.messaging] DEBUG scout -> worker: new_opportunities
2026-03-08 16:28:19 [agent_town.messaging] INFO scout has 20 unread messages
2026-03-08 16:28:20 [agent_town.messaging] DEBUG scout acknowledged 20 messages
2026-03-08 16:28:47 [agent_town.messaging] INFO worker has 1 unread messages
2026-03-08 16:28:47 [agent_town.messaging] DEBUG worker acknowledged 1 messages
2026-03-08 18:29:31 [agent_town.messaging] DEBUG worker -> scout: task_feedback
2026-03-08 18:30:30 [agent_town.messaging] DEBUG worker -> scout: task_feedback
2026-03-08 18:30:30 [agent_town.messaging] DEBUG worker -> scout: task_feedback
2026-03-08 18:30:30 [agent_town.messaging] DEBUG worker -> scout: task_feedback
2026-03-08 18:31:31 [agent_town.messaging] DEBUG worker -> scout: task_feedback
2026-03-08 18:31:31 [agent_town.messaging] DEBUG worker -> scout: task_feedback
2026-03-08 18:32:31 [agent_town.messaging] DEBUG worker -> scout: task_feedback
2026-03-08 18:32:32 [agent_town.messaging] DEBUG worker -> scout: task_feedback
2026-03-08 18:32:32 [agent_town.messaging] DEBUG worker -> scout: task_feedback
2026-03-08 18:33:02 [agent_town.messaging] DEBUG worker -> scout: task_feedback
2026-03-08 18:33:08 [agent_town.messaging] DEBUG worker -> scout: task_feedback
2026-03-08 18:33:32 [agent_town.messaging] DEBUG worker -> scout: task_feedback
2026-03-08 18:33:32 [agent_town.messaging] DEBUG worker -> scout: task_feedback
2026-03-08 18:33:33 [agent_town.messaging] DEBUG worker -> scout: task_feedback
2026-03-08 18:34:33 [agent_town.messaging] DEBUG worker -> scout: task_feedback
2026-03-08 18:34:33 [agent_town.messaging] DEBUG worker -> scout: task_feedback
2026-03-08 18:35:34 [agent_town.messaging] DEBUG worker -> scout: task_feedback
2026-03-08 18:35:34 [agent_town.messaging] DEBUG worker -> scout: task_feedback
2026-03-08 18:36:35 [agent_town.messaging] DEBUG worker -> scout: task_feedback
2026-03-08 18:36:35 [agent_town.messaging] DEBUG worker -> scout: task_feedback
2026-03-08 18:37:08 [agent_town.messaging] DEBUG worker -> scout: task_feedback
2026-03-08 18:37:35 [agent_town.messaging] DEBUG worker -> scout: task_feedback
2026-03-08 18:37:36 [agent_town.messaging] DEBUG worker -> scout: task_feedback
2026-03-08 18:37:36 [agent_town.messaging] DEBUG worker -> scout: task_feedback
2026-03-08 18:38:36 [agent_town.messaging] DEBUG worker -> scout: task_feedback
2026-03-08 18:38:36 [agent_town.messaging] DEBUG worker -> scout: task_feedback
2026-03-08 18:38:46 [agent_town.messaging] DEBUG worker -> scout: task_feedback
2026-03-08 18:39:37 [agent_town.messaging] DEBUG worker -> scout: task_feedback
2026-03-08 18:39:37 [agent_town.messaging] DEBUG worker -> scout: task_feedback
2026-03-08 18:40:23 [agent_town.messaging] DEBUG scout -> worker: new_opportunities
2026-03-08 18:40:23 [agent_town.messaging] INFO scout has 29 unread messages
2026-03-08 18:40:26 [agent_town.messaging] DEBUG scout acknowledged 29 messages
2026-03-08 18:40:37 [agent_town.messaging] INFO worker has 1 unread messages
2026-03-08 18:40:37 [agent_town.messaging] DEBUG worker acknowledged 1 messages
2026-03-08 20:41:15 [agent_town.messaging] DEBUG worker -> scout: task_feedback
2026-03-08 20:41:15 [agent_town.messaging] DEBUG worker -> scout: task_feedback
2026-03-08 20:41:15 [agent_town.messaging] DEBUG worker -> scout: task_feedback
2026-03-08 20:42:16 [agent_town.messaging] DEBUG worker -> scout: task_feedback
2026-03-08 20:43:16 [agent_town.messaging] DEBUG worker -> scout: task_feedback
2026-03-08 20:44:16 [agent_town.messaging] DEBUG worker -> scout: task_feedback
2026-03-08 20:44:17 [agent_town.messaging] DEBUG worker -> scout: task_feedback
2026-03-08 20:44:17 [agent_town.messaging] DEBUG worker -> scout: task_feedback
2026-03-08 20:45:17 [agent_town.messaging] DEBUG worker -> scout: task_feedback
2026-03-08 20:45:17 [agent_town.messaging] DEBUG worker -> scout: task_feedback
2026-03-08 20:46:15 [agent_town.messaging] DEBUG worker -> scout: task_feedback
2026-03-08 20:46:18 [agent_town.messaging] DEBUG worker -> scout: task_feedback
2026-03-08 20:46:18 [agent_town.messaging] DEBUG worker -> scout: task_feedback
2026-03-08 20:47:18 [agent_town.messaging] DEBUG worker -> scout: task_feedback
2026-03-08 20:47:19 [agent_town.messaging] DEBUG worker -> scout: task_feedback
2026-03-08 20:48:19 [agent_town.messaging] DEBUG worker -> scout: task_feedback
2026-03-08 20:48:20 [agent_town.messaging] DEBUG worker -> scout: task_feedback
2026-03-08 20:49:20 [agent_town.messaging] DEBUG worker -> scout: task_feedback
2026-03-08 20:49:20 [agent_town.messaging] DEBUG worker -> scout: task_feedback
2026-03-08 20:50:20 [agent_town.messaging] DEBUG worker -> scout: task_feedback
2026-03-08 20:50:20 [agent_town.messaging] DEBUG worker -> scout: task_feedback
2026-03-08 20:50:20 [agent_town.messaging] DEBUG worker -> scout: task_feedback
2026-03-08 20:51:13 [agent_town.messaging] DEBUG worker -> scout: task_feedback
2026-03-08 20:51:21 [agent_town.messaging] DEBUG worker -> scout: task_feedback
2026-03-08 20:51:21 [agent_town.messaging] DEBUG worker -> scout: task_feedback
2026-03-08 20:52:21 [agent_town.messaging] DEBUG worker -> scout: task_feedback
2026-03-08 20:52:22 [agent_town.messaging] DEBUG worker -> scout: task_feedback
2026-03-08 20:52:36 [agent_town.messaging] DEBUG scout -> worker: new_opportunities
2026-03-08 20:52:36 [agent_town.messaging] INFO scout has 27 unread messages
2026-03-08 20:52:38 [agent_town.messaging] DEBUG scout acknowledged 27 messages
2026-03-08 20:53:22 [agent_town.messaging] INFO worker has 1 unread messages
2026-03-08 20:53:22 [agent_town.messaging] DEBUG worker acknowledged 1 messages
2026-03-08 22:54:12 [agent_town.messaging] DEBUG worker -> scout: task_feedback
2026-03-08 22:54:12 [agent_town.messaging] DEBUG worker -> scout: task_feedback
2026-03-08 22:54:13 [agent_town.messaging] DEBUG worker -> scout: task_feedback
2026-03-08 22:55:13 [agent_town.messaging] DEBUG worker -> scout: task_feedback
2026-03-08 22:55:42 [agent_town.messaging] DEBUG worker -> scout: task_feedback
2026-03-08 22:56:14 [agent_town.messaging] DEBUG worker -> scout: task_feedback
2026-03-08 22:56:14 [agent_town.messaging] DEBUG worker -> scout: task_feedback
2026-03-08 22:56:14 [agent_town.messaging] DEBUG worker -> scout: task_feedback
2026-03-08 22:57:14 [agent_town.messaging] DEBUG worker -> scout: task_feedback
2026-03-08 22:57:14 [agent_town.messaging] DEBUG worker -> scout: task_feedback
2026-03-08 22:58:15 [agent_town.messaging] DEBUG worker -> scout: task_feedback
2026-03-08 22:58:15 [agent_town.messaging] DEBUG worker -> scout: task_feedback
2026-03-08 22:59:15 [agent_town.messaging] DEBUG worker -> scout: task_feedback
2026-03-08 22:59:16 [agent_town.messaging] DEBUG worker -> scout: task_feedback
2026-03-08 23:00:16 [agent_town.messaging] DEBUG worker -> scout: task_feedback
2026-03-08 23:01:17 [agent_town.messaging] DEBUG worker -> scout: task_feedback
2026-03-08 23:01:17 [agent_town.messaging] DEBUG worker -> scout: task_feedback
2026-03-08 23:02:17 [agent_town.messaging] DEBUG worker -> scout: task_feedback
2026-03-08 23:02:17 [agent_town.messaging] DEBUG worker -> scout: task_feedback
2026-03-08 23:02:18 [agent_town.messaging] DEBUG worker -> scout: task_feedback
2026-03-08 23:03:18 [agent_town.messaging] DEBUG worker -> scout: task_feedback
2026-03-08 23:04:19 [agent_town.messaging] DEBUG worker -> scout: task_feedback
2026-03-08 23:04:33 [agent_town.messaging] DEBUG scout -> worker: new_opportunities
2026-03-08 23:04:33 [agent_town.messaging] INFO scout has 22 unread messages
2026-03-08 23:04:34 [agent_town.messaging] DEBUG scout acknowledged 22 messages
2026-03-08 23:05:19 [agent_town.messaging] INFO worker has 1 unread messages
2026-03-08 23:05:19 [agent_town.messaging] DEBUG worker acknowledged 1 messages
2026-03-09 00:37:01 [agent_town.messaging] DEBUG worker -> scout: task_feedback
2026-03-09 00:37:01 [agent_town.messaging] DEBUG worker -> scout: task_feedback
2026-03-09 00:37:13 [agent_town.messaging] DEBUG worker -> scout: task_feedback
2026-03-09 00:37:30 [agent_town.messaging] DEBUG worker -> scout: task_feedback
2026-03-09 00:38:02 [agent_town.messaging] DEBUG worker -> scout: task_feedback
2026-03-09 00:38:02 [agent_town.messaging] DEBUG worker -> scout: task_feedback
2026-03-09 00:39:02 [agent_town.messaging] DEBUG worker -> scout: task_feedback
2026-03-09 00:40:03 [agent_town.messaging] DEBUG worker -> scout: task_feedback
2026-03-09 00:40:03 [agent_town.messaging] DEBUG worker -> scout: task_feedback
2026-03-09 00:40:04 [agent_town.messaging] DEBUG worker -> scout: task_feedback
2026-03-09 00:41:04 [agent_town.messaging] DEBUG worker -> scout: task_feedback
2026-03-09 00:41:04 [agent_town.messaging] DEBUG worker -> scout: task_feedback
2026-03-09 00:42:05 [agent_town.messaging] DEBUG worker -> scout: task_feedback
2026-03-09 00:42:05 [agent_town.messaging] DEBUG worker -> scout: task_feedback
2026-03-09 00:42:05 [agent_town.messaging] DEBUG worker -> scout: task_feedback
2026-03-09 00:43:05 [agent_town.messaging] DEBUG worker -> scout: task_feedback
2026-03-09 00:43:05 [agent_town.messaging] DEBUG worker -> scout: task_feedback
2026-03-09 00:43:28 [agent_town.messaging] DEBUG worker -> scout: task_feedback
2026-03-09 00:44:06 [agent_town.messaging] DEBUG worker -> scout: task_feedback
2026-03-09 00:44:19 [agent_town.messaging] DEBUG worker -> scout: task_feedback
2026-03-09 00:45:06 [agent_town.messaging] DEBUG worker -> scout: task_feedback
2026-03-09 00:45:07 [agent_town.messaging] DEBUG worker -> scout: task_feedback
2026-03-09 00:45:07 [agent_town.messaging] DEBUG worker -> scout: task_feedback
2026-03-09 00:46:07 [agent_town.messaging] DEBUG worker -> scout: task_feedback
2026-03-09 00:47:07 [agent_town.messaging] DEBUG worker -> scout: task_feedback
2026-03-09 00:48:41 [agent_town.messaging] DEBUG scout -> worker: new_opportunities
2026-03-09 00:48:41 [agent_town.messaging] INFO scout has 25 unread messages
2026-03-09 00:48:42 [agent_town.messaging] INFO worker has 1 unread messages
2026-03-09 00:48:42 [agent_town.messaging] DEBUG worker acknowledged 1 messages
2026-03-09 00:48:42 [agent_town.messaging] DEBUG scout acknowledged 25 messages
2026-03-09 00:49:08 [agent_town.messaging] DEBUG worker -> scout: task_feedback
2026-03-09 00:49:08 [agent_town.messaging] DEBUG worker -> scout: task_feedback
2026-03-09 00:49:08 [agent_town.messaging] DEBUG worker -> scout: task_feedback
2026-03-09 00:49:49 [agent_town.messaging] DEBUG worker -> scout: task_feedback
2026-03-09 00:50:47 [agent_town.messaging] DEBUG worker -> scout: task_feedback
2026-03-09 01:06:16 [agent_town.messaging] DEBUG worker -> scout: task_feedback
2026-03-09 01:07:17 [agent_town.messaging] DEBUG worker -> scout: task_feedback
2026-03-09 01:07:17 [agent_town.messaging] DEBUG worker -> scout: task_feedback
2026-03-09 01:08:17 [agent_town.messaging] DEBUG worker -> scout: task_feedback
2026-03-09 01:08:17 [agent_town.messaging] DEBUG worker -> scout: task_feedback
2026-03-09 01:09:18 [agent_town.messaging] DEBUG worker -> scout: task_feedback
2026-03-09 01:09:18 [agent_town.messaging] DEBUG worker -> scout: task_feedback
2026-03-09 01:10:18 [agent_town.messaging] DEBUG worker -> scout: task_feedback
2026-03-09 01:10:18 [agent_town.messaging] DEBUG worker -> scout: task_feedback
2026-03-09 01:11:19 [agent_town.messaging] DEBUG worker -> scout: task_feedback
2026-03-09 01:11:19 [agent_town.messaging] DEBUG worker -> scout: task_feedback
2026-03-09 01:11:19 [agent_town.messaging] DEBUG worker -> scout: task_feedback
2026-03-09 01:12:20 [agent_town.messaging] DEBUG worker -> scout: task_feedback
2026-03-09 01:12:20 [agent_town.messaging] DEBUG worker -> scout: task_feedback
2026-03-09 01:12:20 [agent_town.messaging] DEBUG worker -> scout: task_feedback
2026-03-09 01:13:20 [agent_town.messaging] DEBUG worker -> scout: task_feedback
2026-03-09 01:13:32 [agent_town.messaging] DEBUG worker -> scout: task_feedback
2026-03-09 01:14:21 [agent_town.messaging] DEBUG worker -> scout: task_feedback
2026-03-09 01:14:21 [agent_town.messaging] DEBUG worker -> scout: task_feedback
2026-03-09 01:16:21 [agent_town.messaging] DEBUG worker -> scout: task_feedback
2026-03-09 01:16:21 [agent_town.messaging] DEBUG worker -> scout: task_feedback
2026-03-09 01:16:51 [agent_town.messaging] DEBUG scout -> worker: new_opportunities
2026-03-09 01:16:51 [agent_town.messaging] INFO scout has 26 unread messages
2026-03-09 01:16:53 [agent_town.messaging] DEBUG scout acknowledged 26 messages
2026-03-09 01:17:22 [agent_town.messaging] INFO worker has 1 unread messages
2026-03-09 01:17:22 [agent_town.messaging] DEBUG worker acknowledged 1 messages
2026-03-09 02:50:51 [agent_town.messaging] DEBUG worker -> scout: task_feedback
2026-03-09 02:51:51 [agent_town.messaging] DEBUG worker -> scout: task_feedback
2026-03-09 02:52:51 [agent_town.messaging] DEBUG worker -> scout: task_feedback
2026-03-09 02:52:52 [agent_town.messaging] DEBUG worker -> scout: task_feedback
2026-03-09 02:53:41 [agent_town.messaging] DEBUG worker -> scout: task_feedback
2026-03-09 02:54:52 [agent_town.messaging] DEBUG worker -> scout: task_feedback
2026-03-09 02:54:52 [agent_town.messaging] DEBUG worker -> scout: task_feedback
2026-03-09 02:54:52 [agent_town.messaging] DEBUG worker -> scout: task_feedback
2026-03-09 02:55:53 [agent_town.messaging] DEBUG worker -> scout: task_feedback
2026-03-09 02:55:53 [agent_town.messaging] DEBUG worker -> scout: task_feedback
2026-03-09 02:56:53 [agent_town.messaging] DEBUG worker -> scout: task_feedback
2026-03-09 02:56:53 [agent_town.messaging] DEBUG worker -> scout: task_feedback
2026-03-09 02:57:54 [agent_town.messaging] DEBUG worker -> scout: task_feedback
2026-03-09 02:58:54 [agent_town.messaging] DEBUG worker -> scout: task_feedback
2026-03-09 02:58:54 [agent_town.messaging] DEBUG worker -> scout: task_feedback
2026-03-09 02:58:55 [agent_town.messaging] DEBUG worker -> scout: task_feedback
2026-03-09 03:00:53 [agent_town.messaging] DEBUG worker -> scout: task_feedback
2026-03-09 03:01:45 [agent_town.messaging] DEBUG scout -> worker: new_opportunities
2026-03-09 03:01:45 [agent_town.messaging] INFO scout has 17 unread messages
2026-03-09 03:01:46 [agent_town.messaging] DEBUG scout acknowledged 17 messages
2026-03-09 03:01:53 [agent_town.messaging] INFO worker has 1 unread messages
2026-03-09 03:01:53 [agent_town.messaging] DEBUG worker acknowledged 1 messages
2026-03-09 03:01:56 [agent_town.messaging] DEBUG worker -> scout: task_feedback
2026-03-09 03:01:56 [agent_town.messaging] DEBUG worker -> scout: task_feedback
2026-03-09 03:01:56 [agent_town.messaging] DEBUG worker -> scout: task_feedback
2026-03-09 03:02:56 [agent_town.messaging] DEBUG worker -> scout: task_feedback
2026-03-09 03:03:23 [agent_town.messaging] DEBUG worker -> scout: task_feedback
2026-03-09 03:03:38 [agent_town.messaging] DEBUG worker -> scout: task_feedback
2026-03-09 03:18:05 [agent_town.messaging] INFO scout has 6 unread messages
2026-03-09 03:18:06 [agent_town.messaging] DEBUG scout acknowledged 6 messages
2026-03-09 03:19:00 [agent_town.messaging] DEBUG worker -> scout: task_feedback
2026-03-09 03:19:00 [agent_town.messaging] DEBUG worker -> scout: task_feedback
2026-03-09 03:19:02 [agent_town.messaging] DEBUG worker -> scout: task_feedback
2026-03-09 03:20:01 [agent_town.messaging] DEBUG worker -> scout: task_feedback
2026-03-09 03:21:01 [agent_town.messaging] DEBUG worker -> scout: task_feedback
2026-03-09 03:22:02 [agent_town.messaging] DEBUG worker -> scout: task_feedback
2026-03-09 03:23:02 [agent_town.messaging] DEBUG worker -> scout: task_feedback
2026-03-09 03:23:02 [agent_town.messaging] DEBUG worker -> scout: task_feedback
2026-03-09 03:23:30 [agent_town.messaging] DEBUG worker -> scout: task_feedback
2026-03-09 03:24:02 [agent_town.messaging] DEBUG worker -> scout: task_feedback
2026-03-09 03:24:03 [agent_town.messaging] DEBUG worker -> scout: task_feedback
2026-03-09 03:25:03 [agent_town.messaging] DEBUG worker -> scout: task_feedback
2026-03-09 03:25:17 [agent_town.messaging] DEBUG worker -> scout: task_feedback
2026-03-09 03:26:03 [agent_town.messaging] DEBUG worker -> scout: task_feedback
2026-03-09 03:26:03 [agent_town.messaging] DEBUG worker -> scout: task_feedback
2026-03-09 03:27:04 [agent_town.messaging] DEBUG worker -> scout: task_feedback
2026-03-09 03:27:04 [agent_town.messaging] DEBUG worker -> scout: task_feedback
2026-03-09 03:28:04 [agent_town.messaging] DEBUG worker -> scout: task_feedback
2026-03-09 03:28:39 [agent_town.messaging] DEBUG scout -> worker: new_opportunities
2026-03-09 03:28:39 [agent_town.messaging] INFO scout has 18 unread messages
2026-03-09 03:28:40 [agent_town.messaging] DEBUG scout acknowledged 18 messages
2026-03-09 03:28:40 [agent_town.messaging] DEBUG worker -> scout: task_feedback
2026-03-09 03:29:05 [agent_town.messaging] INFO worker has 1 unread messages
2026-03-09 03:29:05 [agent_town.messaging] DEBUG worker acknowledged 1 messages
2026-03-09 05:03:31 [agent_town.messaging] DEBUG worker -> scout: task_feedback
2026-03-09 05:05:32 [agent_town.messaging] DEBUG worker -> scout: task_feedback
2026-03-09 05:06:32 [agent_town.messaging] DEBUG worker -> scout: task_feedback
2026-03-09 05:06:32 [agent_town.messaging] DEBUG worker -> scout: task_feedback
2026-03-09 05:06:32 [agent_town.messaging] DEBUG worker -> scout: task_feedback
2026-03-09 05:07:33 [agent_town.messaging] DEBUG worker -> scout: task_feedback
2026-03-09 05:07:33 [agent_town.messaging] DEBUG worker -> scout: task_feedback
2026-03-09 05:08:33 [agent_town.messaging] DEBUG worker -> scout: task_feedback
2026-03-09 05:08:34 [agent_town.messaging] DEBUG worker -> scout: task_feedback
2026-03-09 05:10:34 [agent_town.messaging] DEBUG worker -> scout: task_feedback
2026-03-09 05:10:34 [agent_town.messaging] DEBUG worker -> scout: task_feedback
2026-03-09 05:11:35 [agent_town.messaging] DEBUG worker -> scout: task_feedback
2026-03-09 05:11:35 [agent_town.messaging] DEBUG worker -> scout: task_feedback
2026-03-09 05:11:35 [agent_town.messaging] DEBUG worker -> scout: task_feedback
2026-03-09 05:12:36 [agent_town.messaging] DEBUG worker -> scout: task_feedback
2026-03-09 05:12:39 [agent_town.messaging] DEBUG worker -> scout: task_feedback
2026-03-09 05:12:51 [agent_town.messaging] DEBUG worker -> scout: task_feedback
2026-03-09 05:13:36 [agent_town.messaging] DEBUG worker -> scout: task_feedback
2026-03-09 05:13:36 [agent_town.messaging] DEBUG worker -> scout: task_feedback
2026-03-09 05:14:47 [agent_town.messaging] DEBUG scout -> worker: new_opportunities
2026-03-09 05:14:47 [agent_town.messaging] INFO scout has 20 unread messages
2026-03-09 05:14:48 [agent_town.messaging] DEBUG scout acknowledged 20 messages
2026-03-09 05:14:52 [agent_town.messaging] INFO worker has 1 unread messages
2026-03-09 05:14:52 [agent_town.messaging] DEBUG worker acknowledged 1 messages
2026-03-09 05:15:37 [agent_town.messaging] DEBUG worker -> scout: task_feedback
2026-03-09 05:15:58 [agent_town.messaging] DEBUG worker -> scout: task_feedback
2026-03-09 05:16:55 [agent_town.messaging] DEBUG worker -> scout: task_feedback
2026-03-09 05:18:20 [agent_town.messaging] INFO scout has 3 unread messages
2026-03-09 05:18:21 [agent_town.messaging] DEBUG scout acknowledged 3 messages
2026-03-09 05:30:41 [agent_town.messaging] DEBUG worker -> scout: task_feedback
2026-03-09 05:30:41 [agent_town.messaging] DEBUG worker -> scout: task_feedback
2026-03-09 05:30:41 [agent_town.messaging] DEBUG worker -> scout: task_feedback
2026-03-09 05:32:42 [agent_town.messaging] DEBUG worker -> scout: task_feedback
2026-03-09 05:32:42 [agent_town.messaging] DEBUG worker -> scout: task_feedback
2026-03-09 05:33:42 [agent_town.messaging] DEBUG worker -> scout: task_feedback
2026-03-09 05:33:42 [agent_town.messaging] DEBUG worker -> scout: task_feedback
2026-03-09 05:33:48 [agent_town.messaging] DEBUG worker -> scout: task_feedback
2026-03-09 05:34:43 [agent_town.messaging] DEBUG worker -> scout: task_feedback
2026-03-09 05:34:43 [agent_town.messaging] DEBUG worker -> scout: task_feedback
2026-03-09 05:35:43 [agent_town.messaging] DEBUG worker -> scout: task_feedback
2026-03-09 05:36:18 [agent_town.messaging] DEBUG worker -> scout: task_feedback
2026-03-09 05:36:44 [agent_town.messaging] DEBUG worker -> scout: task_feedback
2026-03-09 05:36:44 [agent_town.messaging] DEBUG worker -> scout: task_feedback
2026-03-09 05:36:44 [agent_town.messaging] DEBUG worker -> scout: task_feedback
2026-03-09 05:37:44 [agent_town.messaging] DEBUG worker -> scout: task_feedback
2026-03-09 05:37:49 [agent_town.messaging] DEBUG worker -> scout: task_feedback
2026-03-09 05:38:45 [agent_town.messaging] DEBUG worker -> scout: task_feedback
2026-03-09 05:39:01 [agent_town.messaging] DEBUG worker -> scout: task_feedback
2026-03-09 05:40:23 [agent_town.messaging] DEBUG scout -> worker: new_opportunities
2026-03-09 05:40:23 [agent_town.messaging] INFO scout has 19 unread messages
2026-03-09 05:40:24 [agent_town.messaging] DEBUG scout acknowledged 19 messages
2026-03-09 05:40:37 [agent_town.messaging] INFO worker has 1 unread messages
2026-03-09 05:40:37 [agent_town.messaging] DEBUG worker acknowledged 1 messages
2026-03-09 05:40:44 [agent_town.messaging] DEBUG worker -> scout: task_feedback
2026-03-09 07:18:36 [agent_town.messaging] INFO scout has 1 unread messages
2026-03-09 07:18:36 [agent_town.messaging] DEBUG scout acknowledged 1 messages
2026-03-09 07:19:10 [agent_town.messaging] DEBUG worker -> scout: task_feedback
2026-03-09 07:19:10 [agent_town.messaging] DEBUG worker -> scout: task_feedback
2026-03-09 07:19:11 [agent_town.messaging] DEBUG worker -> scout: task_feedback
2026-03-09 07:20:11 [agent_town.messaging] DEBUG worker -> scout: task_feedback
2026-03-09 07:20:12 [agent_town.messaging] DEBUG worker -> scout: task_feedback
2026-03-09 07:20:32 [agent_town.messaging] DEBUG worker -> scout: task_feedback
2026-03-09 07:20:32 [agent_town.messaging] DEBUG worker -> scout: task_feedback
2026-03-09 07:21:12 [agent_town.messaging] DEBUG worker -> scout: task_feedback
2026-03-09 07:21:12 [agent_town.messaging] DEBUG worker -> scout: task_feedback
2026-03-09 07:21:12 [agent_town.messaging] DEBUG worker -> scout: task_feedback
2026-03-09 07:22:13 [agent_town.messaging] DEBUG worker -> scout: task_feedback
2026-03-09 07:22:13 [agent_town.messaging] DEBUG worker -> scout: task_feedback
2026-03-09 07:23:13 [agent_town.messaging] DEBUG worker -> scout: task_feedback
2026-03-09 07:23:14 [agent_town.messaging] DEBUG worker -> scout: task_feedback
2026-03-09 07:24:14 [agent_town.messaging] DEBUG worker -> scout: task_feedback
2026-03-09 07:24:14 [agent_town.messaging] DEBUG worker -> scout: task_feedback
2026-03-09 07:25:14 [agent_town.messaging] DEBUG worker -> scout: task_feedback
2026-03-09 07:25:22 [agent_town.messaging] DEBUG worker -> scout: task_feedback
2026-03-09 07:26:15 [agent_town.messaging] DEBUG worker -> scout: task_feedback
2026-03-09 07:27:54 [agent_town.messaging] DEBUG scout -> worker: new_opportunities
2026-03-09 07:27:55 [agent_town.messaging] INFO scout has 19 unread messages
2026-03-09 07:27:55 [agent_town.messaging] DEBUG scout acknowledged 19 messages
2026-03-09 07:28:15 [agent_town.messaging] INFO worker has 1 unread messages
2026-03-09 07:28:15 [agent_town.messaging] DEBUG worker acknowledged 1 messages
2026-03-09 07:28:16 [agent_town.messaging] DEBUG worker -> scout: task_feedback
2026-03-09 07:28:16 [agent_town.messaging] DEBUG worker -> scout: task_feedback
2026-03-09 07:28:16 [agent_town.messaging] DEBUG worker -> scout: task_feedback
2026-03-09 07:29:21 [agent_town.messaging] DEBUG worker -> scout: task_feedback
2026-03-09 07:29:37 [agent_town.messaging] DEBUG worker -> scout: task_feedback
2026-03-09 07:44:21 [agent_town.messaging] DEBUG worker -> scout: task_feedback
2026-03-09 07:44:21 [agent_town.messaging] DEBUG worker -> scout: task_feedback
2026-03-09 07:44:21 [agent_town.messaging] DEBUG worker -> scout: task_feedback
2026-03-09 07:45:21 [agent_town.messaging] DEBUG worker -> scout: task_feedback
2026-03-09 07:45:21 [agent_town.messaging] DEBUG worker -> scout: task_feedback
2026-03-09 07:46:22 [agent_town.messaging] DEBUG worker -> scout: task_feedback
2026-03-09 07:46:51 [agent_town.messaging] DEBUG worker -> scout: task_feedback
2026-03-09 07:47:22 [agent_town.messaging] DEBUG worker -> scout: task_feedback
2026-03-09 07:47:22 [agent_town.messaging] DEBUG worker -> scout: task_feedback
2026-03-09 07:47:22 [agent_town.messaging] DEBUG worker -> scout: task_feedback
2026-03-09 07:49:21 [agent_town.messaging] DEBUG worker -> scout: task_feedback
2026-03-09 07:50:12 [agent_town.messaging] DEBUG worker -> scout: task_feedback
2026-03-09 07:50:23 [agent_town.messaging] DEBUG worker -> scout: task_feedback
2026-03-09 07:52:24 [agent_town.messaging] DEBUG worker -> scout: task_feedback
2026-03-09 07:52:24 [agent_town.messaging] DEBUG scout -> worker: new_opportunities
2026-03-09 07:52:24 [agent_town.messaging] INFO scout has 19 unread messages
2026-03-09 07:52:25 [agent_town.messaging] DEBUG scout acknowledged 19 messages
2026-03-09 07:52:33 [agent_town.messaging] INFO worker has 1 unread messages
2026-03-09 07:52:33 [agent_town.messaging] DEBUG worker acknowledged 1 messages
2026-03-09 08:47:04 [agent_town.messaging] DEBUG worker -> scout: task_feedback
2026-03-09 08:48:04 [agent_town.messaging] DEBUG worker -> scout: task_feedback
2026-03-09 08:48:05 [agent_town.messaging] DEBUG worker -> scout: task_feedback
2026-03-09 08:50:05 [agent_town.messaging] DEBUG worker -> scout: task_feedback
2026-03-09 08:51:05 [agent_town.messaging] DEBUG worker -> scout: task_feedback
2026-03-09 08:51:05 [agent_town.messaging] DEBUG worker -> scout: task_feedback
2026-03-09 08:51:11 [agent_town.messaging] DEBUG worker -> scout: task_feedback
2026-03-09 08:52:15 [agent_town.messaging] DEBUG worker -> scout: task_feedback
2026-03-09 08:52:19 [agent_town.messaging] DEBUG worker -> scout: task_feedback
2026-03-09 08:53:20 [agent_town.messaging] DEBUG worker -> scout: task_feedback
2026-03-09 08:53:21 [agent_town.messaging] DEBUG worker -> scout: task_feedback
2026-03-09 08:54:21 [agent_town.messaging] DEBUG worker -> scout: task_feedback
2026-03-09 08:55:22 [agent_town.messaging] DEBUG worker -> scout: task_feedback
2026-03-09 08:57:22 [agent_town.messaging] DEBUG worker -> scout: task_feedback
2026-03-09 08:58:45 [agent_town.messaging] DEBUG scout -> worker: new_opportunities
2026-03-09 08:58:45 [agent_town.messaging] INFO scout has 14 unread messages
2026-03-09 08:58:46 [agent_town.messaging] DEBUG scout acknowledged 14 messages
2026-03-09 08:59:30 [agent_town.messaging] INFO worker has 1 unread messages
2026-03-09 08:59:30 [agent_town.messaging] INFO worker has 1 unread messages
2026-03-09 08:59:30 [agent_town.messaging] DEBUG worker acknowledged 1 messages
2026-03-09 08:59:30 [agent_town.messaging] DEBUG worker acknowledged 1 messages
2026-03-09 08:59:30 [agent_town.messaging] DEBUG worker -> scout: task_feedback
2026-03-09 08:59:30 [agent_town.messaging] DEBUG worker -> scout: task_feedback
2026-03-09 08:59:30 [agent_town.messaging] DEBUG worker -> scout: task_feedback
2026-03-09 09:00:37 [agent_town.messaging] DEBUG worker -> scout: task_feedback
2026-03-09 09:01:40 [agent_town.messaging] DEBUG worker -> scout: task_feedback
2026-03-09 09:18:53 [agent_town.messaging] INFO scout has 5 unread messages
2026-03-09 09:18:53 [agent_town.messaging] DEBUG scout acknowledged 5 messages
2026-03-09 09:30:47 [agent_town.messaging] DEBUG worker -> scout: task_feedback
2026-03-09 09:31:36 [agent_town.messaging] DEBUG worker -> scout: task_feedback
2026-03-09 09:31:41 [agent_town.messaging] DEBUG worker -> scout: task_feedback
2026-03-09 09:32:42 [agent_town.messaging] DEBUG worker -> scout: task_feedback
2026-03-09 09:32:42 [agent_town.messaging] DEBUG worker -> scout: task_feedback
2026-03-09 09:32:42 [agent_town.messaging] DEBUG worker -> scout: task_feedback
2026-03-09 09:33:42 [agent_town.messaging] DEBUG worker -> scout: task_feedback
2026-03-09 09:33:43 [agent_town.messaging] DEBUG worker -> scout: task_feedback
2026-03-09 09:33:43 [agent_town.messaging] DEBUG worker -> scout: task_feedback
2026-03-09 09:34:43 [agent_town.messaging] DEBUG worker -> scout: task_feedback
2026-03-09 09:34:43 [agent_town.messaging] DEBUG worker -> scout: task_feedback
2026-03-09 09:34:44 [agent_town.messaging] DEBUG worker -> scout: task_feedback
2026-03-09 09:35:44 [agent_town.messaging] DEBUG worker -> scout: task_feedback
2026-03-09 09:35:44 [agent_town.messaging] DEBUG worker -> scout: task_feedback
2026-03-09 09:35:44 [agent_town.messaging] DEBUG worker -> scout: task_feedback
2026-03-09 09:36:36 [agent_town.messaging] DEBUG worker -> scout: task_feedback
2026-03-09 09:36:45 [agent_town.messaging] DEBUG worker -> scout: task_feedback
2026-03-09 09:36:45 [agent_town.messaging] DEBUG worker -> scout: task_feedback
2026-03-09 09:36:45 [agent_town.messaging] DEBUG worker -> scout: task_feedback
2026-03-09 09:37:01 [agent_town.messaging] DEBUG worker -> scout: task_feedback
2026-03-09 09:37:25 [agent_town.messaging] DEBUG worker -> scout: task_feedback
2026-03-09 09:37:46 [agent_town.messaging] DEBUG worker -> scout: task_feedback
2026-03-09 09:37:46 [agent_town.messaging] DEBUG worker -> scout: task_feedback
2026-03-09 09:37:46 [agent_town.messaging] DEBUG worker -> scout: task_feedback
2026-03-09 09:38:46 [agent_town.messaging] DEBUG worker -> scout: task_feedback
2026-03-09 09:38:50 [agent_town.messaging] DEBUG worker -> scout: task_feedback
2026-03-09 09:39:47 [agent_town.messaging] DEBUG worker -> scout: task_feedback
2026-03-09 09:40:12 [agent_town.messaging] DEBUG worker -> scout: task_feedback
2026-03-09 09:41:20 [agent_town.messaging] DEBUG scout -> worker: new_opportunities
2026-03-09 09:41:20 [agent_town.messaging] INFO scout has 28 unread messages
2026-03-09 09:41:21 [agent_town.messaging] DEBUG scout acknowledged 28 messages
2026-03-09 09:41:47 [agent_town.messaging] INFO worker has 1 unread messages
2026-03-09 09:41:47 [agent_town.messaging] DEBUG worker acknowledged 1 messages
2026-03-09 09:41:48 [agent_town.messaging] DEBUG worker -> scout: task_feedback
2026-03-09 09:41:48 [agent_town.messaging] DEBUG worker -> scout: task_feedback
2026-03-09 09:41:48 [agent_town.messaging] DEBUG worker -> scout: task_feedback
2026-03-09 09:42:09 [agent_town.messaging] DEBUG worker -> scout: task_feedback
2026-03-09 09:43:58 [agent_town.messaging] DEBUG scout -> worker: new_opportunities
2026-03-09 09:43:59 [agent_town.messaging] INFO scout has 4 unread messages
2026-03-09 09:43:59 [agent_town.messaging] DEBUG scout acknowledged 4 messages
2026-03-09 09:44:01 [agent_town.messaging] INFO worker has 1 unread messages
2026-03-09 09:44:01 [agent_town.messaging] DEBUG worker acknowledged 1 messages
2026-03-09 09:44:49 [agent_town.messaging] DEBUG worker -> scout: task_feedback
2026-03-09 09:44:49 [agent_town.messaging] DEBUG worker -> scout: task_feedback
2026-03-09 09:44:59 [agent_town.messaging] DEBUG worker -> scout: task_feedback
2026-03-09 09:45:16 [agent_town.messaging] DEBUG worker -> scout: task_feedback
2026-03-09 09:46:14 [agent_town.messaging] DEBUG worker -> scout: task_feedback
2026-03-09 09:54:53 [agent_town.messaging] DEBUG worker -> scout: task_feedback
2026-03-09 09:56:53 [agent_town.messaging] DEBUG worker -> scout: task_feedback
2026-03-09 09:57:54 [agent_town.messaging] DEBUG worker -> scout: task_feedback
2026-03-09 09:58:54 [agent_town.messaging] DEBUG worker -> scout: task_feedback
2026-03-09 09:58:54 [agent_town.messaging] DEBUG worker -> scout: task_feedback
2026-03-09 09:59:55 [agent_town.messaging] DEBUG worker -> scout: task_feedback
2026-03-09 09:59:55 [agent_town.messaging] DEBUG worker -> scout: task_feedback
2026-03-09 10:00:55 [agent_town.messaging] DEBUG worker -> scout: task_feedback
2026-03-09 10:01:22 [agent_town.messaging] DEBUG worker -> scout: task_feedback
2026-03-09 10:02:19 [agent_town.messaging] DEBUG worker -> scout: task_feedback
2026-03-09 10:02:41 [agent_town.messaging] DEBUG worker -> scout: task_feedback
2026-03-09 10:04:45 [agent_town.messaging] DEBUG scout -> worker: new_opportunities
2026-03-09 10:04:45 [agent_town.messaging] INFO scout has 16 unread messages
2026-03-09 10:04:46 [agent_town.messaging] DEBUG scout acknowledged 16 messages
2026-03-09 10:04:57 [agent_town.messaging] INFO worker has 1 unread messages
2026-03-09 10:04:57 [agent_town.messaging] DEBUG worker acknowledged 1 messages
2026-03-09 10:05:21 [agent_town.messaging] DEBUG worker -> scout: task_feedback
2026-03-09 11:19:11 [agent_town.messaging] INFO scout has 1 unread messages
2026-03-09 11:19:11 [agent_town.messaging] DEBUG scout acknowledged 1 messages
2026-03-09 11:28:57 [agent_town.messaging] DEBUG worker -> scout: task_feedback
2026-03-09 11:29:23 [agent_town.messaging] DEBUG worker -> scout: task_feedback
2026-03-09 11:29:23 [agent_town.messaging] DEBUG worker -> scout: task_feedback
2026-03-09 11:30:23 [agent_town.messaging] DEBUG worker -> scout: task_feedback
2026-03-09 11:30:23 [agent_town.messaging] DEBUG worker -> scout: task_feedback
2026-03-09 11:30:38 [agent_town.messaging] DEBUG worker -> scout: task_feedback
2026-03-09 11:34:21 [agent_town.messaging] DEBUG worker -> scout: task_feedback
2026-03-09 11:35:40 [agent_town.messaging] DEBUG scout -> worker: new_opportunities
2026-03-09 11:35:40 [agent_town.messaging] INFO scout has 7 unread messages
2026-03-09 11:35:41 [agent_town.messaging] DEBUG scout acknowledged 7 messages
2026-03-09 11:35:59 [agent_town.messaging] INFO worker has 1 unread messages
2026-03-09 11:35:59 [agent_town.messaging] DEBUG worker acknowledged 1 messages
2026-03-09 11:36:25 [agent_town.messaging] DEBUG worker -> scout: task_feedback
2026-03-09 11:36:26 [agent_town.messaging] DEBUG worker -> scout: task_feedback
2026-03-09 11:36:26 [agent_town.messaging] DEBUG worker -> scout: task_feedback
2026-03-09 11:36:54 [agent_town.messaging] DEBUG worker -> scout: task_feedback
2026-03-09 11:38:00 [agent_town.messaging] DEBUG worker -> scout: task_feedback
2026-03-09 11:45:04 [agent_town.messaging] DEBUG worker -> scout: task_feedback
2026-03-09 11:46:29 [agent_town.messaging] DEBUG worker -> scout: task_feedback
2026-03-09 11:46:29 [agent_town.messaging] DEBUG worker -> scout: task_feedback
2026-03-09 11:47:29 [agent_town.messaging] DEBUG worker -> scout: task_feedback
2026-03-09 11:48:14 [agent_town.messaging] DEBUG worker -> scout: task_feedback
2026-03-09 11:48:30 [agent_town.messaging] DEBUG worker -> scout: task_feedback
2026-03-09 11:51:20 [agent_town.messaging] DEBUG worker -> scout: task_feedback
2026-03-09 11:51:31 [agent_town.messaging] DEBUG worker -> scout: task_feedback
2026-03-09 11:54:23 [agent_town.messaging] DEBUG worker -> scout: task_feedback
2026-03-09 11:56:35 [agent_town.messaging] DEBUG scout -> worker: new_opportunities
2026-03-09 11:56:35 [agent_town.messaging] INFO scout has 14 unread messages
2026-03-09 11:56:36 [agent_town.messaging] DEBUG scout acknowledged 14 messages
2026-03-09 11:56:37 [agent_town.messaging] INFO worker has 1 unread messages
2026-03-09 11:56:37 [agent_town.messaging] DEBUG worker acknowledged 1 messages
2026-03-09 11:57:41 [agent_town.messaging] DEBUG worker -> scout: task_feedback
2026-03-09 11:58:37 [agent_town.messaging] DEBUG worker -> scout: task_feedback
2026-03-09 12:07:37 [agent_town.messaging] DEBUG worker -> scout: task_feedback
2026-03-09 12:08:51 [agent_town.messaging] DEBUG worker -> scout: task_feedback
2026-03-09 12:09:38 [agent_town.messaging] DEBUG worker -> scout: task_feedback
2026-03-09 12:10:38 [agent_town.messaging] DEBUG worker -> scout: task_feedback
2026-03-09 12:11:39 [agent_town.messaging] DEBUG worker -> scout: task_feedback
2026-03-09 12:13:40 [agent_town.messaging] DEBUG worker -> scout: task_feedback
2026-03-09 12:13:40 [agent_town.messaging] DEBUG worker -> scout: task_feedback
2026-03-09 12:13:40 [agent_town.messaging] DEBUG worker -> scout: task_feedback
2026-03-09 12:14:21 [agent_town.messaging] DEBUG worker -> scout: task_feedback
2026-03-09 12:15:27 [agent_town.messaging] DEBUG worker -> scout: task_feedback
2026-03-09 12:15:41 [agent_town.messaging] DEBUG worker -> scout: task_feedback
2026-03-09 12:16:11 [agent_town.messaging] DEBUG scout -> worker: new_opportunities
2026-03-09 12:16:11 [agent_town.messaging] INFO scout has 13 unread messages
2026-03-09 12:16:12 [agent_town.messaging] DEBUG scout acknowledged 13 messages
2026-03-09 12:16:27 [agent_town.messaging] DEBUG worker -> scout: task_feedback
2026-03-09 12:16:41 [agent_town.messaging] INFO worker has 1 unread messages
2026-03-09 12:16:41 [agent_town.messaging] DEBUG worker acknowledged 1 messages
2026-03-09 12:39:07 [agent_town.messaging] DEBUG worker -> scout: task_feedback
2026-03-09 12:39:48 [agent_town.messaging] DEBUG worker -> scout: task_feedback
2026-03-09 12:40:48 [agent_town.messaging] DEBUG worker -> scout: task_feedback
2026-03-09 12:40:48 [agent_town.messaging] DEBUG worker -> scout: task_feedback
2026-03-09 12:41:11 [agent_town.messaging] DEBUG worker -> scout: task_feedback
2026-03-09 12:41:48 [agent_town.messaging] DEBUG worker -> scout: task_feedback
2026-03-09 12:41:49 [agent_town.messaging] DEBUG worker -> scout: task_feedback
2026-03-09 12:42:13 [agent_town.messaging] DEBUG worker -> scout: task_feedback
2026-03-09 12:44:37 [agent_town.messaging] DEBUG worker -> scout: task_feedback
2026-03-09 12:45:47 [agent_town.messaging] DEBUG scout -> worker: new_opportunities
2026-03-09 12:45:47 [agent_town.messaging] INFO scout has 10 unread messages
2026-03-09 12:45:47 [agent_town.messaging] DEBUG scout acknowledged 10 messages
2026-03-09 12:45:50 [agent_town.messaging] INFO worker has 1 unread messages
2026-03-09 12:45:50 [agent_town.messaging] DEBUG worker acknowledged 1 messages
2026-03-09 12:45:50 [agent_town.messaging] DEBUG worker -> scout: task_feedback
2026-03-09 12:45:50 [agent_town.messaging] DEBUG worker -> scout: task_feedback
2026-03-09 12:45:50 [agent_town.messaging] DEBUG worker -> scout: task_feedback
2026-03-09 12:59:55 [agent_town.messaging] DEBUG worker -> scout: task_feedback
2026-03-09 12:59:56 [agent_town.messaging] DEBUG worker -> scout: task_feedback
2026-03-09 13:00:12 [agent_town.messaging] DEBUG worker -> scout: task_feedback
2026-03-09 13:01:19 [agent_town.messaging] DEBUG worker -> scout: task_feedback
2026-03-09 13:01:56 [agent_town.messaging] DEBUG worker -> scout: task_feedback
2026-03-09 13:02:13 [agent_town.messaging] DEBUG worker -> scout: task_feedback
2026-03-09 13:02:57 [agent_town.messaging] DEBUG worker -> scout: task_feedback
2026-03-09 13:03:10 [agent_town.messaging] DEBUG worker -> scout: task_feedback
2026-03-09 13:05:58 [agent_town.messaging] DEBUG worker -> scout: task_feedback
2026-03-09 13:05:58 [agent_town.messaging] DEBUG worker -> scout: task_feedback
2026-03-09 13:05:58 [agent_town.messaging] DEBUG worker -> scout: task_feedback
2026-03-09 13:06:59 [agent_town.messaging] DEBUG worker -> scout: task_feedback
2026-03-09 13:06:59 [agent_town.messaging] DEBUG worker -> scout: task_feedback
2026-03-09 13:06:59 [agent_town.messaging] DEBUG worker -> scout: task_feedback
2026-03-09 13:08:01 [agent_town.messaging] DEBUG worker -> scout: task_feedback
2026-03-09 13:09:08 [agent_town.messaging] DEBUG worker -> scout: task_feedback
2026-03-09 13:10:49 [agent_town.messaging] DEBUG scout -> worker: new_opportunities
2026-03-09 13:10:49 [agent_town.messaging] INFO scout has 19 unread messages
2026-03-09 13:10:50 [agent_town.messaging] DEBUG scout acknowledged 19 messages
2026-03-09 13:11:00 [agent_town.messaging] INFO worker has 1 unread messages
2026-03-09 13:11:00 [agent_town.messaging] DEBUG worker acknowledged 1 messages
2026-03-09 13:11:01 [agent_town.messaging] DEBUG worker -> scout: task_feedback
2026-03-09 13:11:01 [agent_town.messaging] DEBUG worker -> scout: task_feedback
2026-03-09 13:11:01 [agent_town.messaging] DEBUG worker -> scout: task_feedback
2026-03-09 13:12:05 [agent_town.messaging] DEBUG worker -> scout: task_feedback
2026-03-09 13:13:09 [agent_town.messaging] DEBUG worker -> scout: task_feedback
2026-03-09 13:19:30 [agent_town.messaging] INFO scout has 5 unread messages
2026-03-09 13:19:30 [agent_town.messaging] DEBUG scout acknowledged 5 messages
2026-03-09 13:23:54 [agent_town.messaging] DEBUG scout -> worker: new_opportunities
2026-03-09 13:24:05 [agent_town.messaging] INFO worker has 1 unread messages
2026-03-09 13:24:05 [agent_town.messaging] DEBUG worker acknowledged 1 messages
2026-03-09 13:24:05 [agent_town.messaging] DEBUG worker -> scout: task_feedback
2026-03-09 13:24:05 [agent_town.messaging] DEBUG worker -> scout: task_feedback
2026-03-09 13:24:06 [agent_town.messaging] DEBUG worker -> scout: task_feedback
2026-03-09 13:25:36 [agent_town.messaging] DEBUG worker -> scout: task_feedback
2026-03-09 13:26:41 [agent_town.messaging] DEBUG worker -> scout: task_feedback
2026-03-09 13:26:58 [agent_town.messaging] DEBUG worker -> scout: task_feedback
2026-03-09 14:24:13 [agent_town.messaging] INFO scout has 6 unread messages
2026-03-09 14:24:13 [agent_town.messaging] DEBUG scout acknowledged 6 messages
2026-03-09 15:42:56 [agent_town.messaging] DEBUG scout -> worker: new_opportunities
2026-03-09 15:43:26 [agent_town.messaging] INFO worker has 1 unread messages
2026-03-09 15:43:26 [agent_town.messaging] DEBUG worker acknowledged 1 messages
2026-03-09 15:43:49 [agent_town.messaging] DEBUG worker -> scout: task_feedback
2026-03-09 15:43:49 [agent_town.messaging] DEBUG worker -> scout: task_feedback
2026-03-09 15:44:41 [agent_town.messaging] DEBUG worker -> scout: task_feedback
2026-03-09 15:45:49 [agent_town.messaging] DEBUG worker -> scout: task_feedback
2026-03-09 15:46:05 [agent_town.messaging] DEBUG worker -> scout: task_feedback
