2026-03-08 09:15:04 [agent_town.scheduler] INFO ============================================================
2026-03-08 09:15:04 [agent_town.scheduler] INFO AGENT TOWN SCHEDULER STARTING
2026-03-08 09:15:04 [agent_town.scheduler] INFO ============================================================
2026-03-08 09:15:04 [agent_town.scheduler] INFO Scout interval: 7200s
2026-03-08 09:15:04 [agent_town.scheduler] INFO BD interval: 7200s
2026-03-08 09:15:04 [agent_town.scheduler] INFO Worker poll: 60s
2026-03-08 09:15:05 [agent_town.scheduler] INFO [scout] Running cycle
2026-03-08 09:15:05 [agent_town.scheduler] INFO [scout] Agent thread started
2026-03-08 09:15:05 [agent_town.scheduler] INFO [worker] Agent thread started
2026-03-08 09:15:05 [agent_town.scheduler] INFO [bd] Running cycle
2026-03-08 09:15:05 [agent_town.scheduler] INFO [bd] Agent thread started
2026-03-08 09:15:05 [agent_town.scheduler] INFO Weekly report scheduled for Monday 08:00 UK
2026-03-08 09:15:05 [agent_town.scheduler] INFO All agents launched. Entering main loop.
2026-03-08 09:15:23 [agent_town.scheduler] INFO [scout] Cycle complete, sleeping 7200s
2026-03-08 09:15:27 [agent_town.scheduler] INFO [bd] Cycle complete, sleeping 7200s
2026-03-08 09:40:38 [agent_town.scheduler] INFO ============================================================
2026-03-08 09:40:38 [agent_town.scheduler] INFO AGENT TOWN SCHEDULER STARTING
2026-03-08 09:40:38 [agent_town.scheduler] INFO ============================================================
2026-03-08 09:40:38 [agent_town.scheduler] INFO Scout interval: 7200s
2026-03-08 09:40:38 [agent_town.scheduler] INFO BD interval: 7200s
2026-03-08 09:40:38 [agent_town.scheduler] INFO Worker poll: 60s
2026-03-08 09:40:39 [agent_town.scheduler] INFO [scout] Running cycle
2026-03-08 09:40:39 [agent_town.scheduler] INFO [scout] Agent thread started
2026-03-08 09:40:39 [agent_town.scheduler] INFO [worker] Agent thread started
2026-03-08 09:40:39 [agent_town.scheduler] INFO [bd] Running cycle
2026-03-08 09:40:39 [agent_town.scheduler] INFO [bd] Agent thread started
2026-03-08 09:40:39 [agent_town.scheduler] INFO Weekly report scheduled for Monday 08:00 UK
2026-03-08 09:40:39 [agent_town.scheduler] INFO All agents launched. Entering main loop.
2026-03-08 09:52:25 [agent_town.scheduler] INFO [scout] Cycle complete, sleeping 7200s
2026-03-08 10:00:04 [agent_town.scheduler] INFO [bd] Cycle complete, sleeping 7200s
2026-03-08 11:15:23 [agent_town.scheduler] INFO [scout] Running cycle
2026-03-08 11:15:27 [agent_town.scheduler] INFO [bd] Running cycle
2026-03-08 11:15:41 [agent_town.scheduler] INFO [scout] Cycle complete, sleeping 7200s
2026-03-08 11:15:52 [agent_town.scheduler] INFO [bd] Cycle complete, sleeping 7200s
2026-03-08 11:52:25 [agent_town.scheduler] INFO [scout] Running cycle
2026-03-08 12:00:04 [agent_town.scheduler] INFO [bd] Running cycle
2026-03-08 12:04:13 [agent_town.scheduler] INFO [scout] Cycle complete, sleeping 7200s
2026-03-08 12:14:48 [agent_town.scheduler] INFO [bd] Cycle complete, sleeping 7200s
2026-03-08 13:15:41 [agent_town.scheduler] INFO [scout] Running cycle
2026-03-08 13:15:52 [agent_town.scheduler] INFO [bd] Running cycle
2026-03-08 13:15:58 [agent_town.scheduler] INFO [scout] Cycle complete, sleeping 7200s
2026-03-08 13:16:11 [agent_town.scheduler] INFO [bd] Cycle complete, sleeping 7200s
2026-03-08 14:04:13 [agent_town.scheduler] INFO [scout] Running cycle
2026-03-08 14:14:48 [agent_town.scheduler] INFO [bd] Running cycle
2026-03-08 14:16:22 [agent_town.scheduler] INFO [scout] Cycle complete, sleeping 7200s
2026-03-08 14:31:57 [agent_town.scheduler] INFO [bd] Cycle complete, sleeping 7200s
2026-03-08 15:15:58 [agent_town.scheduler] INFO [scout] Running cycle
2026-03-08 15:16:11 [agent_town.scheduler] INFO [bd] Running cycle
2026-03-08 15:16:17 [agent_town.scheduler] INFO [scout] Cycle complete, sleeping 7200s
2026-03-08 15:16:30 [agent_town.scheduler] INFO [bd] Cycle complete, sleeping 7200s
2026-03-08 16:16:22 [agent_town.scheduler] INFO [scout] Running cycle
2026-03-08 16:28:20 [agent_town.scheduler] INFO [scout] Cycle complete, sleeping 7200s
2026-03-08 16:31:57 [agent_town.scheduler] INFO [bd] Running cycle
2026-03-08 16:48:44 [agent_town.scheduler] INFO [bd] Cycle complete, sleeping 7200s
2026-03-08 17:16:17 [agent_town.scheduler] INFO [scout] Running cycle
2026-03-08 17:16:30 [agent_town.scheduler] INFO [bd] Running cycle
2026-03-08 17:16:34 [agent_town.scheduler] INFO [scout] Cycle complete, sleeping 7200s
2026-03-08 17:16:56 [agent_town.scheduler] INFO [bd] Cycle complete, sleeping 7200s
2026-03-08 18:28:20 [agent_town.scheduler] INFO [scout] Running cycle
2026-03-08 18:40:26 [agent_town.scheduler] INFO [scout] Cycle complete, sleeping 7200s
2026-03-08 18:48:44 [agent_town.scheduler] INFO [bd] Running cycle
2026-03-08 19:05:35 [agent_town.scheduler] INFO [bd] Cycle complete, sleeping 7200s
2026-03-08 19:16:34 [agent_town.scheduler] INFO [scout] Running cycle
2026-03-08 19:16:56 [agent_town.scheduler] INFO [bd] Running cycle
2026-03-08 19:16:58 [agent_town.scheduler] INFO [scout] Cycle complete, sleeping 7200s
2026-03-08 19:17:14 [agent_town.scheduler] INFO [bd] Cycle complete, sleeping 7200s
2026-03-08 20:40:26 [agent_town.scheduler] INFO [scout] Running cycle
2026-03-08 20:52:38 [agent_town.scheduler] INFO [scout] Cycle complete, sleeping 7200s
2026-03-08 21:05:35 [agent_town.scheduler] INFO [bd] Running cycle
2026-03-08 21:16:58 [agent_town.scheduler] INFO [scout] Running cycle
2026-03-08 21:17:14 [agent_town.scheduler] INFO [bd] Running cycle
2026-03-08 21:17:14 [agent_town.scheduler] INFO [scout] Cycle complete, sleeping 7200s
2026-03-08 21:17:36 [agent_town.scheduler] INFO [bd] Cycle complete, sleeping 7200s
2026-03-08 21:21:03 [agent_town.scheduler] INFO [bd] Cycle complete, sleeping 7200s
2026-03-08 22:52:38 [agent_town.scheduler] INFO [scout] Running cycle
2026-03-08 23:04:34 [agent_town.scheduler] INFO [scout] Cycle complete, sleeping 7200s
2026-03-08 23:17:14 [agent_town.scheduler] INFO [scout] Running cycle
2026-03-08 23:17:35 [agent_town.scheduler] INFO [scout] Cycle complete, sleeping 7200s
2026-03-08 23:17:36 [agent_town.scheduler] INFO [bd] Running cycle
2026-03-08 23:17:55 [agent_town.scheduler] INFO [bd] Cycle complete, sleeping 7200s
2026-03-08 23:21:03 [agent_town.scheduler] INFO [bd] Running cycle
2026-03-08 23:37:44 [agent_town.scheduler] INFO [bd] Cycle complete, sleeping 7200s
2026-03-09 00:35:41 [agent_town.scheduler] INFO ============================================================
2026-03-09 00:35:41 [agent_town.scheduler] INFO AGENT TOWN SCHEDULER STARTING
2026-03-09 00:35:41 [agent_town.scheduler] INFO ============================================================
2026-03-09 00:35:41 [agent_town.scheduler] INFO Scout interval: 7200s
2026-03-09 00:35:41 [agent_town.scheduler] INFO BD interval: 7200s
2026-03-09 00:35:41 [agent_town.scheduler] INFO Worker poll: 60s
2026-03-09 00:35:43 [agent_town.scheduler] INFO [scout] Running cycle
2026-03-09 00:35:43 [agent_town.scheduler] INFO [scout] Agent thread started
2026-03-09 00:35:43 [agent_town.scheduler] INFO [worker] Agent thread started
2026-03-09 00:35:43 [agent_town.scheduler] INFO [bd] Running cycle
2026-03-09 00:35:43 [agent_town.scheduler] INFO [bd] Agent thread started
2026-03-09 00:35:43 [agent_town.scheduler] INFO Weekly report scheduled for Monday 08:00 UK
2026-03-09 00:35:43 [agent_town.scheduler] INFO All agents launched. Entering main loop.
2026-03-09 00:48:42 [agent_town.scheduler] INFO [scout] Cycle complete, sleeping 7200s
2026-03-09 00:50:25 [agent_town.scheduler] INFO [bd] Cycle complete, sleeping 7200s
2026-03-09 01:04:32 [agent_town.scheduler] INFO [scout] Running cycle
2026-03-09 01:16:53 [agent_town.scheduler] INFO [scout] Cycle complete, sleeping 7200s
2026-03-09 01:17:33 [agent_town.scheduler] INFO [scout] Running cycle
2026-03-09 01:17:49 [agent_town.scheduler] INFO [scout] Cycle complete, sleeping 7200s
2026-03-09 01:17:53 [agent_town.scheduler] INFO [bd] Running cycle
2026-03-09 01:18:15 [agent_town.scheduler] INFO [bd] Cycle complete, sleeping 7200s
2026-03-09 01:37:42 [agent_town.scheduler] INFO [bd] Running cycle
2026-03-09 01:51:28 [agent_town.scheduler] INFO [bd] Cycle complete, sleeping 7200s
2026-03-09 02:48:40 [agent_town.scheduler] INFO [scout] Running cycle
2026-03-09 02:50:23 [agent_town.scheduler] INFO [bd] Running cycle
2026-03-09 03:01:46 [agent_town.scheduler] INFO [scout] Cycle complete, sleeping 7200s
2026-03-09 03:05:31 [agent_town.scheduler] INFO [bd] Cycle complete, sleeping 7200s
2026-03-09 03:16:53 [agent_town.scheduler] INFO [scout] Running cycle
2026-03-09 03:17:49 [agent_town.scheduler] INFO [scout] Running cycle
2026-03-09 03:18:06 [agent_town.scheduler] INFO [scout] Cycle complete, sleeping 7200s
2026-03-09 03:18:15 [agent_town.scheduler] INFO [bd] Running cycle
2026-03-09 03:18:34 [agent_town.scheduler] INFO [bd] Cycle complete, sleeping 7200s
2026-03-09 03:28:40 [agent_town.scheduler] INFO [scout] Cycle complete, sleeping 7200s
2026-03-09 03:51:28 [agent_town.scheduler] INFO [bd] Running cycle
2026-03-09 04:05:35 [agent_town.scheduler] INFO [bd] Cycle complete, sleeping 7200s
2026-03-09 05:01:46 [agent_town.scheduler] INFO [scout] Running cycle
2026-03-09 05:05:31 [agent_town.scheduler] INFO [bd] Running cycle
2026-03-09 05:14:48 [agent_town.scheduler] INFO [scout] Cycle complete, sleeping 7200s
2026-03-09 05:18:06 [agent_town.scheduler] INFO [scout] Running cycle
2026-03-09 05:18:21 [agent_town.scheduler] INFO [scout] Cycle complete, sleeping 7200s
2026-03-09 05:18:34 [agent_town.scheduler] INFO [bd] Running cycle
2026-03-09 05:18:52 [agent_town.scheduler] INFO [bd] Cycle complete, sleeping 7200s
2026-03-09 05:21:31 [agent_town.scheduler] INFO [bd] Cycle complete, sleeping 7200s
2026-03-09 05:28:40 [agent_town.scheduler] INFO [scout] Running cycle
2026-03-09 05:40:24 [agent_town.scheduler] INFO [scout] Cycle complete, sleeping 7200s
2026-03-09 06:05:35 [agent_town.scheduler] INFO [bd] Running cycle
2026-03-09 06:20:46 [agent_town.scheduler] INFO [bd] Cycle complete, sleeping 7200s
2026-03-09 07:14:48 [agent_town.scheduler] INFO [scout] Running cycle
2026-03-09 07:18:21 [agent_town.scheduler] INFO [scout] Running cycle
2026-03-09 07:18:37 [agent_town.scheduler] INFO [scout] Cycle complete, sleeping 7200s
2026-03-09 07:18:52 [agent_town.scheduler] INFO [bd] Running cycle
2026-03-09 07:19:11 [agent_town.scheduler] INFO [bd] Cycle complete, sleeping 7200s
2026-03-09 07:21:31 [agent_town.scheduler] INFO [bd] Running cycle
2026-03-09 07:27:56 [agent_town.scheduler] INFO [scout] Cycle complete, sleeping 7200s
2026-03-09 07:38:20 [agent_town.scheduler] INFO [bd] Cycle complete, sleeping 7200s
2026-03-09 07:40:24 [agent_town.scheduler] INFO [scout] Running cycle
2026-03-09 07:52:26 [agent_town.scheduler] INFO [scout] Cycle complete, sleeping 7200s
2026-03-09 08:00:25 [agent_town.scheduler] ERROR Weekly report failed: 403 Client Error: Forbidden for url: https://api.resend.com/emails
2026-03-09 08:00:26 [agent_town.scheduler] ERROR Weekly report failed: 403 Client Error: Forbidden for url: https://api.resend.com/emails
2026-03-09 08:00:29 [agent_town.scheduler] ERROR Weekly report failed: 403 Client Error: Forbidden for url: https://api.resend.com/emails
2026-03-09 08:20:46 [agent_town.scheduler] INFO [bd] Running cycle
2026-03-09 08:36:47 [agent_town.scheduler] INFO [bd] Cycle complete, sleeping 7200s
2026-03-09 08:44:56 [agent_town.scheduler] INFO ============================================================
2026-03-09 08:44:56 [agent_town.scheduler] INFO AGENT TOWN SCHEDULER STARTING
2026-03-09 08:44:56 [agent_town.scheduler] INFO ============================================================
2026-03-09 08:44:56 [agent_town.scheduler] INFO Scout interval: 7200s
2026-03-09 08:44:56 [agent_town.scheduler] INFO BD interval: 7200s
2026-03-09 08:44:56 [agent_town.scheduler] INFO Worker poll: 60s
2026-03-09 08:45:09 [agent_town.scheduler] INFO [scout] Running cycle
2026-03-09 08:45:09 [agent_town.scheduler] INFO [scout] Agent thread started
2026-03-09 08:45:09 [agent_town.scheduler] INFO [worker] Agent thread started
2026-03-09 08:45:09 [agent_town.scheduler] INFO [bd] Running cycle
2026-03-09 08:45:09 [agent_town.scheduler] INFO [bd] Agent thread started
2026-03-09 08:45:09 [agent_town.scheduler] INFO Weekly report scheduled for Monday 08:00 UK
2026-03-09 08:45:09 [agent_town.scheduler] INFO All agents launched. Entering main loop.
2026-03-09 08:58:46 [agent_town.scheduler] INFO [scout] Cycle complete, sleeping 7200s
2026-03-09 08:59:50 [agent_town.scheduler] INFO [bd] Cycle complete, sleeping 7200s
2026-03-09 09:18:37 [agent_town.scheduler] INFO [scout] Running cycle
2026-03-09 09:18:53 [agent_town.scheduler] INFO [scout] Cycle complete, sleeping 7200s
2026-03-09 09:19:11 [agent_town.scheduler] INFO [bd] Running cycle
2026-03-09 09:19:32 [agent_town.scheduler] INFO [bd] Cycle complete, sleeping 7200s
2026-03-09 09:27:56 [agent_town.scheduler] INFO [scout] Running cycle
2026-03-09 09:29:30 [agent_town.scheduler] INFO ============================================================
2026-03-09 09:29:30 [agent_town.scheduler] INFO AGENT TOWN SCHEDULER STARTING
2026-03-09 09:29:30 [agent_town.scheduler] INFO ============================================================
2026-03-09 09:29:30 [agent_town.scheduler] INFO Scout interval: 7200s
2026-03-09 09:29:30 [agent_town.scheduler] INFO BD interval: 7200s
2026-03-09 09:29:30 [agent_town.scheduler] INFO Worker poll: 60s
2026-03-09 09:29:36 [agent_town.scheduler] INFO [scout] Running cycle
2026-03-09 09:29:36 [agent_town.scheduler] INFO [scout] Agent thread started
2026-03-09 09:29:36 [agent_town.scheduler] INFO [worker] Agent thread started
2026-03-09 09:29:36 [agent_town.scheduler] INFO [bd] Running cycle
2026-03-09 09:29:36 [agent_town.scheduler] INFO [bd] Agent thread started
2026-03-09 09:29:36 [agent_town.scheduler] INFO Weekly report scheduled for Monday 08:00 UK
2026-03-09 09:29:36 [agent_town.scheduler] INFO All agents launched. Entering main loop.
2026-03-09 09:38:20 [agent_town.scheduler] INFO [bd] Running cycle
2026-03-09 09:41:22 [agent_town.scheduler] INFO [scout] Cycle complete, sleeping 7200s
2026-03-09 09:43:59 [agent_town.scheduler] INFO [scout] Cycle complete, sleeping 7200s
2026-03-09 09:44:56 [agent_town.scheduler] INFO [bd] Cycle complete, sleeping 7200s
2026-03-09 09:52:26 [agent_town.scheduler] INFO [scout] Running cycle
2026-03-09 09:54:15 [agent_town.scheduler] INFO [bd] Cycle complete, sleeping 7200s
2026-03-09 10:04:46 [agent_town.scheduler] INFO [scout] Cycle complete, sleeping 7200s
2026-03-09 10:36:47 [agent_town.scheduler] INFO [bd] Running cycle
2026-03-09 10:53:57 [agent_town.scheduler] INFO [bd] Cycle complete, sleeping 7200s
2026-03-09 11:18:53 [agent_town.scheduler] INFO [scout] Running cycle
2026-03-09 11:19:11 [agent_town.scheduler] INFO [scout] Cycle complete, sleeping 7200s
2026-03-09 11:19:32 [agent_town.scheduler] INFO [bd] Running cycle
2026-03-09 11:20:05 [agent_town.scheduler] INFO [bd] Cycle complete, sleeping 7200s
2026-03-09 11:26:14 [agent_town.scheduler] INFO ============================================================
2026-03-09 11:26:14 [agent_town.scheduler] INFO AGENT TOWN SCHEDULER STARTING
2026-03-09 11:26:14 [agent_town.scheduler] INFO ============================================================
2026-03-09 11:26:14 [agent_town.scheduler] INFO Scout interval: 7200s
2026-03-09 11:26:14 [agent_town.scheduler] INFO BD interval: 7200s
2026-03-09 11:26:14 [agent_town.scheduler] INFO Worker poll: 60s
2026-03-09 11:26:20 [agent_town.scheduler] INFO [scout] Running cycle
2026-03-09 11:26:20 [agent_town.scheduler] INFO [scout] Agent thread started
2026-03-09 11:26:20 [agent_town.scheduler] INFO [worker] Agent thread started
2026-03-09 11:26:20 [agent_town.scheduler] INFO [bd] Running cycle
2026-03-09 11:26:20 [agent_town.scheduler] INFO [bd] Agent thread started
2026-03-09 11:26:20 [agent_town.scheduler] INFO Weekly report scheduled for Monday 08:00 UK
2026-03-09 11:26:20 [agent_town.scheduler] INFO All agents launched. Entering main loop.
2026-03-09 11:35:41 [agent_town.scheduler] INFO [scout] Cycle complete, sleeping 7200s
2026-03-09 11:41:22 [agent_town.scheduler] INFO [scout] Running cycle
2026-03-09 11:42:35 [agent_town.scheduler] INFO [bd] Cycle complete, sleeping 7200s
2026-03-09 11:54:15 [agent_town.scheduler] INFO [bd] Running cycle
2026-03-09 11:56:36 [agent_town.scheduler] INFO [scout] Cycle complete, sleeping 7200s
2026-03-09 12:04:46 [agent_town.scheduler] INFO [scout] Running cycle
2026-03-09 12:10:14 [agent_town.scheduler] INFO [bd] Cycle complete, sleeping 7200s
2026-03-09 12:16:12 [agent_town.scheduler] INFO [scout] Cycle complete, sleeping 7200s
2026-03-09 12:36:10 [agent_town.scheduler] INFO ============================================================
2026-03-09 12:36:10 [agent_town.scheduler] INFO AGENT TOWN SCHEDULER STARTING
2026-03-09 12:36:10 [agent_town.scheduler] INFO ============================================================
2026-03-09 12:36:10 [agent_town.scheduler] INFO Scout interval: 7200s
2026-03-09 12:36:10 [agent_town.scheduler] INFO BD interval: 7200s
2026-03-09 12:36:10 [agent_town.scheduler] INFO Worker poll: 60s
2026-03-09 12:36:16 [agent_town.scheduler] INFO [scout] Running cycle
2026-03-09 12:36:16 [agent_town.scheduler] INFO [scout] Agent thread started
2026-03-09 12:36:16 [agent_town.scheduler] INFO [worker] Agent thread started
2026-03-09 12:36:16 [agent_town.scheduler] INFO [bd] Running cycle
2026-03-09 12:36:16 [agent_town.scheduler] INFO [bd] Agent thread started
2026-03-09 12:36:16 [agent_town.scheduler] INFO Weekly report scheduled for Monday 08:00 UK
2026-03-09 12:36:16 [agent_town.scheduler] INFO All agents launched. Entering main loop.
2026-03-09 12:45:48 [agent_town.scheduler] INFO [scout] Cycle complete, sleeping 7200s
2026-03-09 12:53:39 [agent_town.scheduler] INFO [bd] Cycle complete, sleeping 7200s
2026-03-09 12:53:57 [agent_town.scheduler] INFO [bd] Running cycle
2026-03-09 12:57:12 [agent_town.scheduler] INFO ============================================================
2026-03-09 12:57:12 [agent_town.scheduler] INFO AGENT TOWN SCHEDULER STARTING
2026-03-09 12:57:12 [agent_town.scheduler] INFO ============================================================
2026-03-09 12:57:12 [agent_town.scheduler] INFO Scout interval: 7200s
2026-03-09 12:57:12 [agent_town.scheduler] INFO BD interval: 7200s
2026-03-09 12:57:12 [agent_town.scheduler] INFO Worker poll: 60s
2026-03-09 12:57:13 [agent_town.scheduler] INFO [scout] Running cycle
2026-03-09 12:57:13 [agent_town.scheduler] INFO [scout] Agent thread started
2026-03-09 12:57:13 [agent_town.scheduler] INFO [worker] Agent thread started
2026-03-09 12:57:13 [agent_town.scheduler] INFO [bd] Running cycle
2026-03-09 12:57:13 [agent_town.scheduler] INFO [bd] Agent thread started
2026-03-09 12:57:13 [agent_town.scheduler] INFO Weekly report scheduled for Monday 08:00 UK
2026-03-09 12:57:13 [agent_town.scheduler] INFO All agents launched. Entering main loop.
2026-03-09 13:03:56 [agent_town.scheduler] INFO ============================================================
2026-03-09 13:03:56 [agent_town.scheduler] INFO AGENT TOWN SCHEDULER STARTING
2026-03-09 13:03:56 [agent_town.scheduler] INFO ============================================================
2026-03-09 13:03:56 [agent_town.scheduler] INFO Scout interval: 7200s
2026-03-09 13:03:56 [agent_town.scheduler] INFO BD interval: 7200s
2026-03-09 13:03:56 [agent_town.scheduler] INFO Worker poll: 60s
2026-03-09 13:03:57 [agent_town.scheduler] INFO [scout] Running cycle
2026-03-09 13:03:57 [agent_town.scheduler] INFO [scout] Agent thread started
2026-03-09 13:03:57 [agent_town.scheduler] INFO [worker] Agent thread started
2026-03-09 13:03:57 [agent_town.scheduler] INFO [bd] Running cycle
2026-03-09 13:03:57 [agent_town.scheduler] INFO [bd] Agent thread started
2026-03-09 13:03:57 [agent_town.scheduler] INFO Weekly report scheduled for Monday 08:00 UK
2026-03-09 13:03:57 [agent_town.scheduler] INFO All agents launched. Entering main loop.
2026-03-09 13:08:17 [agent_town.scheduler] INFO [bd] Cycle complete, sleeping 7200s
2026-03-09 13:10:51 [agent_town.scheduler] INFO [scout] Cycle complete, sleeping 7200s
2026-03-09 13:18:28 [agent_town.scheduler] INFO [bd] Cycle complete, sleeping 7200s
2026-03-09 13:19:11 [agent_town.scheduler] INFO [scout] Running cycle
2026-03-09 13:19:30 [agent_town.scheduler] INFO [scout] Cycle complete, sleeping 7200s
2026-03-09 13:20:05 [agent_town.scheduler] INFO [bd] Running cycle
2026-03-09 13:20:26 [agent_town.scheduler] INFO [bd] Cycle complete, sleeping 7200s
2026-03-09 13:20:29 [agent_town.scheduler] INFO ============================================================
2026-03-09 13:20:29 [agent_town.scheduler] INFO AGENT TOWN SCHEDULER STARTING
2026-03-09 13:20:29 [agent_town.scheduler] INFO ============================================================
2026-03-09 13:20:29 [agent_town.scheduler] INFO Scout interval: 7200s
2026-03-09 13:20:29 [agent_town.scheduler] INFO BD interval: 7200s
2026-03-09 13:20:29 [agent_town.scheduler] INFO Worker poll: 60s
2026-03-09 13:20:34 [agent_town.scheduler] INFO [scout] Running cycle
2026-03-09 13:20:34 [agent_town.scheduler] INFO [scout] Agent thread started
2026-03-09 13:20:34 [agent_town.scheduler] INFO [worker] Agent thread started
2026-03-09 13:20:34 [agent_town.scheduler] INFO [bd] Running cycle
2026-03-09 13:20:34 [agent_town.scheduler] INFO [bd] Agent thread started
2026-03-09 13:20:34 [agent_town.scheduler] INFO Weekly report scheduled for Monday 08:00 UK
2026-03-09 13:20:34 [agent_town.scheduler] INFO All agents launched. Entering main loop.
2026-03-09 13:23:54 [agent_town.scheduler] INFO [scout] Cycle complete, sleeping 7200s
2026-03-09 13:34:56 [agent_town.scheduler] INFO [bd] Cycle complete, sleeping 7200s
2026-03-09 13:56:36 [agent_town.scheduler] INFO [scout] Running cycle
2026-03-09 14:10:14 [agent_town.scheduler] INFO [bd] Running cycle
2026-03-09 14:16:12 [agent_town.scheduler] INFO [scout] Running cycle
2026-03-09 14:24:13 [agent_town.scheduler] INFO [scout] Cycle complete, sleeping 7200s
2026-03-09 14:30:51 [agent_town.scheduler] INFO ============================================================
2026-03-09 14:30:51 [agent_town.scheduler] INFO AGENT TOWN SCHEDULER STARTING
2026-03-09 14:30:51 [agent_town.scheduler] INFO ============================================================
2026-03-09 14:30:51 [agent_town.scheduler] INFO Scout interval: 7200s
2026-03-09 14:30:51 [agent_town.scheduler] INFO BD interval: 7200s
2026-03-09 14:30:51 [agent_town.scheduler] INFO Worker poll: 60s
2026-03-09 14:30:55 [agent_town.scheduler] INFO [scout] Agent thread started
2026-03-09 14:30:55 [agent_town.scheduler] INFO [worker] Agent thread started
2026-03-09 14:30:55 [agent_town.scheduler] INFO [bd] Running cycle
2026-03-09 14:30:55 [agent_town.scheduler] INFO [bd] Agent thread started
2026-03-09 14:30:55 [agent_town.scheduler] INFO [darwin] Running cycle
2026-03-09 14:30:55 [agent_town.scheduler] INFO [darwin] Agent thread started
2026-03-09 14:30:55 [agent_town.scheduler] INFO Weekly report scheduled for Monday 08:00 UK
2026-03-09 14:30:55 [agent_town.scheduler] INFO All agents launched. Entering main loop.
2026-03-09 14:30:55 [agent_town.scheduler] INFO [scout] Running cycle
2026-03-09 14:31:13 [agent_town.scheduler] INFO [darwin] Cycle complete, sleeping 21600s
2026-03-09 14:35:16 [agent_town.scheduler] INFO [bd] Cycle complete, sleeping 7200s
2026-03-09 14:37:27 [agent_town.scheduler] INFO [scout] Cycle complete — triggering Darwin
2026-03-09 14:37:27 [agent_town.scheduler] INFO [darwin] Running post-Scout cycle
2026-03-09 14:37:43 [agent_town.scheduler] INFO [darwin] Post-Scout cycle complete
2026-03-09 14:41:17 [agent_town.scheduler] INFO [scout] Cycle complete, sleeping 7200s
2026-03-09 14:56:08 [agent_town.scheduler] INFO [bd] Cycle complete, sleeping 7200s
2026-03-09 15:08:17 [agent_town.scheduler] INFO [bd] Running cycle
2026-03-09 15:19:30 [agent_town.scheduler] INFO [scout] Running cycle
2026-03-09 15:19:47 [agent_town.scheduler] INFO [scout] Cycle complete, sleeping 7200s
2026-03-09 15:20:26 [agent_town.scheduler] INFO [bd] Running cycle
2026-03-09 15:20:45 [agent_town.scheduler] INFO [bd] Cycle complete, sleeping 7200s
2026-03-09 15:27:00 [agent_town.scheduler] INFO [bd] Cycle complete, sleeping 7200s
2026-03-09 15:39:35 [agent_town.scheduler] INFO ============================================================
2026-03-09 15:39:35 [agent_town.scheduler] INFO AGENT TOWN SCHEDULER STARTING
2026-03-09 15:39:35 [agent_town.scheduler] INFO ============================================================
2026-03-09 15:39:35 [agent_town.scheduler] INFO Scout interval: 7200s
2026-03-09 15:39:35 [agent_town.scheduler] INFO BD interval: 7200s
2026-03-09 15:39:35 [agent_town.scheduler] INFO Worker poll: 60s
2026-03-09 15:39:37 [agent_town.scheduler] INFO [scout] Agent thread started
2026-03-09 15:39:37 [agent_town.scheduler] INFO [worker] Agent thread started
2026-03-09 15:39:37 [agent_town.scheduler] INFO [bd] Running cycle
2026-03-09 15:39:37 [agent_town.scheduler] INFO [bd] Agent thread started
2026-03-09 15:39:37 [agent_town.scheduler] INFO [darwin] Running cycle
2026-03-09 15:39:37 [agent_town.scheduler] INFO [darwin] Agent thread started
2026-03-09 15:39:37 [agent_town.scheduler] INFO Weekly report scheduled for Monday 08:00 UK
2026-03-09 15:39:37 [agent_town.scheduler] INFO All agents launched. Entering main loop.
2026-03-09 15:39:37 [agent_town.scheduler] INFO [scout] Running cycle
2026-03-09 15:42:57 [agent_town.scheduler] INFO [scout] Cycle complete — triggering Darwin
2026-03-09 15:42:57 [agent_town.scheduler] INFO [darwin] Running post-Scout cycle
2026-03-09 15:43:27 [agent_town.scheduler] INFO [darwin] Post-Scout cycle complete
2026-03-09 15:44:19 [agent_town.scheduler] INFO [darwin] Cycle complete, sleeping 21600s
