2026-03-08 08:30:10 [agent_town.scout.x_monitor] INFO Scout X search 'agent marketplace': found 3 tweets
2026-03-08 09:15:09 [agent_town.scout.x_monitor] INFO Scout X search 'looking for agent to': found 20 tweets
2026-03-08 09:15:10 [agent_town.scout.x_monitor] INFO Scout X search 'need automation for': found 20 tweets
2026-03-08 09:15:11 [agent_town.scout.x_monitor] INFO Scout X search 'agent marketplace': found 20 tweets
2026-03-08 09:15:13 [agent_town.scout.x_monitor] INFO Scout X search 'a2a task': found 20 tweets
2026-03-08 09:15:15 [agent_town.scout.x_monitor] INFO Scout X search 'hiring bot developer': found 19 tweets
2026-03-08 09:15:16 [agent_town.scout.x_monitor] INFO Scout X search 'need scraping done': found 20 tweets
2026-03-08 09:15:18 [agent_town.scout.x_monitor] INFO Scout X search 'data extraction project': found 18 tweets
2026-03-08 09:15:20 [agent_town.scout.x_monitor] INFO Scout X search 'automate this workflow': found 20 tweets
2026-03-08 09:15:21 [agent_town.scout.x_monitor] INFO Scout X search 'need an AI agent': found 20 tweets
2026-03-08 09:15:23 [agent_town.scout.x_monitor] INFO Scout X search 'agent bounty': found 20 tweets
2026-03-08 09:15:23 [agent_town.scout.x_monitor] INFO Scout X scan: 197 unique tweets from 10 queries
2026-03-08 09:40:42 [agent_town.scout.x_monitor] INFO Scout X search 'looking for agent to': found 20 tweets
2026-03-08 09:40:43 [agent_town.scout.x_monitor] INFO Scout X search 'need automation for': found 20 tweets
2026-03-08 09:40:48 [agent_town.scout.x_monitor] INFO Scout X search 'agent marketplace': found 20 tweets
2026-03-08 09:40:49 [agent_town.scout.x_monitor] INFO Scout X search 'a2a task': found 20 tweets
2026-03-08 09:40:51 [agent_town.scout.x_monitor] INFO Scout X search 'hiring bot developer': found 19 tweets
2026-03-08 09:40:53 [agent_town.scout.x_monitor] INFO Scout X search 'need scraping done': found 20 tweets
2026-03-08 09:40:54 [agent_town.scout.x_monitor] INFO Scout X search 'data extraction project': found 18 tweets
2026-03-08 09:40:56 [agent_town.scout.x_monitor] INFO Scout X search 'automate this workflow': found 20 tweets
2026-03-08 09:40:57 [agent_town.scout.x_monitor] INFO Scout X search 'need an AI agent': found 20 tweets
2026-03-08 09:40:58 [agent_town.scout.x_monitor] INFO Scout X search 'agent bounty': found 20 tweets
2026-03-08 09:40:58 [agent_town.scout.x_monitor] INFO Scout X scan: 197 unique tweets from 10 queries
2026-03-08 11:15:25 [agent_town.scout.x_monitor] INFO Scout X search 'looking for agent to': found 20 tweets
2026-03-08 11:15:26 [agent_town.scout.x_monitor] INFO Scout X search 'need automation for': found 20 tweets
2026-03-08 11:15:28 [agent_town.scout.x_monitor] INFO Scout X search 'agent marketplace': found 20 tweets
2026-03-08 11:15:30 [agent_town.scout.x_monitor] INFO Scout X search 'a2a task': found 20 tweets
2026-03-08 11:15:32 [agent_town.scout.x_monitor] INFO Scout X search 'hiring bot developer': found 19 tweets
2026-03-08 11:15:33 [agent_town.scout.x_monitor] INFO Scout X search 'need scraping done': found 20 tweets
2026-03-08 11:15:35 [agent_town.scout.x_monitor] INFO Scout X search 'data extraction project': found 18 tweets
2026-03-08 11:15:37 [agent_town.scout.x_monitor] INFO Scout X search 'automate this workflow': found 20 tweets
2026-03-08 11:15:39 [agent_town.scout.x_monitor] INFO Scout X search 'need an AI agent': found 20 tweets
2026-03-08 11:15:40 [agent_town.scout.x_monitor] INFO Scout X search 'agent bounty': found 20 tweets
2026-03-08 11:15:40 [agent_town.scout.x_monitor] INFO Scout X scan: 197 unique tweets from 10 queries
2026-03-08 11:52:27 [agent_town.scout.x_monitor] INFO Scout X search 'looking for agent to': found 20 tweets
2026-03-08 11:52:29 [agent_town.scout.x_monitor] INFO Scout X search 'need automation for': found 20 tweets
2026-03-08 11:52:30 [agent_town.scout.x_monitor] INFO Scout X search 'agent marketplace': found 20 tweets
2026-03-08 11:52:32 [agent_town.scout.x_monitor] INFO Scout X search 'a2a task': found 20 tweets
2026-03-08 11:52:34 [agent_town.scout.x_monitor] INFO Scout X search 'hiring bot developer': found 19 tweets
2026-03-08 11:52:36 [agent_town.scout.x_monitor] INFO Scout X search 'need scraping done': found 20 tweets
2026-03-08 11:52:37 [agent_town.scout.x_monitor] INFO Scout X search 'data extraction project': found 18 tweets
2026-03-08 11:52:40 [agent_town.scout.x_monitor] INFO Scout X search 'automate this workflow': found 20 tweets
2026-03-08 11:52:41 [agent_town.scout.x_monitor] INFO Scout X search 'need an AI agent': found 20 tweets
2026-03-08 11:52:43 [agent_town.scout.x_monitor] INFO Scout X search 'agent bounty': found 20 tweets
2026-03-08 11:52:43 [agent_town.scout.x_monitor] INFO Scout X scan: 197 unique tweets from 10 queries
2026-03-08 13:15:42 [agent_town.scout.x_monitor] INFO Scout X search 'looking for agent to': found 20 tweets
2026-03-08 13:15:44 [agent_town.scout.x_monitor] INFO Scout X search 'need automation for': found 20 tweets
2026-03-08 13:15:45 [agent_town.scout.x_monitor] INFO Scout X search 'agent marketplace': found 20 tweets
2026-03-08 13:15:47 [agent_town.scout.x_monitor] INFO Scout X search 'a2a task': found 20 tweets
2026-03-08 13:15:49 [agent_town.scout.x_monitor] INFO Scout X search 'hiring bot developer': found 19 tweets
2026-03-08 13:15:50 [agent_town.scout.x_monitor] INFO Scout X search 'need scraping done': found 20 tweets
2026-03-08 13:15:53 [agent_town.scout.x_monitor] INFO Scout X search 'data extraction project': found 18 tweets
2026-03-08 13:15:54 [agent_town.scout.x_monitor] INFO Scout X search 'automate this workflow': found 20 tweets
2026-03-08 13:15:56 [agent_town.scout.x_monitor] INFO Scout X search 'need an AI agent': found 20 tweets
2026-03-08 13:15:57 [agent_town.scout.x_monitor] INFO Scout X search 'agent bounty': found 20 tweets
2026-03-08 13:15:57 [agent_town.scout.x_monitor] INFO Scout X scan: 196 unique tweets from 10 queries
2026-03-08 14:04:15 [agent_town.scout.x_monitor] INFO Scout X search 'looking for agent to': found 20 tweets
2026-03-08 14:04:16 [agent_town.scout.x_monitor] INFO Scout X search 'need automation for': found 20 tweets
2026-03-08 14:04:18 [agent_town.scout.x_monitor] INFO Scout X search 'agent marketplace': found 20 tweets
2026-03-08 14:04:20 [agent_town.scout.x_monitor] INFO Scout X search 'a2a task': found 20 tweets
2026-03-08 14:04:21 [agent_town.scout.x_monitor] INFO Scout X search 'hiring bot developer': found 19 tweets
2026-03-08 14:04:23 [agent_town.scout.x_monitor] INFO Scout X search 'need scraping done': found 20 tweets
2026-03-08 14:04:25 [agent_town.scout.x_monitor] INFO Scout X search 'data extraction project': found 18 tweets
2026-03-08 14:04:26 [agent_town.scout.x_monitor] INFO Scout X search 'automate this workflow': found 20 tweets
2026-03-08 14:04:27 [agent_town.scout.x_monitor] INFO Scout X search 'need an AI agent': found 20 tweets
2026-03-08 14:04:29 [agent_town.scout.x_monitor] INFO Scout X search 'agent bounty': found 20 tweets
2026-03-08 14:04:29 [agent_town.scout.x_monitor] INFO Scout X scan: 196 unique tweets from 10 queries
2026-03-08 15:15:59 [agent_town.scout.x_monitor] INFO Scout X search 'looking for agent to': found 20 tweets
2026-03-08 15:16:01 [agent_town.scout.x_monitor] INFO Scout X search 'need automation for': found 20 tweets
2026-03-08 15:16:03 [agent_town.scout.x_monitor] INFO Scout X search 'agent marketplace': found 20 tweets
2026-03-08 15:16:05 [agent_town.scout.x_monitor] INFO Scout X search 'a2a task': found 20 tweets
2026-03-08 15:16:06 [agent_town.scout.x_monitor] INFO Scout X search 'hiring bot developer': found 19 tweets
2026-03-08 15:16:09 [agent_town.scout.x_monitor] INFO Scout X search 'need scraping done': found 20 tweets
2026-03-08 15:16:11 [agent_town.scout.x_monitor] INFO Scout X search 'data extraction project': found 18 tweets
2026-03-08 15:16:13 [agent_town.scout.x_monitor] INFO Scout X search 'automate this workflow': found 20 tweets
2026-03-08 15:16:15 [agent_town.scout.x_monitor] INFO Scout X search 'need an AI agent': found 20 tweets
2026-03-08 15:16:17 [agent_town.scout.x_monitor] INFO Scout X search 'agent bounty': found 20 tweets
2026-03-08 15:16:17 [agent_town.scout.x_monitor] INFO Scout X scan: 196 unique tweets from 10 queries
2026-03-08 16:16:23 [agent_town.scout.x_monitor] INFO Scout X search 'looking for agent to': found 20 tweets
2026-03-08 16:16:25 [agent_town.scout.x_monitor] INFO Scout X search 'need automation for': found 20 tweets
2026-03-08 16:16:27 [agent_town.scout.x_monitor] INFO Scout X search 'agent marketplace': found 20 tweets
2026-03-08 16:16:28 [agent_town.scout.x_monitor] INFO Scout X search 'a2a task': found 20 tweets
2026-03-08 16:16:30 [agent_town.scout.x_monitor] INFO Scout X search 'hiring bot developer': found 19 tweets
2026-03-08 16:16:31 [agent_town.scout.x_monitor] INFO Scout X search 'need scraping done': found 20 tweets
2026-03-08 16:16:33 [agent_town.scout.x_monitor] INFO Scout X search 'data extraction project': found 18 tweets
2026-03-08 16:16:35 [agent_town.scout.x_monitor] INFO Scout X search 'automate this workflow': found 20 tweets
2026-03-08 16:16:36 [agent_town.scout.x_monitor] INFO Scout X search 'need an AI agent': found 20 tweets
2026-03-08 16:16:38 [agent_town.scout.x_monitor] INFO Scout X search 'agent bounty': found 20 tweets
2026-03-08 16:16:38 [agent_town.scout.x_monitor] INFO Scout X scan: 196 unique tweets from 10 queries
2026-03-08 17:16:19 [agent_town.scout.x_monitor] INFO Scout X search 'looking for agent to': found 20 tweets
2026-03-08 17:16:21 [agent_town.scout.x_monitor] INFO Scout X search 'need automation for': found 20 tweets
2026-03-08 17:16:22 [agent_town.scout.x_monitor] INFO Scout X search 'agent marketplace': found 20 tweets
2026-03-08 17:16:24 [agent_town.scout.x_monitor] INFO Scout X search 'a2a task': found 20 tweets
2026-03-08 17:16:25 [agent_town.scout.x_monitor] INFO Scout X search 'hiring bot developer': found 19 tweets
2026-03-08 17:16:27 [agent_town.scout.x_monitor] INFO Scout X search 'need scraping done': found 20 tweets
2026-03-08 17:16:29 [agent_town.scout.x_monitor] INFO Scout X search 'data extraction project': found 18 tweets
2026-03-08 17:16:30 [agent_town.scout.x_monitor] INFO Scout X search 'automate this workflow': found 20 tweets
2026-03-08 17:16:33 [agent_town.scout.x_monitor] INFO Scout X search 'need an AI agent': found 20 tweets
2026-03-08 17:16:34 [agent_town.scout.x_monitor] INFO Scout X search 'agent bounty': found 20 tweets
2026-03-08 17:16:34 [agent_town.scout.x_monitor] INFO Scout X scan: 196 unique tweets from 10 queries
2026-03-08 18:28:22 [agent_town.scout.x_monitor] INFO Scout X search 'looking for agent to': found 20 tweets
2026-03-08 18:28:23 [agent_town.scout.x_monitor] INFO Scout X search 'need automation for': found 20 tweets
2026-03-08 18:28:25 [agent_town.scout.x_monitor] INFO Scout X search 'agent marketplace': found 20 tweets
2026-03-08 18:28:27 [agent_town.scout.x_monitor] INFO Scout X search 'a2a task': found 20 tweets
2026-03-08 18:28:29 [agent_town.scout.x_monitor] INFO Scout X search 'hiring bot developer': found 19 tweets
2026-03-08 18:28:30 [agent_town.scout.x_monitor] INFO Scout X search 'need scraping done': found 20 tweets
2026-03-08 18:28:32 [agent_town.scout.x_monitor] INFO Scout X search 'data extraction project': found 18 tweets
2026-03-08 18:28:34 [agent_town.scout.x_monitor] INFO Scout X search 'automate this workflow': found 20 tweets
2026-03-08 18:28:36 [agent_town.scout.x_monitor] INFO Scout X search 'need an AI agent': found 20 tweets
2026-03-08 18:28:37 [agent_town.scout.x_monitor] INFO Scout X search 'agent bounty': found 20 tweets
2026-03-08 18:28:37 [agent_town.scout.x_monitor] INFO Scout X scan: 197 unique tweets from 10 queries
2026-03-08 19:16:36 [agent_town.scout.x_monitor] INFO Scout X search 'looking for agent to': found 20 tweets
2026-03-08 19:16:38 [agent_town.scout.x_monitor] INFO Scout X search 'need automation for': found 20 tweets
2026-03-08 19:16:39 [agent_town.scout.x_monitor] INFO Scout X search 'agent marketplace': found 20 tweets
2026-03-08 19:16:41 [agent_town.scout.x_monitor] INFO Scout X search 'a2a task': found 20 tweets
2026-03-08 19:16:42 [agent_town.scout.x_monitor] INFO Scout X search 'hiring bot developer': found 19 tweets
2026-03-08 19:16:44 [agent_town.scout.x_monitor] INFO Scout X search 'need scraping done': found 20 tweets
2026-03-08 19:16:46 [agent_town.scout.x_monitor] INFO Scout X search 'data extraction project': found 18 tweets
2026-03-08 19:16:47 [agent_town.scout.x_monitor] INFO Scout X search 'automate this workflow': found 20 tweets
2026-03-08 19:16:48 [agent_town.scout.x_monitor] INFO Scout X search 'need an AI agent': found 20 tweets
2026-03-08 19:16:58 [agent_town.scout.x_monitor] INFO Scout X search 'agent bounty': found 20 tweets
2026-03-08 19:16:58 [agent_town.scout.x_monitor] INFO Scout X scan: 197 unique tweets from 10 queries
2026-03-08 20:40:28 [agent_town.scout.x_monitor] INFO Scout X search 'looking for agent to': found 20 tweets
2026-03-08 20:40:29 [agent_town.scout.x_monitor] INFO Scout X search 'need automation for': found 20 tweets
2026-03-08 20:40:30 [agent_town.scout.x_monitor] INFO Scout X search 'agent marketplace': found 20 tweets
2026-03-08 20:40:32 [agent_town.scout.x_monitor] INFO Scout X search 'a2a task': found 20 tweets
2026-03-08 20:40:33 [agent_town.scout.x_monitor] INFO Scout X search 'hiring bot developer': found 19 tweets
2026-03-08 20:40:34 [agent_town.scout.x_monitor] INFO Scout X search 'need scraping done': found 20 tweets
2026-03-08 20:40:36 [agent_town.scout.x_monitor] INFO Scout X search 'data extraction project': found 18 tweets
2026-03-08 20:40:37 [agent_town.scout.x_monitor] INFO Scout X search 'automate this workflow': found 20 tweets
2026-03-08 20:40:39 [agent_town.scout.x_monitor] INFO Scout X search 'need an AI agent': found 20 tweets
2026-03-08 20:40:40 [agent_town.scout.x_monitor] INFO Scout X search 'agent bounty': found 20 tweets
2026-03-08 20:40:40 [agent_town.scout.x_monitor] INFO Scout X scan: 197 unique tweets from 10 queries
2026-03-08 21:17:00 [agent_town.scout.x_monitor] INFO Scout X search 'looking for agent to': found 20 tweets
2026-03-08 21:17:02 [agent_town.scout.x_monitor] INFO Scout X search 'need automation for': found 20 tweets
2026-03-08 21:17:03 [agent_town.scout.x_monitor] INFO Scout X search 'agent marketplace': found 20 tweets
2026-03-08 21:17:05 [agent_town.scout.x_monitor] INFO Scout X search 'a2a task': found 20 tweets
2026-03-08 21:17:07 [agent_town.scout.x_monitor] INFO Scout X search 'hiring bot developer': found 19 tweets
2026-03-08 21:17:08 [agent_town.scout.x_monitor] INFO Scout X search 'need scraping done': found 20 tweets
2026-03-08 21:17:10 [agent_town.scout.x_monitor] INFO Scout X search 'data extraction project': found 18 tweets
2026-03-08 21:17:11 [agent_town.scout.x_monitor] INFO Scout X search 'automate this workflow': found 20 tweets
2026-03-08 21:17:13 [agent_town.scout.x_monitor] INFO Scout X search 'need an AI agent': found 20 tweets
2026-03-08 21:17:14 [agent_town.scout.x_monitor] INFO Scout X search 'agent bounty': found 20 tweets
2026-03-08 21:17:14 [agent_town.scout.x_monitor] INFO Scout X scan: 196 unique tweets from 10 queries
2026-03-08 22:52:40 [agent_town.scout.x_monitor] INFO Scout X search 'looking for agent to': found 20 tweets
2026-03-08 22:52:41 [agent_town.scout.x_monitor] INFO Scout X search 'need automation for': found 20 tweets
2026-03-08 22:52:43 [agent_town.scout.x_monitor] INFO Scout X search 'agent marketplace': found 20 tweets
2026-03-08 22:52:44 [agent_town.scout.x_monitor] INFO Scout X search 'a2a task': found 20 tweets
2026-03-08 22:52:46 [agent_town.scout.x_monitor] INFO Scout X search 'hiring bot developer': found 19 tweets
2026-03-08 22:52:48 [agent_town.scout.x_monitor] INFO Scout X search 'need scraping done': found 20 tweets
2026-03-08 22:52:50 [agent_town.scout.x_monitor] INFO Scout X search 'data extraction project': found 18 tweets
2026-03-08 22:52:51 [agent_town.scout.x_monitor] INFO Scout X search 'automate this workflow': found 20 tweets
2026-03-08 22:52:53 [agent_town.scout.x_monitor] INFO Scout X search 'need an AI agent': found 20 tweets
2026-03-08 22:52:54 [agent_town.scout.x_monitor] INFO Scout X search 'agent bounty': found 20 tweets
2026-03-08 22:52:54 [agent_town.scout.x_monitor] INFO Scout X scan: 196 unique tweets from 10 queries
2026-03-08 23:17:16 [agent_town.scout.x_monitor] INFO Scout X search 'looking for agent to': found 20 tweets
2026-03-08 23:17:18 [agent_town.scout.x_monitor] INFO Scout X search 'need automation for': found 20 tweets
2026-03-08 23:17:20 [agent_town.scout.x_monitor] INFO Scout X search 'agent marketplace': found 20 tweets
2026-03-08 23:17:21 [agent_town.scout.x_monitor] INFO Scout X search 'a2a task': found 20 tweets
2026-03-08 23:17:22 [agent_town.scout.x_monitor] INFO Scout X search 'hiring bot developer': found 19 tweets
2026-03-08 23:17:24 [agent_town.scout.x_monitor] INFO Scout X search 'need scraping done': found 20 tweets
2026-03-08 23:17:26 [agent_town.scout.x_monitor] INFO Scout X search 'data extraction project': found 18 tweets
2026-03-08 23:17:27 [agent_town.scout.x_monitor] INFO Scout X search 'automate this workflow': found 20 tweets
2026-03-08 23:17:33 [agent_town.scout.x_monitor] INFO Scout X search 'need an AI agent': found 20 tweets
2026-03-08 23:17:35 [agent_town.scout.x_monitor] INFO Scout X search 'agent bounty': found 20 tweets
2026-03-08 23:17:35 [agent_town.scout.x_monitor] INFO Scout X scan: 196 unique tweets from 10 queries
2026-03-09 00:35:46 [agent_town.scout.x_monitor] INFO Scout X search 'looking for agent to': found 20 tweets
2026-03-09 00:35:47 [agent_town.scout.x_monitor] INFO Scout X search 'need automation for': found 20 tweets
2026-03-09 00:35:49 [agent_town.scout.x_monitor] INFO Scout X search 'agent marketplace': found 20 tweets
2026-03-09 00:35:53 [agent_town.scout.x_monitor] INFO Scout X search 'a2a task': found 20 tweets
2026-03-09 00:35:54 [agent_town.scout.x_monitor] INFO Scout X search 'hiring bot developer': found 19 tweets
2026-03-09 00:35:56 [agent_town.scout.x_monitor] INFO Scout X search 'need scraping done': found 20 tweets
2026-03-09 00:35:58 [agent_town.scout.x_monitor] INFO Scout X search 'data extraction project': found 18 tweets
2026-03-09 00:35:59 [agent_town.scout.x_monitor] INFO Scout X search 'automate this workflow': found 20 tweets
2026-03-09 00:36:00 [agent_town.scout.x_monitor] INFO Scout X search 'need an AI agent': found 20 tweets
2026-03-09 00:36:02 [agent_town.scout.x_monitor] INFO Scout X search 'agent bounty': found 20 tweets
2026-03-09 00:36:02 [agent_town.scout.x_monitor] INFO Scout X scan: 196 unique tweets from 10 queries
2026-03-09 01:04:34 [agent_town.scout.x_monitor] INFO Scout X search 'looking for agent to': found 20 tweets
2026-03-09 01:04:36 [agent_town.scout.x_monitor] INFO Scout X search 'need automation for': found 20 tweets
2026-03-09 01:04:41 [agent_town.scout.x_monitor] INFO Scout X search 'agent marketplace': found 20 tweets
2026-03-09 01:04:50 [agent_town.scout.x_monitor] INFO Scout X search 'a2a task': found 20 tweets
2026-03-09 01:05:00 [agent_town.scout.x_monitor] INFO Scout X search 'hiring bot developer': found 19 tweets
2026-03-09 01:05:03 [agent_town.scout.x_monitor] INFO Scout X search 'need scraping done': found 20 tweets
2026-03-09 01:05:09 [agent_town.scout.x_monitor] INFO Scout X search 'data extraction project': found 18 tweets
2026-03-09 01:05:13 [agent_town.scout.x_monitor] INFO Scout X search 'automate this workflow': found 20 tweets
2026-03-09 01:05:17 [agent_town.scout.x_monitor] INFO Scout X search 'need an AI agent': found 20 tweets
2026-03-09 01:05:20 [agent_town.scout.x_monitor] INFO Scout X search 'agent bounty': found 20 tweets
2026-03-09 01:05:20 [agent_town.scout.x_monitor] INFO Scout X scan: 196 unique tweets from 10 queries
2026-03-09 01:17:35 [agent_town.scout.x_monitor] INFO Scout X search 'looking for agent to': found 20 tweets
2026-03-09 01:17:36 [agent_town.scout.x_monitor] INFO Scout X search 'need automation for': found 20 tweets
2026-03-09 01:17:38 [agent_town.scout.x_monitor] INFO Scout X search 'agent marketplace': found 20 tweets
2026-03-09 01:17:39 [agent_town.scout.x_monitor] INFO Scout X search 'a2a task': found 20 tweets
2026-03-09 01:17:41 [agent_town.scout.x_monitor] INFO Scout X search 'hiring bot developer': found 19 tweets
2026-03-09 01:17:42 [agent_town.scout.x_monitor] INFO Scout X search 'need scraping done': found 20 tweets
2026-03-09 01:17:44 [agent_town.scout.x_monitor] INFO Scout X search 'data extraction project': found 18 tweets
2026-03-09 01:17:45 [agent_town.scout.x_monitor] INFO Scout X search 'automate this workflow': found 20 tweets
2026-03-09 01:17:47 [agent_town.scout.x_monitor] INFO Scout X search 'need an AI agent': found 20 tweets
2026-03-09 01:17:49 [agent_town.scout.x_monitor] INFO Scout X search 'agent bounty': found 20 tweets
2026-03-09 01:17:49 [agent_town.scout.x_monitor] INFO Scout X scan: 196 unique tweets from 10 queries
2026-03-09 02:48:42 [agent_town.scout.x_monitor] INFO Scout X search 'looking for agent to': found 20 tweets
2026-03-09 02:48:43 [agent_town.scout.x_monitor] INFO Scout X search 'need automation for': found 20 tweets
2026-03-09 02:48:45 [agent_town.scout.x_monitor] INFO Scout X search 'agent marketplace': found 20 tweets
2026-03-09 02:48:46 [agent_town.scout.x_monitor] INFO Scout X search 'a2a task': found 20 tweets
2026-03-09 02:48:48 [agent_town.scout.x_monitor] INFO Scout X search 'hiring bot developer': found 19 tweets
2026-03-09 02:48:49 [agent_town.scout.x_monitor] INFO Scout X search 'need scraping done': found 20 tweets
2026-03-09 02:48:51 [agent_town.scout.x_monitor] INFO Scout X search 'data extraction project': found 18 tweets
2026-03-09 02:48:52 [agent_town.scout.x_monitor] INFO Scout X search 'automate this workflow': found 20 tweets
2026-03-09 02:48:54 [agent_town.scout.x_monitor] INFO Scout X search 'need an AI agent': found 20 tweets
2026-03-09 02:48:55 [agent_town.scout.x_monitor] INFO Scout X search 'agent bounty': found 20 tweets
2026-03-09 02:48:55 [agent_town.scout.x_monitor] INFO Scout X scan: 196 unique tweets from 10 queries
2026-03-09 03:16:54 [agent_town.scout.x_monitor] INFO Scout X search 'looking for agent to': found 20 tweets
2026-03-09 03:16:56 [agent_town.scout.x_monitor] INFO Scout X search 'need automation for': found 20 tweets
2026-03-09 03:16:57 [agent_town.scout.x_monitor] INFO Scout X search 'agent marketplace': found 20 tweets
2026-03-09 03:16:59 [agent_town.scout.x_monitor] INFO Scout X search 'a2a task': found 20 tweets
2026-03-09 03:17:00 [agent_town.scout.x_monitor] INFO Scout X search 'hiring bot developer': found 19 tweets
2026-03-09 03:17:02 [agent_town.scout.x_monitor] INFO Scout X search 'need scraping done': found 20 tweets
2026-03-09 03:17:04 [agent_town.scout.x_monitor] INFO Scout X search 'data extraction project': found 18 tweets
2026-03-09 03:17:05 [agent_town.scout.x_monitor] INFO Scout X search 'automate this workflow': found 20 tweets
2026-03-09 03:17:06 [agent_town.scout.x_monitor] INFO Scout X search 'need an AI agent': found 20 tweets
2026-03-09 03:17:08 [agent_town.scout.x_monitor] INFO Scout X search 'agent bounty': found 20 tweets
2026-03-09 03:17:08 [agent_town.scout.x_monitor] INFO Scout X scan: 196 unique tweets from 10 queries
2026-03-09 03:17:51 [agent_town.scout.x_monitor] INFO Scout X search 'looking for agent to': found 20 tweets
2026-03-09 03:17:52 [agent_town.scout.x_monitor] INFO Scout X search 'need automation for': found 20 tweets
2026-03-09 03:17:54 [agent_town.scout.x_monitor] INFO Scout X search 'agent marketplace': found 20 tweets
2026-03-09 03:17:55 [agent_town.scout.x_monitor] INFO Scout X search 'a2a task': found 20 tweets
2026-03-09 03:17:57 [agent_town.scout.x_monitor] INFO Scout X search 'hiring bot developer': found 19 tweets
2026-03-09 03:17:59 [agent_town.scout.x_monitor] INFO Scout X search 'need scraping done': found 20 tweets
2026-03-09 03:18:00 [agent_town.scout.x_monitor] INFO Scout X search 'data extraction project': found 18 tweets
2026-03-09 03:18:02 [agent_town.scout.x_monitor] INFO Scout X search 'automate this workflow': found 20 tweets
2026-03-09 03:18:04 [agent_town.scout.x_monitor] INFO Scout X search 'need an AI agent': found 20 tweets
2026-03-09 03:18:05 [agent_town.scout.x_monitor] INFO Scout X search 'agent bounty': found 20 tweets
2026-03-09 03:18:05 [agent_town.scout.x_monitor] INFO Scout X scan: 196 unique tweets from 10 queries
2026-03-09 05:01:47 [agent_town.scout.x_monitor] INFO Scout X search 'looking for agent to': found 20 tweets
2026-03-09 05:01:48 [agent_town.scout.x_monitor] INFO Scout X search 'need automation for': found 20 tweets
2026-03-09 05:01:50 [agent_town.scout.x_monitor] INFO Scout X search 'agent marketplace': found 20 tweets
2026-03-09 05:01:52 [agent_town.scout.x_monitor] INFO Scout X search 'a2a task': found 20 tweets
2026-03-09 05:01:53 [agent_town.scout.x_monitor] INFO Scout X search 'hiring bot developer': found 19 tweets
2026-03-09 05:01:55 [agent_town.scout.x_monitor] INFO Scout X search 'need scraping done': found 20 tweets
2026-03-09 05:01:57 [agent_town.scout.x_monitor] INFO Scout X search 'data extraction project': found 18 tweets
2026-03-09 05:02:04 [agent_town.scout.x_monitor] INFO Scout X search 'automate this workflow': found 20 tweets
2026-03-09 05:02:05 [agent_town.scout.x_monitor] INFO Scout X search 'need an AI agent': found 20 tweets
2026-03-09 05:02:06 [agent_town.scout.x_monitor] INFO Scout X search 'agent bounty': found 20 tweets
2026-03-09 05:02:06 [agent_town.scout.x_monitor] INFO Scout X scan: 196 unique tweets from 10 queries
2026-03-09 05:18:07 [agent_town.scout.x_monitor] INFO Scout X search 'looking for agent to': found 20 tweets
2026-03-09 05:18:09 [agent_town.scout.x_monitor] INFO Scout X search 'need automation for': found 20 tweets
2026-03-09 05:18:10 [agent_town.scout.x_monitor] INFO Scout X search 'agent marketplace': found 20 tweets
2026-03-09 05:18:12 [agent_town.scout.x_monitor] INFO Scout X search 'a2a task': found 20 tweets
2026-03-09 05:18:13 [agent_town.scout.x_monitor] INFO Scout X search 'hiring bot developer': found 19 tweets
2026-03-09 05:18:15 [agent_town.scout.x_monitor] INFO Scout X search 'need scraping done': found 20 tweets
2026-03-09 05:18:16 [agent_town.scout.x_monitor] INFO Scout X search 'data extraction project': found 18 tweets
2026-03-09 05:18:17 [agent_town.scout.x_monitor] INFO Scout X search 'automate this workflow': found 20 tweets
2026-03-09 05:18:19 [agent_town.scout.x_monitor] INFO Scout X search 'need an AI agent': found 20 tweets
2026-03-09 05:18:20 [agent_town.scout.x_monitor] INFO Scout X search 'agent bounty': found 20 tweets
2026-03-09 05:18:20 [agent_town.scout.x_monitor] INFO Scout X scan: 196 unique tweets from 10 queries
2026-03-09 05:28:42 [agent_town.scout.x_monitor] INFO Scout X search 'looking for agent to': found 20 tweets
2026-03-09 05:28:43 [agent_town.scout.x_monitor] INFO Scout X search 'need automation for': found 20 tweets
2026-03-09 05:28:45 [agent_town.scout.x_monitor] INFO Scout X search 'agent marketplace': found 20 tweets
2026-03-09 05:28:47 [agent_town.scout.x_monitor] INFO Scout X search 'a2a task': found 20 tweets
2026-03-09 05:28:48 [agent_town.scout.x_monitor] INFO Scout X search 'hiring bot developer': found 19 tweets
2026-03-09 05:28:50 [agent_town.scout.x_monitor] INFO Scout X search 'need scraping done': found 20 tweets
2026-03-09 05:28:52 [agent_town.scout.x_monitor] INFO Scout X search 'data extraction project': found 18 tweets
2026-03-09 05:28:53 [agent_town.scout.x_monitor] INFO Scout X search 'automate this workflow': found 20 tweets
2026-03-09 05:28:54 [agent_town.scout.x_monitor] INFO Scout X search 'need an AI agent': found 20 tweets
2026-03-09 05:28:56 [agent_town.scout.x_monitor] INFO Scout X search 'agent bounty': found 20 tweets
2026-03-09 05:28:56 [agent_town.scout.x_monitor] INFO Scout X scan: 196 unique tweets from 10 queries
2026-03-09 07:14:51 [agent_town.scout.x_monitor] INFO Scout X search 'looking for agent to': found 20 tweets
2026-03-09 07:14:53 [agent_town.scout.x_monitor] INFO Scout X search 'need automation for': found 20 tweets
2026-03-09 07:14:54 [agent_town.scout.x_monitor] INFO Scout X search 'agent marketplace': found 20 tweets
2026-03-09 07:14:56 [agent_town.scout.x_monitor] INFO Scout X search 'a2a task': found 20 tweets
2026-03-09 07:14:57 [agent_town.scout.x_monitor] INFO Scout X search 'hiring bot developer': found 19 tweets
2026-03-09 07:14:59 [agent_town.scout.x_monitor] INFO Scout X search 'need scraping done': found 20 tweets
2026-03-09 07:15:00 [agent_town.scout.x_monitor] INFO Scout X search 'data extraction project': found 18 tweets
2026-03-09 07:15:02 [agent_town.scout.x_monitor] INFO Scout X search 'automate this workflow': found 20 tweets
2026-03-09 07:15:04 [agent_town.scout.x_monitor] INFO Scout X search 'need an AI agent': found 20 tweets
2026-03-09 07:15:05 [agent_town.scout.x_monitor] INFO Scout X search 'agent bounty': found 20 tweets
2026-03-09 07:15:05 [agent_town.scout.x_monitor] INFO Scout X scan: 197 unique tweets from 10 queries
2026-03-09 07:18:22 [agent_town.scout.x_monitor] INFO Scout X search 'looking for agent to': found 20 tweets
2026-03-09 07:18:23 [agent_town.scout.x_monitor] INFO Scout X search 'need automation for': found 20 tweets
2026-03-09 07:18:25 [agent_town.scout.x_monitor] INFO Scout X search 'agent marketplace': found 20 tweets
2026-03-09 07:18:27 [agent_town.scout.x_monitor] INFO Scout X search 'a2a task': found 20 tweets
2026-03-09 07:18:28 [agent_town.scout.x_monitor] INFO Scout X search 'hiring bot developer': found 19 tweets
2026-03-09 07:18:30 [agent_town.scout.x_monitor] INFO Scout X search 'need scraping done': found 20 tweets
2026-03-09 07:18:32 [agent_town.scout.x_monitor] INFO Scout X search 'data extraction project': found 18 tweets
2026-03-09 07:18:33 [agent_town.scout.x_monitor] INFO Scout X search 'automate this workflow': found 20 tweets
2026-03-09 07:18:35 [agent_town.scout.x_monitor] INFO Scout X search 'need an AI agent': found 20 tweets
2026-03-09 07:18:36 [agent_town.scout.x_monitor] INFO Scout X search 'agent bounty': found 20 tweets
2026-03-09 07:18:36 [agent_town.scout.x_monitor] INFO Scout X scan: 197 unique tweets from 10 queries
2026-03-09 07:40:26 [agent_town.scout.x_monitor] INFO Scout X search 'looking for agent to': found 20 tweets
2026-03-09 07:40:27 [agent_town.scout.x_monitor] INFO Scout X search 'need automation for': found 20 tweets
2026-03-09 07:40:30 [agent_town.scout.x_monitor] INFO Scout X search 'agent marketplace': found 20 tweets
2026-03-09 07:40:31 [agent_town.scout.x_monitor] INFO Scout X search 'a2a task': found 20 tweets
2026-03-09 07:40:32 [agent_town.scout.x_monitor] INFO Scout X search 'hiring bot developer': found 19 tweets
2026-03-09 07:40:34 [agent_town.scout.x_monitor] INFO Scout X search 'need scraping done': found 20 tweets
2026-03-09 07:40:35 [agent_town.scout.x_monitor] INFO Scout X search 'data extraction project': found 18 tweets
2026-03-09 07:40:37 [agent_town.scout.x_monitor] INFO Scout X search 'automate this workflow': found 20 tweets
2026-03-09 07:40:38 [agent_town.scout.x_monitor] INFO Scout X search 'need an AI agent': found 20 tweets
2026-03-09 07:40:39 [agent_town.scout.x_monitor] INFO Scout X search 'agent bounty': found 20 tweets
2026-03-09 07:40:39 [agent_town.scout.x_monitor] INFO Scout X scan: 197 unique tweets from 10 queries
2026-03-09 08:45:12 [agent_town.scout.x_monitor] INFO Scout X search 'looking for agent to': found 20 tweets
2026-03-09 08:45:14 [agent_town.scout.x_monitor] INFO Scout X search 'need automation for': found 20 tweets
2026-03-09 08:45:15 [agent_town.scout.x_monitor] INFO Scout X search 'agent marketplace': found 20 tweets
2026-03-09 08:45:17 [agent_town.scout.x_monitor] INFO Scout X search 'a2a task': found 20 tweets
2026-03-09 08:45:18 [agent_town.scout.x_monitor] INFO Scout X search 'hiring bot developer': found 19 tweets
2026-03-09 08:45:20 [agent_town.scout.x_monitor] INFO Scout X search 'need scraping done': found 20 tweets
2026-03-09 08:45:22 [agent_town.scout.x_monitor] INFO Scout X search 'data extraction project': found 18 tweets
2026-03-09 08:45:23 [agent_town.scout.x_monitor] INFO Scout X search 'automate this workflow': found 20 tweets
2026-03-09 08:45:25 [agent_town.scout.x_monitor] INFO Scout X search 'need an AI agent': found 20 tweets
2026-03-09 08:45:26 [agent_town.scout.x_monitor] INFO Scout X search 'agent bounty': found 20 tweets
2026-03-09 08:45:26 [agent_town.scout.x_monitor] INFO Scout X scan: 197 unique tweets from 10 queries
2026-03-09 09:18:38 [agent_town.scout.x_monitor] INFO Scout X search 'looking for agent to': found 20 tweets
2026-03-09 09:18:40 [agent_town.scout.x_monitor] INFO Scout X search 'need automation for': found 20 tweets
2026-03-09 09:18:42 [agent_town.scout.x_monitor] INFO Scout X search 'agent marketplace': found 20 tweets
2026-03-09 09:18:43 [agent_town.scout.x_monitor] INFO Scout X search 'a2a task': found 20 tweets
2026-03-09 09:18:45 [agent_town.scout.x_monitor] INFO Scout X search 'hiring bot developer': found 19 tweets
2026-03-09 09:18:47 [agent_town.scout.x_monitor] INFO Scout X search 'need scraping done': found 20 tweets
2026-03-09 09:18:49 [agent_town.scout.x_monitor] INFO Scout X search 'data extraction project': found 18 tweets
2026-03-09 09:18:50 [agent_town.scout.x_monitor] INFO Scout X search 'automate this workflow': found 20 tweets
2026-03-09 09:18:51 [agent_town.scout.x_monitor] INFO Scout X search 'need an AI agent': found 20 tweets
2026-03-09 09:18:53 [agent_town.scout.x_monitor] INFO Scout X search 'agent bounty': found 20 tweets
2026-03-09 09:18:53 [agent_town.scout.x_monitor] INFO Scout X scan: 197 unique tweets from 10 queries
2026-03-09 09:27:57 [agent_town.scout.x_monitor] INFO Scout X search 'looking for agent to': found 20 tweets
2026-03-09 09:27:59 [agent_town.scout.x_monitor] INFO Scout X search 'need automation for': found 20 tweets
2026-03-09 09:28:00 [agent_town.scout.x_monitor] INFO Scout X search 'agent marketplace': found 20 tweets
2026-03-09 09:28:02 [agent_town.scout.x_monitor] INFO Scout X search 'a2a task': found 20 tweets
2026-03-09 09:28:03 [agent_town.scout.x_monitor] INFO Scout X search 'hiring bot developer': found 19 tweets
2026-03-09 09:28:05 [agent_town.scout.x_monitor] INFO Scout X search 'need scraping done': found 20 tweets
2026-03-09 09:28:06 [agent_town.scout.x_monitor] INFO Scout X search 'data extraction project': found 18 tweets
2026-03-09 09:28:08 [agent_town.scout.x_monitor] INFO Scout X search 'automate this workflow': found 20 tweets
2026-03-09 09:28:09 [agent_town.scout.x_monitor] INFO Scout X search 'need an AI agent': found 20 tweets
2026-03-09 09:28:11 [agent_town.scout.x_monitor] INFO Scout X search 'agent bounty': found 20 tweets
2026-03-09 09:28:11 [agent_town.scout.x_monitor] INFO Scout X scan: 197 unique tweets from 10 queries
2026-03-09 09:29:40 [agent_town.scout.x_monitor] INFO Scout X search 'looking for agent to': found 20 tweets
2026-03-09 09:29:41 [agent_town.scout.x_monitor] INFO Scout X search 'need automation for': found 20 tweets
2026-03-09 09:29:43 [agent_town.scout.x_monitor] INFO Scout X search 'agent marketplace': found 20 tweets
2026-03-09 09:29:44 [agent_town.scout.x_monitor] INFO Scout X search 'a2a task': found 20 tweets
2026-03-09 09:29:46 [agent_town.scout.x_monitor] INFO Scout X search 'hiring bot developer': found 19 tweets
2026-03-09 09:29:48 [agent_town.scout.x_monitor] INFO Scout X search 'need scraping done': found 20 tweets
2026-03-09 09:29:50 [agent_town.scout.x_monitor] INFO Scout X search 'data extraction project': found 18 tweets
2026-03-09 09:29:51 [agent_town.scout.x_monitor] INFO Scout X search 'automate this workflow': found 20 tweets
2026-03-09 09:29:53 [agent_town.scout.x_monitor] INFO Scout X search 'need an AI agent': found 20 tweets
2026-03-09 09:29:54 [agent_town.scout.x_monitor] INFO Scout X search 'agent bounty': found 20 tweets
2026-03-09 09:29:54 [agent_town.scout.x_monitor] INFO Scout X scan: 197 unique tweets from 10 queries
2026-03-09 09:52:27 [agent_town.scout.x_monitor] INFO Scout X search 'looking for agent to': found 20 tweets
2026-03-09 09:52:29 [agent_town.scout.x_monitor] INFO Scout X search 'need automation for': found 20 tweets
2026-03-09 09:52:30 [agent_town.scout.x_monitor] INFO Scout X search 'agent marketplace': found 20 tweets
2026-03-09 09:52:38 [agent_town.scout.x_monitor] INFO Scout X search 'a2a task': found 20 tweets
2026-03-09 09:52:40 [agent_town.scout.x_monitor] INFO Scout X search 'hiring bot developer': found 19 tweets
2026-03-09 09:52:42 [agent_town.scout.x_monitor] INFO Scout X search 'need scraping done': found 20 tweets
2026-03-09 09:52:44 [agent_town.scout.x_monitor] INFO Scout X search 'data extraction project': found 18 tweets
2026-03-09 09:52:45 [agent_town.scout.x_monitor] INFO Scout X search 'automate this workflow': found 20 tweets
2026-03-09 09:52:48 [agent_town.scout.x_monitor] INFO Scout X search 'need an AI agent': found 20 tweets
2026-03-09 09:52:50 [agent_town.scout.x_monitor] INFO Scout X search 'agent bounty': found 20 tweets
2026-03-09 09:52:50 [agent_town.scout.x_monitor] INFO Scout X scan: 197 unique tweets from 10 queries
2026-03-09 11:18:55 [agent_town.scout.x_monitor] INFO Scout X search 'looking for agent to': found 20 tweets
2026-03-09 11:18:57 [agent_town.scout.x_monitor] INFO Scout X search 'need automation for': found 20 tweets
2026-03-09 11:18:58 [agent_town.scout.x_monitor] INFO Scout X search 'agent marketplace': found 20 tweets
2026-03-09 11:19:00 [agent_town.scout.x_monitor] INFO Scout X search 'a2a task': found 20 tweets
2026-03-09 11:19:02 [agent_town.scout.x_monitor] INFO Scout X search 'hiring bot developer': found 19 tweets
2026-03-09 11:19:04 [agent_town.scout.x_monitor] INFO Scout X search 'need scraping done': found 20 tweets
2026-03-09 11:19:06 [agent_town.scout.x_monitor] INFO Scout X search 'data extraction project': found 18 tweets
2026-03-09 11:19:08 [agent_town.scout.x_monitor] INFO Scout X search 'automate this workflow': found 20 tweets
2026-03-09 11:19:10 [agent_town.scout.x_monitor] INFO Scout X search 'need an AI agent': found 20 tweets
2026-03-09 11:19:11 [agent_town.scout.x_monitor] INFO Scout X search 'agent bounty': found 20 tweets
2026-03-09 11:19:11 [agent_town.scout.x_monitor] INFO Scout X scan: 197 unique tweets from 10 queries
2026-03-09 11:26:23 [agent_town.scout.x_monitor] INFO Scout X search 'looking for agent to': found 20 tweets
2026-03-09 11:26:25 [agent_town.scout.x_monitor] INFO Scout X search 'need automation for': found 20 tweets
2026-03-09 11:26:29 [agent_town.scout.x_monitor] INFO Scout X search 'agent marketplace': found 20 tweets
2026-03-09 11:26:31 [agent_town.scout.x_monitor] INFO Scout X search 'a2a task': found 20 tweets
2026-03-09 11:26:33 [agent_town.scout.x_monitor] INFO Scout X search 'hiring bot developer': found 19 tweets
2026-03-09 11:26:34 [agent_town.scout.x_monitor] INFO Scout X search 'need scraping done': found 20 tweets
2026-03-09 11:26:37 [agent_town.scout.x_monitor] INFO Scout X search 'data extraction project': found 18 tweets
2026-03-09 11:26:38 [agent_town.scout.x_monitor] INFO Scout X search 'automate this workflow': found 20 tweets
2026-03-09 11:26:40 [agent_town.scout.x_monitor] INFO Scout X search 'need an AI agent': found 20 tweets
2026-03-09 11:26:41 [agent_town.scout.x_monitor] INFO Scout X search 'agent bounty': found 20 tweets
2026-03-09 11:26:41 [agent_town.scout.x_monitor] INFO Scout X scan: 197 unique tweets from 10 queries
2026-03-09 11:41:23 [agent_town.scout.x_monitor] INFO Scout X search 'looking for agent to': found 20 tweets
2026-03-09 11:41:25 [agent_town.scout.x_monitor] INFO Scout X search 'need automation for': found 20 tweets
2026-03-09 11:41:26 [agent_town.scout.x_monitor] INFO Scout X search 'agent marketplace': found 20 tweets
2026-03-09 11:41:28 [agent_town.scout.x_monitor] INFO Scout X search 'a2a task': found 20 tweets
2026-03-09 11:41:29 [agent_town.scout.x_monitor] INFO Scout X search 'hiring bot developer': found 19 tweets
2026-03-09 11:41:31 [agent_town.scout.x_monitor] INFO Scout X search 'need scraping done': found 20 tweets
2026-03-09 11:41:40 [agent_town.scout.x_monitor] INFO Scout X search 'data extraction project': found 18 tweets
2026-03-09 11:41:42 [agent_town.scout.x_monitor] INFO Scout X search 'automate this workflow': found 20 tweets
2026-03-09 11:41:44 [agent_town.scout.x_monitor] INFO Scout X search 'need an AI agent': found 20 tweets
2026-03-09 11:41:45 [agent_town.scout.x_monitor] INFO Scout X search 'agent bounty': found 20 tweets
2026-03-09 11:41:45 [agent_town.scout.x_monitor] INFO Scout X scan: 197 unique tweets from 10 queries
2026-03-09 12:04:48 [agent_town.scout.x_monitor] INFO Scout X search 'looking for agent to': found 20 tweets
2026-03-09 12:04:51 [agent_town.scout.x_monitor] INFO Scout X search 'need automation for': found 20 tweets
2026-03-09 12:04:52 [agent_town.scout.x_monitor] INFO Scout X search 'agent marketplace': found 20 tweets
2026-03-09 12:04:54 [agent_town.scout.x_monitor] INFO Scout X search 'a2a task': found 20 tweets
2026-03-09 12:04:55 [agent_town.scout.x_monitor] INFO Scout X search 'hiring bot developer': found 19 tweets
2026-03-09 12:04:57 [agent_town.scout.x_monitor] INFO Scout X search 'need scraping done': found 20 tweets
2026-03-09 12:04:58 [agent_town.scout.x_monitor] INFO Scout X search 'data extraction project': found 8 tweets
2026-03-09 12:05:00 [agent_town.scout.x_monitor] INFO Scout X search 'automate this workflow': found 20 tweets
2026-03-09 12:05:02 [agent_town.scout.x_monitor] INFO Scout X search 'need an AI agent': found 20 tweets
2026-03-09 12:05:04 [agent_town.scout.x_monitor] INFO Scout X search 'agent bounty': found 20 tweets
2026-03-09 12:05:04 [agent_town.scout.x_monitor] INFO Scout X scan: 187 unique tweets from 10 queries
2026-03-09 12:36:19 [agent_town.scout.x_monitor] INFO Scout X search 'looking for agent to': found 20 tweets
2026-03-09 12:36:21 [agent_town.scout.x_monitor] INFO Scout X search 'need automation for': found 20 tweets
2026-03-09 12:36:23 [agent_town.scout.x_monitor] INFO Scout X search 'agent marketplace': found 20 tweets
2026-03-09 12:36:24 [agent_town.scout.x_monitor] INFO Scout X search 'a2a task': found 20 tweets
2026-03-09 12:36:26 [agent_town.scout.x_monitor] INFO Scout X search 'hiring bot developer': found 19 tweets
2026-03-09 12:36:27 [agent_town.scout.x_monitor] INFO Scout X search 'need scraping done': found 20 tweets
2026-03-09 12:36:30 [agent_town.scout.x_monitor] INFO Scout X search 'data extraction project': found 18 tweets
2026-03-09 12:36:31 [agent_town.scout.x_monitor] INFO Scout X search 'automate this workflow': found 20 tweets
2026-03-09 12:36:35 [agent_town.scout.x_monitor] INFO Scout X search 'need an AI agent': found 20 tweets
2026-03-09 12:36:37 [agent_town.scout.x_monitor] INFO Scout X search 'agent bounty': found 20 tweets
2026-03-09 12:36:37 [agent_town.scout.x_monitor] INFO Scout X scan: 197 unique tweets from 10 queries
2026-03-09 12:57:15 [agent_town.scout.x_monitor] INFO Scout X search 'looking for agent to': found 20 tweets
2026-03-09 12:57:17 [agent_town.scout.x_monitor] INFO Scout X search 'need automation for': found 20 tweets
2026-03-09 12:57:19 [agent_town.scout.x_monitor] INFO Scout X search 'agent marketplace': found 20 tweets
2026-03-09 12:57:21 [agent_town.scout.x_monitor] INFO Scout X search 'a2a task': found 20 tweets
2026-03-09 12:57:23 [agent_town.scout.x_monitor] INFO Scout X search 'hiring bot developer': found 19 tweets
2026-03-09 12:57:25 [agent_town.scout.x_monitor] INFO Scout X search 'need scraping done': found 20 tweets
2026-03-09 12:57:27 [agent_town.scout.x_monitor] INFO Scout X search 'data extraction project': found 18 tweets
2026-03-09 12:57:28 [agent_town.scout.x_monitor] INFO Scout X search 'automate this workflow': found 20 tweets
2026-03-09 12:57:30 [agent_town.scout.x_monitor] INFO Scout X search 'need an AI agent': found 20 tweets
2026-03-09 12:57:31 [agent_town.scout.x_monitor] INFO Scout X search 'agent bounty': found 20 tweets
2026-03-09 12:57:31 [agent_town.scout.x_monitor] INFO Scout X scan: 197 unique tweets from 10 queries
2026-03-09 13:03:59 [agent_town.scout.x_monitor] INFO Scout X search 'looking for agent to': found 20 tweets
2026-03-09 13:04:01 [agent_town.scout.x_monitor] INFO Scout X search 'need automation for': found 20 tweets
2026-03-09 13:04:02 [agent_town.scout.x_monitor] INFO Scout X search 'agent marketplace': found 20 tweets
2026-03-09 13:04:04 [agent_town.scout.x_monitor] INFO Scout X search 'a2a task': found 20 tweets
2026-03-09 13:04:06 [agent_town.scout.x_monitor] INFO Scout X search 'hiring bot developer': found 19 tweets
2026-03-09 13:04:10 [agent_town.scout.x_monitor] INFO Scout X search 'need scraping done': found 20 tweets
2026-03-09 13:04:12 [agent_town.scout.x_monitor] INFO Scout X search 'data extraction project': found 18 tweets
2026-03-09 13:04:13 [agent_town.scout.x_monitor] INFO Scout X search 'automate this workflow': found 20 tweets
2026-03-09 13:04:15 [agent_town.scout.x_monitor] INFO Scout X search 'need an AI agent': found 20 tweets
2026-03-09 13:04:17 [agent_town.scout.x_monitor] INFO Scout X search 'agent bounty': found 20 tweets
2026-03-09 13:04:17 [agent_town.scout.x_monitor] INFO Scout X scan: 197 unique tweets from 10 queries
2026-03-09 13:19:13 [agent_town.scout.x_monitor] INFO Scout X search 'looking for agent to': found 20 tweets
2026-03-09 13:19:15 [agent_town.scout.x_monitor] INFO Scout X search 'need automation for': found 20 tweets
2026-03-09 13:19:17 [agent_town.scout.x_monitor] INFO Scout X search 'agent marketplace': found 20 tweets
2026-03-09 13:19:19 [agent_town.scout.x_monitor] INFO Scout X search 'a2a task': found 20 tweets
2026-03-09 13:19:20 [agent_town.scout.x_monitor] INFO Scout X search 'hiring bot developer': found 19 tweets
2026-03-09 13:19:22 [agent_town.scout.x_monitor] INFO Scout X search 'need scraping done': found 20 tweets
2026-03-09 13:19:24 [agent_town.scout.x_monitor] INFO Scout X search 'data extraction project': found 18 tweets
2026-03-09 13:19:26 [agent_town.scout.x_monitor] INFO Scout X search 'automate this workflow': found 20 tweets
2026-03-09 13:19:28 [agent_town.scout.x_monitor] INFO Scout X search 'need an AI agent': found 20 tweets
2026-03-09 13:19:29 [agent_town.scout.x_monitor] INFO Scout X search 'agent bounty': found 20 tweets
2026-03-09 13:19:29 [agent_town.scout.x_monitor] INFO Scout X scan: 197 unique tweets from 10 queries
2026-03-09 13:20:37 [agent_town.scout.x_monitor] INFO Scout X search 'looking for agent to': found 20 tweets
2026-03-09 13:20:38 [agent_town.scout.x_monitor] INFO Scout X search 'need automation for': found 20 tweets
2026-03-09 13:20:40 [agent_town.scout.x_monitor] INFO Scout X search 'agent marketplace': found 20 tweets
2026-03-09 13:20:42 [agent_town.scout.x_monitor] INFO Scout X search 'a2a task': found 20 tweets
2026-03-09 13:20:43 [agent_town.scout.x_monitor] INFO Scout X search 'hiring bot developer': found 19 tweets
2026-03-09 13:20:45 [agent_town.scout.x_monitor] INFO Scout X search 'need scraping done': found 20 tweets
2026-03-09 13:20:47 [agent_town.scout.x_monitor] INFO Scout X search 'data extraction project': found 18 tweets
2026-03-09 13:20:48 [agent_town.scout.x_monitor] INFO Scout X search 'automate this workflow': found 20 tweets
2026-03-09 13:20:50 [agent_town.scout.x_monitor] INFO Scout X search 'need an AI agent': found 20 tweets
2026-03-09 13:20:52 [agent_town.scout.x_monitor] INFO Scout X search 'agent bounty': found 20 tweets
2026-03-09 13:20:52 [agent_town.scout.x_monitor] INFO Scout X scan: 197 unique tweets from 10 queries
2026-03-09 13:56:38 [agent_town.scout.x_monitor] INFO Scout X search 'looking for agent to': found 20 tweets
2026-03-09 13:56:39 [agent_town.scout.x_monitor] INFO Scout X search 'need automation for': found 20 tweets
2026-03-09 13:56:41 [agent_town.scout.x_monitor] INFO Scout X search 'agent marketplace': found 20 tweets
2026-03-09 13:56:42 [agent_town.scout.x_monitor] INFO Scout X search 'a2a task': found 20 tweets
2026-03-09 13:56:44 [agent_town.scout.x_monitor] INFO Scout X search 'hiring bot developer': found 19 tweets
2026-03-09 13:56:46 [agent_town.scout.x_monitor] INFO Scout X search 'need scraping done': found 20 tweets
2026-03-09 13:56:50 [agent_town.scout.x_monitor] INFO Scout X search 'data extraction project': found 18 tweets
2026-03-09 13:56:52 [agent_town.scout.x_monitor] INFO Scout X search 'automate this workflow': found 20 tweets
2026-03-09 13:56:55 [agent_town.scout.x_monitor] INFO Scout X search 'need an AI agent': found 20 tweets
2026-03-09 13:56:56 [agent_town.scout.x_monitor] INFO Scout X search 'agent bounty': found 20 tweets
2026-03-09 13:56:56 [agent_town.scout.x_monitor] INFO Scout X scan: 197 unique tweets from 10 queries
2026-03-09 14:16:14 [agent_town.scout.x_monitor] INFO Scout X search 'looking for agent to': found 20 tweets
2026-03-09 14:16:24 [agent_town.scout.x_monitor] INFO Scout X search 'need automation for': found 20 tweets
2026-03-09 14:16:25 [agent_town.scout.x_monitor] INFO Scout X search 'agent marketplace': found 20 tweets
2026-03-09 14:16:27 [agent_town.scout.x_monitor] INFO Scout X search 'a2a task': found 20 tweets
2026-03-09 14:16:29 [agent_town.scout.x_monitor] INFO Scout X search 'hiring bot developer': found 19 tweets
2026-03-09 14:16:31 [agent_town.scout.x_monitor] INFO Scout X search 'need scraping done': found 20 tweets
2026-03-09 14:16:33 [agent_town.scout.x_monitor] INFO Scout X search 'data extraction project': found 18 tweets
2026-03-09 14:16:34 [agent_town.scout.x_monitor] INFO Scout X search 'automate this workflow': found 20 tweets
2026-03-09 14:16:36 [agent_town.scout.x_monitor] INFO Scout X search 'need an AI agent': found 20 tweets
2026-03-09 14:16:38 [agent_town.scout.x_monitor] INFO Scout X search 'agent bounty': found 20 tweets
2026-03-09 14:16:38 [agent_town.scout.x_monitor] INFO Scout X scan: 197 unique tweets from 10 queries
2026-03-09 14:30:58 [agent_town.scout.x_monitor] INFO Scout X search 'looking for agent to': found 20 tweets
2026-03-09 14:31:00 [agent_town.scout.x_monitor] INFO Scout X search 'need automation for': found 20 tweets
2026-03-09 14:31:02 [agent_town.scout.x_monitor] INFO Scout X search 'agent marketplace': found 20 tweets
2026-03-09 14:31:04 [agent_town.scout.x_monitor] INFO Scout X search 'a2a task': found 20 tweets
2026-03-09 14:31:05 [agent_town.scout.x_monitor] INFO Scout X search 'hiring bot developer': found 19 tweets
2026-03-09 14:31:09 [agent_town.scout.x_monitor] INFO Scout X search 'need scraping done': found 20 tweets
2026-03-09 14:31:11 [agent_town.scout.x_monitor] INFO Scout X search 'data extraction project': found 18 tweets
2026-03-09 14:31:13 [agent_town.scout.x_monitor] INFO Scout X search 'automate this workflow': found 20 tweets
2026-03-09 14:31:14 [agent_town.scout.x_monitor] INFO Scout X search 'need an AI agent': found 20 tweets
2026-03-09 14:31:16 [agent_town.scout.x_monitor] INFO Scout X search 'agent bounty': found 20 tweets
2026-03-09 14:31:16 [agent_town.scout.x_monitor] INFO Scout X scan: 197 unique tweets from 10 queries
2026-03-09 15:19:32 [agent_town.scout.x_monitor] INFO Scout X search 'looking for agent to': found 20 tweets
2026-03-09 15:19:33 [agent_town.scout.x_monitor] INFO Scout X search 'need automation for': found 20 tweets
2026-03-09 15:19:35 [agent_town.scout.x_monitor] INFO Scout X search 'agent marketplace': found 20 tweets
2026-03-09 15:19:37 [agent_town.scout.x_monitor] INFO Scout X search 'a2a task': found 20 tweets
2026-03-09 15:19:39 [agent_town.scout.x_monitor] INFO Scout X search 'hiring bot developer': found 19 tweets
2026-03-09 15:19:40 [agent_town.scout.x_monitor] INFO Scout X search 'need scraping done': found 20 tweets
2026-03-09 15:19:42 [agent_town.scout.x_monitor] INFO Scout X search 'data extraction project': found 18 tweets
2026-03-09 15:19:43 [agent_town.scout.x_monitor] INFO Scout X search 'automate this workflow': found 20 tweets
2026-03-09 15:19:45 [agent_town.scout.x_monitor] INFO Scout X search 'need an AI agent': found 20 tweets
2026-03-09 15:19:47 [agent_town.scout.x_monitor] INFO Scout X search 'agent bounty': found 20 tweets
2026-03-09 15:19:47 [agent_town.scout.x_monitor] INFO Scout X scan: 197 unique tweets from 10 queries
2026-03-09 15:39:39 [agent_town.scout.x_monitor] INFO Scout X search 'looking for agent to': found 20 tweets
2026-03-09 15:39:41 [agent_town.scout.x_monitor] INFO Scout X search 'need automation for': found 20 tweets
2026-03-09 15:39:43 [agent_town.scout.x_monitor] INFO Scout X search 'agent marketplace': found 20 tweets
2026-03-09 15:39:44 [agent_town.scout.x_monitor] INFO Scout X search 'a2a task': found 20 tweets
2026-03-09 15:39:46 [agent_town.scout.x_monitor] INFO Scout X search 'hiring bot developer': found 19 tweets
2026-03-09 15:39:48 [agent_town.scout.x_monitor] INFO Scout X search 'need scraping done': found 20 tweets
2026-03-09 15:39:50 [agent_town.scout.x_monitor] INFO Scout X search 'data extraction project': found 18 tweets
2026-03-09 15:39:52 [agent_town.scout.x_monitor] INFO Scout X search 'automate this workflow': found 20 tweets
2026-03-09 15:39:54 [agent_town.scout.x_monitor] INFO Scout X search 'need an AI agent': found 20 tweets
2026-03-09 15:39:55 [agent_town.scout.x_monitor] INFO Scout X search 'agent bounty': found 20 tweets
2026-03-09 15:39:55 [agent_town.scout.x_monitor] INFO Scout X scan: 197 unique tweets from 10 queries
