2026-03-07 20:35:29 [agent_town.supabase] INFO Supabase client initialized
2026-03-07 20:42:04 [agent_town.supabase] INFO Supabase client initialized
2026-03-07 20:42:05 [agent_town.supabase] WARNING Supabase call upsert_prospect failed (attempt 1/3): {'message': 'there is no unique or exclusion constraint matching the ON CONFLICT specification', 'code': '42P10', 'hint': None, 'details': None}. Retrying in 1.0s
2026-03-07 20:42:06 [agent_town.supabase] WARNING Supabase call upsert_prospect failed (attempt 2/3): {'message': 'there is no unique or exclusion constraint matching the ON CONFLICT specification', 'code': '42P10', 'hint': None, 'details': None}. Retrying in 2.0s
2026-03-07 20:42:08 [agent_town.supabase] WARNING Supabase call upsert_prospect failed (attempt 3/3): {'message': 'there is no unique or exclusion constraint matching the ON CONFLICT specification', 'code': '42P10', 'hint': None, 'details': None}. Retrying in 4.0s
2026-03-07 20:42:12 [agent_town.supabase] ERROR Supabase call upsert_prospect failed after 3 retries
2026-03-07 21:29:52 [agent_town.supabase] INFO Supabase client initialized
2026-03-07 21:30:16 [agent_town.supabase] INFO Supabase client initialized
2026-03-07 21:40:07 [agent_town.supabase] INFO Supabase client initialized
2026-03-08 08:58:34 [agent_town.supabase] INFO Supabase client initialized
2026-03-08 08:58:43 [agent_town.supabase] INFO Supabase client initialized
2026-03-08 09:15:06 [agent_town.supabase] INFO Supabase client initialized
2026-03-08 09:15:06 [agent_town.supabase] INFO Supabase client initialized
2026-03-08 09:15:06 [agent_town.supabase] INFO Supabase client initialized
2026-03-08 09:15:07 [agent_town.supabase] WARNING Supabase call get_new_opportunities failed (attempt 1/3): [WinError 10035] A non-blocking socket operation could not be completed immediately. Retrying in 1.0s
2026-03-08 09:15:07 [agent_town.supabase] WARNING Supabase call get_new_opportunities failed (attempt 1/3): [WinError 10035] A non-blocking socket operation could not be completed immediately. Retrying in 1.0s
2026-03-08 09:40:40 [agent_town.supabase] INFO Supabase client initialized
2026-03-08 09:40:40 [agent_town.supabase] INFO Supabase client initialized
2026-03-08 09:40:40 [agent_town.supabase] INFO Supabase client initialized
2026-03-08 21:17:33 [agent_town.supabase] WARNING Supabase call upsert_prospect failed (attempt 1/3): [WinError 10035] A non-blocking socket operation could not be completed immediately. Retrying in 1.0s
2026-03-08 21:17:33 [agent_town.supabase] WARNING Supabase call get_new_opportunities failed (attempt 1/3): [WinError 10035] A non-blocking socket operation could not be completed immediately. Retrying in 1.0s
2026-03-09 00:35:44 [agent_town.supabase] INFO Supabase client initialized
2026-03-09 00:35:44 [agent_town.supabase] INFO Supabase client initialized
2026-03-09 00:35:44 [agent_town.supabase] INFO Supabase client initialized
2026-03-09 07:19:10 [agent_town.supabase] WARNING Supabase call update_opportunity failed (attempt 1/3): [WinError 10035] A non-blocking socket operation could not be completed immediately. Retrying in 1.0s
2026-03-09 07:19:10 [agent_town.supabase] WARNING Supabase call log_run_end failed (attempt 1/3): [WinError 10035] A non-blocking socket operation could not be completed immediately. Retrying in 1.0s
2026-03-09 08:45:10 [agent_town.supabase] INFO Supabase client initialized
2026-03-09 08:45:10 [agent_town.supabase] INFO Supabase client initialized
2026-03-09 08:45:10 [agent_town.supabase] INFO Supabase client initialized
2026-03-09 09:29:37 [agent_town.supabase] INFO Supabase client initialized
2026-03-09 09:29:37 [agent_town.supabase] INFO Supabase client initialized
2026-03-09 09:29:37 [agent_town.supabase] INFO Supabase client initialized
2026-03-09 09:36:12 [agent_town.supabase] WARNING Supabase call log_run_start failed (attempt 1/3): [WinError 10035] A non-blocking socket operation could not be completed immediately. Retrying in 1.0s
2026-03-09 09:36:12 [agent_town.supabase] WARNING Supabase call insert_opportunity failed (attempt 1/3): [WinError 10035] A non-blocking socket operation could not be completed immediately. Retrying in 1.0s
2026-03-09 09:52:11 [agent_town.supabase] INFO Supabase client initialized
2026-03-09 11:18:26 [agent_town.supabase] INFO Supabase client initialized
2026-03-09 11:26:21 [agent_town.supabase] INFO Supabase client initialized
2026-03-09 11:26:21 [agent_town.supabase] INFO Supabase client initialized
2026-03-09 11:26:21 [agent_town.supabase] INFO Supabase client initialized
2026-03-09 12:36:17 [agent_town.supabase] INFO Supabase client initialized
2026-03-09 12:36:17 [agent_town.supabase] INFO Supabase client initialized
2026-03-09 12:36:17 [agent_town.supabase] INFO Supabase client initialized
2026-03-09 12:57:13 [agent_town.supabase] INFO Supabase client initialized
2026-03-09 12:57:13 [agent_town.supabase] INFO Supabase client initialized
2026-03-09 12:57:13 [agent_town.supabase] INFO Supabase client initialized
2026-03-09 13:03:57 [agent_town.supabase] INFO Supabase client initialized
2026-03-09 13:03:57 [agent_town.supabase] INFO Supabase client initialized
2026-03-09 13:03:57 [agent_town.supabase] INFO Supabase client initialized
2026-03-09 13:17:32 [agent_town.supabase] INFO Supabase client initialized
2026-03-09 13:18:51 [agent_town.supabase] INFO Supabase client initialized
2026-03-09 13:18:57 [agent_town.supabase] INFO Supabase client initialized
2026-03-09 13:19:54 [agent_town.supabase] INFO Supabase client initialized
2026-03-09 13:20:35 [agent_town.supabase] INFO Supabase client initialized
2026-03-09 13:20:35 [agent_town.supabase] INFO Supabase client initialized
2026-03-09 13:20:35 [agent_town.supabase] INFO Supabase client initialized
2026-03-09 13:23:07 [agent_town.supabase] INFO Supabase client initialized
2026-03-09 13:24:47 [agent_town.supabase] INFO Supabase client initialized
2026-03-09 13:25:12 [agent_town.supabase] INFO Supabase client initialized
2026-03-09 13:25:36 [agent_town.supabase] INFO Supabase client initialized
2026-03-09 13:26:12 [agent_town.supabase] INFO Supabase client initialized
2026-03-09 14:30:01 [agent_town.supabase] INFO Supabase client initialized
2026-03-09 14:30:56 [agent_town.supabase] INFO Supabase client initialized
2026-03-09 14:30:56 [agent_town.supabase] INFO Supabase client initialized
2026-03-09 14:30:56 [agent_town.supabase] INFO Supabase client initialized
2026-03-09 14:30:56 [agent_town.supabase] INFO Supabase client initialized
2026-03-09 15:30:32 [agent_town.supabase] INFO Supabase client initialized
2026-03-09 15:39:37 [agent_town.supabase] INFO Supabase client initialized
2026-03-09 15:39:37 [agent_town.supabase] INFO Supabase client initialized
2026-03-09 15:39:37 [agent_town.supabase] INFO Supabase client initialized
2026-03-09 15:39:37 [agent_town.supabase] INFO Supabase client initialized
2026-03-09 15:43:20 [agent_town.supabase] INFO Supabase client initialized
2026-03-09 15:43:29 [agent_town.supabase] INFO Supabase client initialized
2026-03-09 15:43:29 [agent_town.supabase] INFO Supabase client initialized
2026-03-09 15:43:47 [agent_town.supabase] INFO Supabase client initialized
2026-03-09 15:43:54 [agent_town.supabase] INFO Supabase client initialized
