2026-03-08 09:49:19 [agent_town.worker.scraper] WARNING Script failed (exit 1): Traceback (most recent call last):
  File "C:\Users\theka\AppData\Local\Temp\tmp59m4gt44.py", line 1, in <module>
    import tweepy
ModuleNotFoundError: No module named 'tweepy'

2026-03-08 11:55:54 [agent_town.worker.scraper] WARNING Script failed (exit 1): Traceback (most recent call last):
  File "C:\Users\theka\AppData\Local\Temp\tmphkaytml6.py", line 1, in <module>
    import tweepy
ModuleNotFoundError: No module named 'tweepy'

2026-03-08 12:00:54 [agent_town.worker.scraper] WARNING Script failed (exit 1): Traceback (most recent call last):
  File "C:\Users\theka\AppData\Local\Temp\tmp311p98j3.py", line 1, in <module>
    import tweepy
ModuleNotFoundError: No module named 'tweepy'

2026-03-08 14:06:20 [agent_town.worker.scraper] WARNING Script failed (exit 1): Traceback (most recent call last):
  File "C:\Users\theka\AppData\Local\Temp\tmp_hi06q5f.py", line 15, in <module>
    import aioredis
ModuleNotFoundError: No module named 'aioredis'

2026-03-08 14:11:52 [agent_town.worker.scraper] WARNING Script failed (exit 1):   File "C:\Users\theka\AppData\Local\Temp\tmp2hw5mbmw.py", line 384
    "
    ^
SyntaxError: unterminated string literal (detected at line 384)

2026-03-08 14:14:13 [agent_town.worker.scraper] WARNING Script failed (exit 1): Traceback (most recent call last):
  File "C:\Users\theka\AppData\Local\Temp\tmp7tzgvfb5.py", line 1, in <module>
    import tweepy
ModuleNotFoundError: No module named 'tweepy'

2026-03-08 14:16:27 [agent_town.worker.scraper] WARNING Script failed (exit 1):   File "C:\Users\theka\AppData\Local\Temp\tmp3hg42inm.py", line 159
    html_content = '''
                   ^
SyntaxError: unterminated triple-quoted string literal (detected at line 302)

2026-03-08 16:23:25 [agent_town.worker.scraper] WARNING Script failed (exit 1):   File "C:\Users\theka\AppData\Local\Temp\tmpf4jlegyj.py", line 367
    logger.error(f"Error processing
                 ^
SyntaxError: unterminated f-string literal (detected at line 367)

2026-03-08 18:29:31 [agent_town.worker.scraper] WARNING Script failed (exit 1): Traceback (most recent call last):
  File "C:\Users\theka\AppData\Local\Temp\tmpjividkmo.py", line 6, in <module>
    import tweepy
ModuleNotFoundError: No module named 'tweepy'

2026-03-08 18:33:02 [agent_town.worker.scraper] WARNING Script failed (exit 1): Traceback (most recent call last):
  File "C:\Users\theka\AppData\Local\Temp\tmpqj1vnvrs.py", line 1, in <module>
    import tweepy
ModuleNotFoundError: No module named 'tweepy'

2026-03-08 18:37:08 [agent_town.worker.scraper] WARNING Script timed out after 120s
2026-03-08 20:46:15 [agent_town.worker.scraper] WARNING Script failed (exit 1): Traceback (most recent call last):
  File "C:\Users\theka\AppData\Local\Temp\tmpfi6w1lsz.py", line 1, in <module>
    import tweepy
ModuleNotFoundError: No module named 'tweepy'

2026-03-08 20:48:20 [agent_town.worker.scraper] WARNING Script failed (exit 1):   File "C:\Users\theka\AppData\Local\Temp\tmpztj1y638.py", line 326
    anomalies.append(f"Record {i}: Unus
                     ^
SyntaxError: unterminated f-string literal (detected at line 326)

2026-03-08 20:51:12 [agent_town.worker.scraper] WARNING Script failed (exit 1): C:\Users\theka\AppData\Local\Temp\tmpdttgv69m.py:263: DeprecationWarning: datetime.datetime.utcnow() is deprecated and scheduled for removal in a future version. Use timezone-aware objects to represent datetimes in UTC: datetime.datetime.now(datetime.UTC).
  'started_at': datetime.utcnow().isoformat(),
2026-03-08 20:51:12,890 - ERROR - Authentication failed: 403 - {
  "title": "Unsupported Authentication",
  "detail": "Authenticating with OAuth 2.0 Application-Only is forbidden for this endpoint
2026-03-08 22:55:42 [agent_town.worker.scraper] WARNING Script failed (exit 1): Traceback (most recent call last):
  File "C:\Users\theka\AppData\Local\Temp\tmp78qns3ca.py", line 1, in <module>
    import tweepy
ModuleNotFoundError: No module named 'tweepy'

2026-03-09 00:37:30 [agent_town.worker.scraper] WARNING Script failed (exit 1): Traceback (most recent call last):
  File "C:\Users\theka\AppData\Local\Temp\tmp0ql0d7p0.py", line 1, in <module>
    import tweepy
ModuleNotFoundError: No module named 'tweepy'

2026-03-09 00:43:28 [agent_town.worker.scraper] WARNING Script failed (exit 1):   File "C:\Users\theka\AppData\Local\Temp\tmpcex_lmnm.py", line 400
    result = future
SyntaxError: expected 'except' or 'finally' block

2026-03-09 00:44:19 [agent_town.worker.scraper] WARNING Script failed (exit 1): Traceback (most recent call last):
  File "C:\Users\theka\AppData\Local\Temp\tmpcemnkv4a.py", line 1, in <module>
    import tweepy
ModuleNotFoundError: No module named 'tweepy'

2026-03-09 00:49:49 [agent_town.worker.scraper] WARNING Script failed (exit 1):   File "C:\Users\theka\AppData\Local\Temp\tmpiulrypst.py", line 405
    def __init__(self,
                ^
SyntaxError: '(' was never closed

2026-03-09 00:50:47 [agent_town.worker.scraper] WARNING Script failed (exit 1):   File "C:\Users\theka\AppData\Local\Temp\tmpml8pa97e.py", line 412
    "tests/webhook.test.js": """const request = require('supertest');
                             ^
SyntaxError: unterminated triple-quoted string literal (detected at line 454)

2026-03-09 01:13:32 [agent_town.worker.scraper] WARNING Script failed (exit 1): Traceback (most recent call last):
  File "C:\Users\theka\AppData\Local\Temp\tmp815v2ph4.py", line 1, in <module>
    import tweepy
ModuleNotFoundError: No module named 'tweepy'

2026-03-09 02:53:41 [agent_town.worker.scraper] WARNING Script failed (exit 1): 
2026-03-09 03:00:53 [agent_town.worker.scraper] WARNING Script failed (exit 1):   File "C:\Users\theka\AppData\Local\Temp\tmpl12xc17m.py", line 187
    html_content = '''<!DOCTYPE html>
                   ^
SyntaxError: unterminated triple-quoted string literal (detected at line 456)

2026-03-09 03:03:23 [agent_town.worker.scraper] WARNING Script failed (exit 1):   File "C:\Users\theka\AppData\Local\Temp\tmpmw0r7cp6.py", line 410
    try
       ^
SyntaxError: expected ':'

2026-03-09 03:19:02 [agent_town.worker.scraper] WARNING Script failed (exit 1): Traceback (most recent call last):
  File "C:\Users\theka\AppData\Local\Temp\tmpoaiwtoix.py", line 1, in <module>
    import tweepy
ModuleNotFoundError: No module named 'tweepy'

2026-03-09 03:23:30 [agent_town.worker.scraper] WARNING Script failed (exit 1):   File "C:\Users\theka\AppData\Local\Temp\tmpsyz6rw7p.py", line 387
    self.save_to_database(ranked_jobs)
SyntaxError: expected 'except' or 'finally' block

2026-03-09 03:25:17 [agent_town.worker.scraper] WARNING Script failed (exit 1): Traceback (most recent call last):
  File "C:\Users\theka\AppData\Local\Temp\tmpah0e2dtj.py", line 1, in <module>
    import tweepy
ModuleNotFoundError: No module named 'tweepy'

2026-03-09 03:28:40 [agent_town.worker.scraper] WARNING Script failed (exit 1): Traceback (most recent call last):
  File "C:\Users\theka\AppData\Local\Temp\tmp1q8qxcxu.py", line 12, in <module>
    from fake_useragent import UserAgent
ModuleNotFoundError: No module named 'fake_useragent'

2026-03-09 05:12:39 [agent_town.worker.scraper] WARNING Script failed (exit 1): C:\Users\theka\AppData\Local\Temp\tmpj_yp9bm_.py:234: DeprecationWarning: datetime.datetime.utcnow() is deprecated and scheduled for removal in a future version. Use timezone-aware objects to represent datetimes in UTC: datetime.datetime.now(datetime.UTC).
  workflow_start = datetime.utcnow()
2026-03-09 05:12:39,361 - ERROR - Authentication failed: 403 - {
  "title": "Unsupported Authentication",
  "detail": "Authenticating with OAuth 2.0 Application-Only is forbidden for this endpoint.  Support
2026-03-09 05:13:36 [agent_town.worker.scraper] WARNING Script failed (exit 1): Traceback (most recent call last):
  File "C:\Users\theka\AppData\Local\Temp\tmpyi_smqo6.py", line 11, in <module>
    from fake_useragent import UserAgent
ModuleNotFoundError: No module named 'fake_useragent'

2026-03-09 05:15:58 [agent_town.worker.scraper] WARNING Script failed (exit 1):   File "C:\Users\theka\AppData\Local\Temp\tmpk8dygd8j.py", line 424
    def process_data(self, source_endpoint: str, target_endpoint: str, 
                    ^
SyntaxError: '(' was never closed

2026-03-09 05:16:55 [agent_town.worker.scraper] WARNING Script failed (exit 1):   File "C:\Users\theka\AppData\Local\Temp\tmpvd5d6mjf.py", line 459
    shopify_client = """const axios = require('axios');
                     ^
SyntaxError: unterminated triple-quoted string literal (detected at line 479)

2026-03-09 05:33:48 [agent_town.worker.scraper] WARNING Script failed (exit 1): 
2026-03-09 05:36:18 [agent_town.worker.scraper] WARNING Script failed (exit 1):   File "C:\Users\theka\AppData\Local\Temp\tmp99ps1drf.py", line 385
    except
          ^
SyntaxError: expected ':'

2026-03-09 05:37:49 [agent_town.worker.scraper] WARNING Script failed (exit 1): Traceback (most recent call last):
  File "C:\Users\theka\AppData\Local\Temp\tmpo396k77z.py", line 1, in <module>
    import tweepy
ModuleNotFoundError: No module named 'tweepy'

2026-03-09 05:40:44 [agent_town.worker.scraper] WARNING Script failed (exit 1):   File "C:\Users\theka\AppData\Local\Temp\tmp3ggk12c3.py", line 260
    return '''
           ^
SyntaxError: unterminated triple-quoted string literal (detected at line 345)

2026-03-09 07:20:32 [agent_town.worker.scraper] WARNING Script failed (exit 1): Traceback (most recent call last):
  File "C:\Users\theka\AppData\Local\Temp\tmpeddck7ih.py", line 1, in <module>
    import tweepy
ModuleNotFoundError: No module named 'tweepy'

2026-03-09 07:20:32 [agent_town.worker.scraper] WARNING Script failed (exit 1): Traceback (most recent call last):
  File "C:\Users\theka\AppData\Local\Temp\tmpalgj5ce7.py", line 1, in <module>
    import tweepy
ModuleNotFoundError: No module named 'tweepy'

2026-03-09 07:25:22 [agent_town.worker.scraper] WARNING Script failed (exit 1):   File "C:\Users\theka\AppData\Local\Temp\tmpdsiei4fm.py", line 429
    {
    ^
SyntaxError: '{' was never closed

2026-03-09 07:29:21 [agent_town.worker.scraper] WARNING Script failed (exit 1):   File "C:\Users\theka\AppData\Local\Temp\tmphio9p7wb.py", line 384
    #
SyntaxError: expected 'except' or 'finally' block

2026-03-09 07:46:51 [agent_town.worker.scraper] WARNING Script failed (exit 1):   File "C:\Users\theka\AppData\Local\Temp\tmplf9zk5__.py", line 404
    if age_days <= 1
                    ^
SyntaxError: expected ':'

2026-03-09 07:49:21 [agent_town.worker.scraper] WARNING Script failed (exit 1): Traceback (most recent call last):
  File "C:\Users\theka\AppData\Local\Temp\tmpk_xlj0jn.py", line 1, in <module>
    import tweepy
ModuleNotFoundError: No module named 'tweepy'

2026-03-09 07:50:12 [agent_town.worker.scraper] WARNING Script failed (exit 1):   File "C:\Users\theka\AppData\Local\Temp\tmp2h3kwvng.py", line 389
    try:
IndentationError: expected an indented block after 'try' statement on line 389

2026-03-09 08:48:05 [agent_town.worker.scraper] WARNING Script failed (exit 1):   File "C:\Users\theka\AppData\Local\Temp\tmpl2ihhwi8.py", line 349
    update_data["fields"].update({
                                 ^
SyntaxError: '{' was never closed

2026-03-09 08:51:11 [agent_town.worker.scraper] WARNING Script failed (exit 1): Traceback (most recent call last):
  File "C:\Users\theka\AppData\Local\Temp\tmp3bj3f5ah.py", line 1, in <module>
    import tweepy
ModuleNotFoundError: No module named 'tweepy'

2026-03-09 08:53:20 [agent_town.worker.scraper] WARNING Script failed (exit 1):   File "C:\Users\theka\AppData\Local\Temp\tmp37wlziz7.py", line 373
    'partial_
    ^
SyntaxError: unterminated string literal (detected at line 373)

2026-03-09 09:00:37 [agent_town.worker.scraper] WARNING Script failed (exit 1):   File "C:\Users\theka\AppData\Local\Temp\tmptaea_exh.py", line 418
    for i, citation in enumerate(blog_post.get('citations', []), 1):
IndentationError: expected an indented block after 'for' statement on line 418

2026-03-09 09:01:39 [agent_town.worker.scraper] WARNING Script failed (exit 1):   File "C:\Users\theka\AppData\Local\Temp\tmp0pue4ixv.py", line 385
    return {
           ^
SyntaxError: '{' was never closed

2026-03-09 09:30:47 [agent_town.worker.scraper] WARNING Script failed (exit 1):   File "C:\Users\theka\AppData\Local\Temp\tmpcah5a5ta.py", line 425
    score += scoring_rules['website_visit_duration']['more_than_5min']
SyntaxError: expected 'except' or 'finally' block

2026-03-09 09:31:36 [agent_town.worker.scraper] WARNING Script failed (exit 1):   File "C:\Users\theka\AppData\Local\Temp\tmp_3abruqk.py", line 393
    'series_completeness_score': educational_assessment.get('series_complet
                                                            ^
SyntaxError: unterminated string literal (detected at line 393)

2026-03-09 09:36:36 [agent_town.worker.scraper] WARNING Script failed (exit 1): Traceback (most recent call last):
  File "C:\Users\theka\AppData\Local\Temp\tmp_7nme1pp.py", line 1, in <module>
    import tweepy
ModuleNotFoundError: No module named 'tweepy'

2026-03-09 09:37:01 [agent_town.worker.scraper] WARNING Script failed (exit 1): Traceback (most recent call last):
  File "C:\Users\theka\AppData\Local\Temp\tmpnh2n_av9.py", line 1, in <module>
    import tweepy
ModuleNotFoundError: No module named 'tweepy'

2026-03-09 09:37:25 [agent_town.worker.scraper] WARNING Script failed (exit 1):   File "C:\Users\theka\AppData\Local\Temp\tmpj7l9sobt.py", line 328
    completeness_metrics = {
                           ^
SyntaxError: '{' was never closed

2026-03-09 09:38:50 [agent_town.worker.scraper] WARNING Script failed (exit 1): Traceback (most recent call last):
  File "C:\Users\theka\AppData\Local\Temp\tmp1nwh4jb3.py", line 1, in <module>
    import tweepy
ModuleNotFoundError: No module named 'tweepy'

2026-03-09 09:40:12 [agent_town.worker.scraper] WARNING Script failed (exit 1):   File "C:\Users\theka\AppData\Local\Temp\tmp_p5dp4jg.py", line 403
    best_times = performance_data.get("best_times", [])
SyntaxError: expected 'except' or 'finally' block

2026-03-09 09:42:09 [agent_town.worker.scraper] WARNING Script failed (exit 1):   File "C:\Users\theka\AppData\Local\Temp\tmpr0vmf2ut.py", line 176
    html_template = '''
                    ^
SyntaxError: unterminated triple-quoted string literal (detected at line 456)

2026-03-09 09:44:59 [agent_town.worker.scraper] WARNING Script failed (exit 1):   File "C:\Users\theka\AppData\Local\Temp\tmp9wi3rbry.py", line 362
    repo_owner, repo_name = repo.strip().
                                         ^
SyntaxError: invalid syntax

2026-03-09 09:45:16 [agent_town.worker.scraper] WARNING Script failed (exit 1):   File "C:\Users\theka\AppData\Local\Temp\tmpphp0xfqt.py", line 396
    "from_format": "%Y-%m-%dT%
                   ^
SyntaxError: unterminated string literal (detected at line 396)

2026-03-09 09:46:14 [agent_town.worker.scraper] WARNING Script failed (exit 1):   File "C:\Users\theka\AppData\Local\Temp\tmpbio_hasr.py", line 417
    "services/shopifyService.js": """const axios = require('axios');
                                  ^
SyntaxError: unterminated triple-quoted string literal (detected at line 476)

2026-03-09 10:01:22 [agent_town.worker.scraper] WARNING Script failed (exit 1): Traceback (most recent call last):
  File "C:\Users\theka\AppData\Local\Temp\tmpqps1pt68.py", line 1, in <module>
    import tweepy
ModuleNotFoundError: No module named 'tweepy'

2026-03-09 10:02:19 [agent_town.worker.scraper] WARNING Script failed (exit 1): Traceback (most recent call last):
  File "C:\Users\theka\AppData\Local\Temp\tmpkqn9pfrs.py", line 1, in <module>
    import tweepy
ModuleNotFoundError: No module named 'tweepy'

2026-03-09 10:02:41 [agent_town.worker.scraper] WARNING Script failed (exit 1):   File "C:\Users\theka\AppData\Local\Temp\tmp1xba7m93.py", line 465
    "type": "n8n-nodes-base.function
            ^
SyntaxError: unterminated string literal (detected at line 465)

2026-03-09 10:05:21 [agent_town.worker.scraper] WARNING Script failed (exit 1):   File "C:\Users\theka\AppData\Local\Temp\tmpzn9n9qff.py", line 216
    HTML_TEMPLATE = '''
                    ^
SyntaxError: unterminated triple-quoted string literal (detected at line 434)

2026-03-09 11:28:57 [agent_town.worker.scraper] WARNING Script failed (exit 1):   File "C:\Users\theka\AppData\Local\Temp\tmphzjsyqkg.py", line 438
    "members": ["pierre.martin@company.com", "anna.mueller@
                                             ^
SyntaxError: unterminated string literal (detected at line 438)

2026-03-09 11:30:38 [agent_town.worker.scraper] WARNING Script failed (exit 1): 2026-03-09 11:30:25,037 - INFO - Starting daily job scraping...
2026-03-09 11:30:25,037 - INFO - Scraping RSS feed: https://www.indeed.com/rss?q=software+engineer&l=remote
2026-03-09 11:30:26,155 - INFO - Scraping RSS feed: https://www.indeed.com/rss?q=python+developer&l=remote
2026-03-09 11:30:27,232 - INFO - Scraping RSS feed: https://www.indeed.com/rss?q=data+scientist&l=remote
2026-03-09 11:30:28,304 - INFO - Scraping RSS feed: https://jobs.github.com/positions.rss?description=remote
2026-03
2026-03-09 11:34:21 [agent_town.worker.scraper] WARNING Script failed (exit 1):   File "C:\Users\theka\AppData\Local\Temp\tmp0kybb4wo.py", line 139
    HTML_TEMPLATE = """
                    ^
SyntaxError: unterminated triple-quoted string literal (detected at line 441)

2026-03-09 11:36:54 [agent_town.worker.scraper] WARNING Script failed (exit 1):   File "C:\Users\theka\AppData\Local\Temp\tmpjxrcm7np.py", line 399
    except Exception as e:
IndentationError: expected an indented block after 'except' statement on line 399

2026-03-09 11:38:00 [agent_town.worker.scraper] WARNING Script failed (exit 1):   File "C:\Users\theka\AppData\Local\Temp\tmp741mh2kf.py", line 409
    def sync_data(self, source_endpoint: str, target_endpoint: str, 
                 ^
SyntaxError: '(' was never closed

2026-03-09 11:45:04 [agent_town.worker.scraper] WARNING Script failed (exit 1):   File "C:\Users\theka\AppData\Local\Temp\tmpwrplwtw3.py", line 428
    "assignment_
    ^
SyntaxError: unterminated string literal (detected at line 428)

2026-03-09 11:48:14 [agent_town.worker.scraper] WARNING Script failed (exit 1):   File "C:\Users\theka\AppData\Local\Temp\tmpay7fgtvu.py", line 379
    return hashlib.md5(unique
                      ^
SyntaxError: '(' was never closed

2026-03-09 11:51:20 [agent_town.worker.scraper] WARNING Script failed (exit 1): C:\Users\theka\AppData\Local\Temp\tmps1cm2sgn.py:186: SyntaxWarning: invalid escape sequence '\s'
  if (transformed.email && /^[^\s@]+@[^\s@]+\.[^\s@]+$/.test(transformed.email)) {
C:\Users\theka\AppData\Local\Temp\tmps1cm2sgn.py:270: SyntaxWarning: invalid escape sequence '\/'
  personalizedBody = personalizedBody.replace(/{{#if linkedinUrl}}.*?{{\/if}}/g, '');
  File "C:\Users\theka\AppData\Local\Temp\tmps1cm2sgn.py", line 430
    try_node = {
               ^
SyntaxError: '{' was never closed
2026-03-09 11:54:23 [agent_town.worker.scraper] WARNING Script failed (exit 1):   File "C:\Users\theka\AppData\Local\Temp\tmpg0c8jqst.py", line 152
    html_template = '''
                    ^
SyntaxError: unterminated triple-quoted string literal (detected at line 285)

2026-03-09 11:57:41 [agent_town.worker.scraper] WARNING Script failed (exit 1):   File "C:\Users\theka\AppData\Local\Temp\tmp9nwkvr2a.py", line 398
    health_status = {
                    ^
SyntaxError: '{' was never closed

2026-03-09 11:58:37 [agent_town.worker.scraper] WARNING Script failed (exit 1):   File "C:\Users\theka\AppData\Local\Temp\tmpmswe4dgy.py", line 40
    "server.js": """const express = require('express');
                 ^
SyntaxError: unterminated triple-quoted string literal (detected at line 384)

2026-03-09 12:08:51 [agent_town.worker.scraper] WARNING Script failed (exit 1): Traceback (most recent call last):
  File "C:\Users\theka\AppData\Local\Temp\tmp85wgr4ik.py", line 1, in <module>
    import tweepy
ModuleNotFoundError: No module named 'tweepy'

2026-03-09 12:14:21 [agent_town.worker.scraper] WARNING Script failed (exit 1):   File "C:\Users\theka\AppData\Local\Temp\tmp8qmi7hhb.py", line 470
    "
    ^
SyntaxError: unterminated string literal (detected at line 470)

2026-03-09 12:15:27 [agent_town.worker.scraper] WARNING Script failed (exit 1):   File "C:\Users\theka\AppData\Local\Temp\tmpt0cp7hr4.py", line 403
    followup_function_id = self.create_function_node("""
                                                     ^
SyntaxError: unterminated triple-quoted string literal (detected at line 410)

2026-03-09 12:16:27 [agent_town.worker.scraper] WARNING Script failed (exit 1):   File "C:\Users\theka\AppData\Local\Temp\tmpdz0j7acl.py", line 467
    "Message Personalization": {
                               ^
SyntaxError: '{' was never closed

2026-03-09 12:39:07 [agent_town.worker.scraper] WARNING Script failed (exit 1):   File "C:\Users\theka\AppData\Local\Temp\tmpgk9rgszs.py", line 423
    "engagement_score": {
                        ^
SyntaxError: '{' was never closed

2026-03-09 12:41:11 [agent_town.worker.scraper] WARNING Script failed (exit 1):   File "C:\Users\theka\AppData\Local\Temp\tmpf58o45u6.py", line 354
    self.logger.info(f"Starting product search on {site_name
                                                  ^
SyntaxError: '{' was never closed

2026-03-09 12:42:13 [agent_town.worker.scraper] WARNING Script timed out after 120s
2026-03-09 12:44:37 [agent_town.worker.scraper] WARNING Script failed (exit 1):   File "C:\Users\theka\AppData\Local\Temp\tmpwdblu2yg.py", line 231
    html_content = '''
                   ^
SyntaxError: unterminated triple-quoted string literal (detected at line 443)

2026-03-09 13:00:12 [agent_town.worker.scraper] WARNING Script failed (exit 1):   File "C:\Users\theka\AppData\Local\Temp\tmpif9g2zql.py", line 377
    if self
           ^
SyntaxError: expected ':'

2026-03-09 13:01:19 [agent_town.worker.scraper] WARNING Script failed (exit 1):   File "C:\Users\theka\AppData\Local\Temp\tmpoj81h5tg.py", line 408
    logger.info(f
               ^
SyntaxError: '(' was never closed

2026-03-09 13:02:13 [agent_town.worker.scraper] WARNING Script failed (exit 1):   File "C:\Users\theka\AppData\Local\Temp\tmpt8b0qx_y.py", line 330
    if not cleaned_product['name'] or cleaned_product
                                                     ^
SyntaxError: expected ':'

2026-03-09 13:03:10 [agent_town.worker.scraper] WARNING Script failed (exit 1): Traceback (most recent call last):
  File "C:\Users\theka\AppData\Local\Temp\tmpw04jq378.py", line 1, in <module>
    import tweepy
ModuleNotFoundError: No module named 'tweepy'

2026-03-09 13:08:01 [agent_town.worker.scraper] WARNING Script failed (exit 1):   File "C:\Users\theka\AppData\Local\Temp\tmpfgbsl_hf.py", line 373
    for feed_url in self.
                         ^
SyntaxError: invalid syntax

2026-03-09 13:09:07 [agent_town.worker.scraper] WARNING Script failed (exit 1):   File "C:\Users\theka\AppData\Local\Temp\tmpie2e6z3d.py", line 180
    return '''
           ^
SyntaxError: unterminated triple-quoted string literal (detected at line 309)

2026-03-09 13:12:05 [agent_town.worker.scraper] WARNING Script failed (exit 1):   File "C:\Users\theka\AppData\Local\Temp\tmpn0hvy2v7.py", line 399
    "
    ^
SyntaxError: unterminated string literal (detected at line 399)

2026-03-09 13:13:09 [agent_town.worker.scraper] WARNING Script failed (exit 1):   File "C:\Users\theka\AppData\Local\Temp\tmp8x0oka3g.py", line 406
    automator = BlogPostAutomator(topic
                                 ^
SyntaxError: '(' was never closed

2026-03-09 13:25:36 [agent_town.worker.scraper] WARNING Script failed (exit 1):   File "C:\Users\theka\AppData\Local\Temp\tmp47mgp7f2.py", line 433
    "services/shopifyService.js": """const axios = require('axios');
                                  ^
SyntaxError: unterminated triple-quoted string literal (detected at line 440)

2026-03-09 13:26:41 [agent_town.worker.scraper] WARNING Script failed (exit 1):   File "C:\Users\theka\AppData\Local\Temp\tmpvwa1oahs.py", line 396
    blog_post['citations'].append({
                                  ^
SyntaxError: '{' was never closed

2026-03-09 15:44:41 [agent_town.worker.scraper] WARNING Script failed (exit 1):   File "C:\Users\theka\AppData\Local\Temp\tmpsm6ko9wt.py", line 458
    test_js = """const request = require('supertest');
              ^
SyntaxError: unterminated triple-quoted string literal (detected at line 481)

2026-03-09 15:45:49 [agent_town.worker.scraper] WARNING Script failed (exit 1):   File "C:\Users\theka\AppData\Local\Temp\tmpm9rzlm0w.py", line 388
    "content": f"This is comprehensive content about {topic}. Research shows that {topic} is important. According to experts, {topic} has significant impact. Statistics indicate 75% growth in {topic}. Data reveals key insights
               ^
SyntaxError: unterminated f-string literal (detected at line 388)

