2026-03-08 09:42:41 [agent_town.worker.scorer] INFO Ranked 1 opportunities, top score: 0.4950
2026-03-08 09:45:08 [agent_town.worker.scorer] INFO Ranked 3 opportunities, top score: 0.5870
2026-03-08 09:45:18 [agent_town.worker.scorer] INFO Ranked 2 opportunities, top score: 0.5870
2026-03-08 09:46:18 [agent_town.worker.scorer] INFO Ranked 4 opportunities, top score: 0.8350
2026-03-08 09:46:47 [agent_town.worker.scorer] INFO Ranked 3 opportunities, top score: 0.5650
2026-03-08 09:47:19 [agent_town.worker.scorer] INFO Ranked 3 opportunities, top score: 0.8650
2026-03-08 09:48:58 [agent_town.worker.scorer] INFO Ranked 2 opportunities, top score: 0.5950
2026-03-08 09:49:20 [agent_town.worker.scorer] INFO Ranked 2 opportunities, top score: 0.6050
2026-03-08 09:50:21 [agent_town.worker.scorer] INFO Ranked 2 opportunities, top score: 0.5950
2026-03-08 09:50:40 [agent_town.worker.scorer] INFO Ranked 1 opportunities, top score: 0.4650
2026-03-08 09:51:22 [agent_town.worker.scorer] INFO Ranked 1 opportunities, top score: 0.5800
2026-03-08 09:52:22 [agent_town.worker.scorer] INFO Ranked 2 opportunities, top score: 0.8350
2026-03-08 11:55:19 [agent_town.worker.scorer] INFO Ranked 1 opportunities, top score: 0.5760
2026-03-08 11:56:54 [agent_town.worker.scorer] INFO Ranked 3 opportunities, top score: 0.5870
2026-03-08 11:57:06 [agent_town.worker.scorer] INFO Ranked 1 opportunities, top score: 0.5650
2026-03-08 11:58:07 [agent_town.worker.scorer] INFO Ranked 4 opportunities, top score: 0.8350
2026-03-08 11:58:45 [agent_town.worker.scorer] INFO Ranked 2 opportunities, top score: 0.5650
2026-03-08 11:59:07 [agent_town.worker.scorer] INFO Ranked 2 opportunities, top score: 0.8650
2026-03-08 12:00:33 [agent_town.worker.scorer] INFO Ranked 2 opportunities, top score: 0.5950
2026-03-08 12:01:08 [agent_town.worker.scorer] INFO Ranked 2 opportunities, top score: 0.6050
2026-03-08 12:02:09 [agent_town.worker.scorer] INFO Ranked 2 opportunities, top score: 0.5950
2026-03-08 12:03:10 [agent_town.worker.scorer] INFO Ranked 3 opportunities, top score: 0.5950
2026-03-08 12:04:11 [agent_town.worker.scorer] INFO Ranked 2 opportunities, top score: 0.8350
2026-03-08 14:04:52 [agent_town.worker.scorer] INFO Ranked 2 opportunities, top score: 0.6150
2026-03-08 14:04:52 [agent_town.worker.scorer] INFO Ranked 2 opportunities, top score: 0.6150
2026-03-08 14:05:53 [agent_town.worker.scorer] INFO Ranked 1 opportunities, top score: 0.8350
2026-03-08 14:07:20 [agent_town.worker.scorer] INFO Ranked 3 opportunities, top score: 0.5950
2026-03-08 14:07:54 [agent_town.worker.scorer] INFO Ranked 2 opportunities, top score: 0.5800
2026-03-08 14:08:55 [agent_town.worker.scorer] INFO Ranked 3 opportunities, top score: 0.5870
2026-03-08 14:09:53 [agent_town.worker.scorer] INFO Ranked 2 opportunities, top score: 0.8350
2026-03-08 14:09:55 [agent_town.worker.scorer] INFO Ranked 1 opportunities, top score: 0.5950
2026-03-08 14:10:56 [agent_town.worker.scorer] INFO Ranked 4 opportunities, top score: 0.8650
2026-03-08 14:11:57 [agent_town.worker.scorer] INFO Ranked 1 opportunities, top score: 0.5650
2026-03-08 14:12:53 [agent_town.worker.scorer] INFO Ranked 3 opportunities, top score: 0.6050
2026-03-08 14:12:57 [agent_town.worker.scorer] INFO Ranked 2 opportunities, top score: 0.5950
2026-03-08 14:13:57 [agent_town.worker.scorer] INFO Ranked 4 opportunities, top score: 0.6050
2026-03-08 14:14:58 [agent_town.worker.scorer] INFO Ranked 3 opportunities, top score: 0.5800
2026-03-08 14:15:33 [agent_town.worker.scorer] INFO Ranked 1 opportunities, top score: 0.6350
2026-03-08 14:17:00 [agent_town.worker.scorer] INFO Ranked 1 opportunities, top score: 0.8350
2026-03-08 16:17:02 [agent_town.worker.scorer] INFO Ranked 3 opportunities, top score: 0.6150
2026-03-08 16:17:40 [agent_town.worker.scorer] INFO Ranked 2 opportunities, top score: 0.6150
2026-03-08 16:19:20 [agent_town.worker.scorer] INFO Ranked 1 opportunities, top score: 0.5750
2026-03-08 16:19:41 [agent_town.worker.scorer] INFO Ranked 3 opportunities, top score: 0.5950
2026-03-08 16:20:42 [agent_town.worker.scorer] INFO Ranked 2 opportunities, top score: 0.5870
2026-03-08 16:20:57 [agent_town.worker.scorer] INFO Ranked 2 opportunities, top score: 0.5720
2026-03-08 16:21:42 [agent_town.worker.scorer] INFO Ranked 1 opportunities, top score: 0.5950
2026-03-08 16:22:19 [agent_town.worker.scorer] INFO Ranked 2 opportunities, top score: 0.8350
2026-03-08 16:22:43 [agent_town.worker.scorer] INFO Ranked 2 opportunities, top score: 0.5650
2026-03-08 16:23:44 [agent_town.worker.scorer] INFO Ranked 2 opportunities, top score: 0.8650
2026-03-08 16:24:44 [agent_town.worker.scorer] INFO Ranked 2 opportunities, top score: 0.5950
2026-03-08 16:25:45 [agent_town.worker.scorer] INFO Ranked 4 opportunities, top score: 0.6150
2026-03-08 16:25:48 [agent_town.worker.scorer] INFO Ranked 2 opportunities, top score: 0.5950
2026-03-08 16:27:46 [agent_town.worker.scorer] INFO Ranked 2 opportunities, top score: 0.6350
2026-03-08 18:28:49 [agent_town.worker.scorer] INFO Ranked 1 opportunities, top score: 0.6050
2026-03-08 18:30:30 [agent_town.worker.scorer] INFO Ranked 3 opportunities, top score: 0.6150
2026-03-08 18:31:31 [agent_town.worker.scorer] INFO Ranked 2 opportunities, top score: 0.5870
2026-03-08 18:32:31 [agent_town.worker.scorer] INFO Ranked 5 opportunities, top score: 0.5950
2026-03-08 18:32:32 [agent_town.worker.scorer] INFO Ranked 2 opportunities, top score: 0.5760
2026-03-08 18:33:32 [agent_town.worker.scorer] INFO Ranked 3 opportunities, top score: 0.5950
2026-03-08 18:34:09 [agent_town.worker.scorer] INFO Ranked 2 opportunities, top score: 0.8350
2026-03-08 18:34:33 [agent_town.worker.scorer] INFO Ranked 2 opportunities, top score: 0.5650
2026-03-08 18:35:34 [agent_town.worker.scorer] INFO Ranked 2 opportunities, top score: 0.8650
2026-03-08 18:36:34 [agent_town.worker.scorer] INFO Ranked 2 opportunities, top score: 0.5950
2026-03-08 18:37:35 [agent_town.worker.scorer] INFO Ranked 4 opportunities, top score: 0.6050
2026-03-08 18:38:32 [agent_town.worker.scorer] INFO Ranked 3 opportunities, top score: 0.6350
2026-03-08 18:38:36 [agent_town.worker.scorer] INFO Ranked 2 opportunities, top score: 0.5950
2026-03-08 18:39:37 [agent_town.worker.scorer] INFO Ranked 2 opportunities, top score: 0.6350
2026-03-08 20:41:01 [agent_town.worker.scorer] INFO Ranked 2 opportunities, top score: 0.5650
2026-03-08 20:41:14 [agent_town.worker.scorer] INFO Ranked 3 opportunities, top score: 0.6150
2026-03-08 20:42:15 [agent_town.worker.scorer] INFO Ranked 1 opportunities, top score: 0.6050
2026-03-08 20:43:16 [agent_town.worker.scorer] INFO Ranked 1 opportunities, top score: 0.5760
2026-03-08 20:44:16 [agent_town.worker.scorer] INFO Ranked 3 opportunities, top score: 0.5950
2026-03-08 20:44:30 [agent_town.worker.scorer] INFO Ranked 1 opportunities, top score: 0.5870
2026-03-08 20:45:17 [agent_town.worker.scorer] INFO Ranked 2 opportunities, top score: 0.5870
2026-03-08 20:45:38 [agent_town.worker.scorer] INFO Ranked 1 opportunities, top score: 0.5950
2026-03-08 20:46:18 [agent_town.worker.scorer] INFO Ranked 2 opportunities, top score: 0.8350
2026-03-08 20:47:15 [agent_town.worker.scorer] INFO Ranked 3 opportunities, top score: 0.8650
2026-03-08 20:47:18 [agent_town.worker.scorer] INFO Ranked 2 opportunities, top score: 0.5950
2026-03-08 20:48:19 [agent_town.worker.scorer] INFO Ranked 1 opportunities, top score: 0.4650
2026-03-08 20:49:19 [agent_town.worker.scorer] INFO Ranked 2 opportunities, top score: 0.5950
2026-03-08 20:50:14 [agent_town.worker.scorer] INFO Ranked 5 opportunities, top score: 0.6050
2026-03-08 20:50:20 [agent_town.worker.scorer] INFO Ranked 4 opportunities, top score: 0.6050
2026-03-08 20:51:21 [agent_town.worker.scorer] INFO Ranked 2 opportunities, top score: 0.6350
2026-03-08 20:52:21 [agent_town.worker.scorer] INFO Ranked 2 opportunities, top score: 0.6350
2026-03-08 22:54:12 [agent_town.worker.scorer] INFO Ranked 4 opportunities, top score: 0.6150
2026-03-08 22:54:12 [agent_town.worker.scorer] INFO Ranked 4 opportunities, top score: 0.6150
2026-03-08 22:55:13 [agent_town.worker.scorer] INFO Ranked 1 opportunities, top score: 0.5650
2026-03-08 22:56:14 [agent_town.worker.scorer] INFO Ranked 3 opportunities, top score: 0.5870
2026-03-08 22:56:42 [agent_town.worker.scorer] INFO Ranked 1 opportunities, top score: 0.5870
2026-03-08 22:57:14 [agent_town.worker.scorer] INFO Ranked 2 opportunities, top score: 0.5870
2026-03-08 22:57:50 [agent_town.worker.scorer] INFO Ranked 1 opportunities, top score: 0.5950
2026-03-08 22:58:15 [agent_town.worker.scorer] INFO Ranked 2 opportunities, top score: 0.8350
2026-03-08 22:58:58 [agent_town.worker.scorer] INFO Ranked 1 opportunities, top score: 0.5650
2026-03-08 22:59:15 [agent_town.worker.scorer] INFO Ranked 2 opportunities, top score: 0.8650
2026-03-08 23:00:16 [agent_town.worker.scorer] INFO Ranked 1 opportunities, top score: 0.4950
2026-03-08 23:01:16 [agent_town.worker.scorer] INFO Ranked 2 opportunities, top score: 0.5950
2026-03-08 23:02:17 [agent_town.worker.scorer] INFO Ranked 5 opportunities, top score: 0.6050
2026-03-08 23:02:24 [agent_town.worker.scorer] INFO Ranked 2 opportunities, top score: 0.4950
2026-03-08 23:03:18 [agent_town.worker.scorer] INFO Ranked 1 opportunities, top score: 0.8350
2026-03-08 23:04:19 [agent_town.worker.scorer] INFO Ranked 1 opportunities, top score: 0.6350
2026-03-09 00:36:45 [agent_town.worker.scorer] INFO Ranked 2 opportunities | top: 0.5825 (twitter, $25.0, low)
2026-03-09 00:37:01 [agent_town.worker.scorer] INFO Ranked 2 opportunities, top score: 0.6150
2026-03-09 00:37:01 [agent_town.worker.scorer] INFO Ranked 2 opportunities, top score: 0.6150
2026-03-09 00:38:02 [agent_town.worker.scorer] INFO Ranked 2 opportunities, top score: 0.6150
2026-03-09 00:38:37 [agent_town.worker.scorer] INFO Ranked 1 opportunities | top: 0.5925 (twitter, $25.0, low)
2026-03-09 00:39:02 [agent_town.worker.scorer] INFO Ranked 1 opportunities, top score: 0.5800
2026-03-09 00:39:21 [agent_town.worker.scorer] INFO Ranked 1 opportunities, top score: 0.5870
2026-03-09 00:40:03 [agent_town.worker.scorer] INFO Ranked 3 opportunities, top score: 0.5870
2026-03-09 00:41:01 [agent_town.worker.scorer] INFO Ranked 3 opportunities, top score: 0.8350
2026-03-09 00:41:04 [agent_town.worker.scorer] INFO Ranked 2 opportunities, top score: 0.5950
2026-03-09 00:41:04 [agent_town.worker.scorer] INFO Ranked 1 opportunities | top: 0.5725 (twitter, $25.0, low)
2026-03-09 00:42:05 [agent_town.worker.scorer] INFO Ranked 3 opportunities, top score: 0.5760
2026-03-09 00:42:25 [agent_town.worker.scorer] INFO Ranked 2 opportunities | top: 0.8050 (twitter, $2500.0, medium)
2026-03-09 00:43:05 [agent_town.worker.scorer] INFO Ranked 2 opportunities, top score: 0.5950
2026-03-09 00:43:55 [agent_town.worker.scorer] INFO Ranked 2 opportunities, top score: 0.5950
2026-03-09 00:44:06 [agent_town.worker.scorer] INFO Ranked 1 opportunities, top score: 0.4950
2026-03-09 00:45:06 [agent_town.worker.scorer] INFO Ranked 4 opportunities, top score: 0.6050
2026-03-09 00:45:26 [agent_town.worker.scorer] INFO Ranked 1 opportunities | top: 0.4865 (twitter, $5.0, medium)
2026-03-09 00:46:07 [agent_town.worker.scorer] INFO Ranked 1 opportunities, top score: 0.6350
2026-03-09 00:47:07 [agent_town.worker.scorer] INFO Ranked 1 opportunities, top score: 0.6350
2026-03-09 00:48:42 [agent_town.worker.scorer] INFO Ranked 5 opportunities, top score: 0.5950
2026-03-09 00:49:08 [agent_town.worker.scorer] INFO Ranked 3 opportunities, top score: 0.4374
2026-03-09 01:06:07 [agent_town.worker.scorer] INFO Ranked 1 opportunities, top score: 0.5800
2026-03-09 01:06:16 [agent_town.worker.scorer] INFO Ranked 1 opportunities | top: 0.5000 (twitter, $50.0, medium)
2026-03-09 01:06:16 [agent_town.worker.scorer] INFO Ranked 1 opportunities, top score: 0.4550
2026-03-09 01:07:17 [agent_town.worker.scorer] INFO Ranked 2 opportunities, top score: 0.6150
2026-03-09 01:08:17 [agent_town.worker.scorer] INFO Ranked 2 opportunities, top score: 0.5950
2026-03-09 01:08:39 [agent_town.worker.scorer] INFO Ranked 1 opportunities, top score: 0.5870
2026-03-09 01:09:18 [agent_town.worker.scorer] INFO Ranked 2 opportunities, top score: 0.5900
2026-03-09 01:10:13 [agent_town.worker.scorer] INFO Ranked 3 opportunities, top score: 0.5950
2026-03-09 01:10:18 [agent_town.worker.scorer] INFO Ranked 2 opportunities, top score: 0.5870
2026-03-09 01:11:19 [agent_town.worker.scorer] INFO Ranked 5 opportunities, top score: 0.8350
2026-03-09 01:11:26 [agent_town.worker.scorer] INFO Ranked 2 opportunities | top: 0.5725 (twitter, $25.0, low)
2026-03-09 01:12:19 [agent_town.worker.scorer] INFO Ranked 3 opportunities, top score: 0.8650
2026-03-09 01:13:11 [agent_town.worker.scorer] INFO Ranked 2 opportunities | top: 0.5925 (twitter, $25.0, low)
2026-03-09 01:13:20 [agent_town.worker.scorer] INFO Ranked 1 opportunities, top score: 0.4950
2026-03-09 01:14:20 [agent_town.worker.scorer] INFO Ranked 2 opportunities, top score: 0.6150
2026-03-09 01:14:29 [agent_town.worker.scorer] INFO Ranked 2 opportunities, top score: 0.4950
2026-03-09 01:14:55 [agent_town.worker.scorer] INFO Ranked 1 opportunities | top: 0.4865 (twitter, $5.0, medium)
2026-03-09 01:16:21 [agent_town.worker.scorer] INFO Ranked 2 opportunities, top score: 0.6350
2026-03-09 02:50:02 [agent_town.worker.scorer] INFO Ranked 1 opportunities, top score: 0.5800
2026-03-09 02:50:51 [agent_town.worker.scorer] INFO Ranked 1 opportunities, top score: 0.5650
2026-03-09 02:51:51 [agent_town.worker.scorer] INFO Ranked 1 opportunities, top score: 0.5950
2026-03-09 02:52:04 [agent_town.worker.scorer] INFO Ranked 1 opportunities | top: 0.5850 (twitter, $0.0, low)
2026-03-09 02:52:51 [agent_town.worker.scorer] INFO Ranked 2 opportunities, top score: 0.5870
2026-03-09 02:53:14 [agent_town.worker.scorer] INFO Ranked 2 opportunities, top score: 0.5870
2026-03-09 02:53:32 [agent_town.worker.scorer] INFO Ranked 2 opportunities | top: 0.5925 (twitter, $25.0, low)
2026-03-09 02:54:52 [agent_town.worker.scorer] INFO Ranked 3 opportunities, top score: 0.8350
2026-03-09 02:55:53 [agent_town.worker.scorer] INFO Ranked 2 opportunities, top score: 0.8650
2026-03-09 02:55:59 [agent_town.worker.scorer] INFO Ranked 1 opportunities, top score: 0.4800
2026-03-09 02:56:53 [agent_town.worker.scorer] INFO Ranked 2 opportunities, top score: 0.5950
2026-03-09 02:57:22 [agent_town.worker.scorer] INFO Ranked 1 opportunities, top score: 0.6150
2026-03-09 02:57:54 [agent_town.worker.scorer] INFO Ranked 1 opportunities, top score: 0.5950
2026-03-09 02:58:54 [agent_town.worker.scorer] INFO Ranked 3 opportunities, top score: 0.6050
2026-03-09 02:59:55 [agent_town.worker.scorer] INFO Ranked 1 opportunities | top: 0.6350 (twitter, $500.0, medium)
2026-03-09 03:01:53 [agent_town.worker.scorer] INFO Ranked 5 opportunities | top: 0.6975 (clawgig, $25.0, low)
2026-03-09 03:01:55 [agent_town.worker.scorer] INFO Ranked 5 opportunities, top score: 0.5950
2026-03-09 03:02:19 [agent_town.worker.scorer] INFO Ranked 2 opportunities, top score: 0.4370
2026-03-09 03:02:56 [agent_town.worker.scorer] INFO Ranked 1 opportunities, top score: 0.4362
2026-03-09 03:18:12 [agent_town.worker.scorer] INFO Ranked 2 opportunities | top: 0.5825 (twitter, $25.0, low)
2026-03-09 03:18:42 [agent_town.worker.scorer] INFO Ranked 3 opportunities, top score: 0.6150
2026-03-09 03:19:00 [agent_town.worker.scorer] INFO Ranked 2 opportunities, top score: 0.4950
2026-03-09 03:20:01 [agent_town.worker.scorer] INFO Ranked 1 opportunities, top score: 0.5950
2026-03-09 03:20:09 [agent_town.worker.scorer] INFO Ranked 1 opportunities | top: 0.5750 (twitter, $0.0, low)
2026-03-09 03:20:52 [agent_town.worker.scorer] INFO Ranked 1 opportunities, top score: 0.5870
2026-03-09 03:21:01 [agent_town.worker.scorer] INFO Ranked 1 opportunities, top score: 0.5870
2026-03-09 03:21:44 [agent_town.worker.scorer] INFO Ranked 3 opportunities | top: 0.5925 (twitter, $25.0, low)
2026-03-09 03:22:01 [agent_town.worker.scorer] INFO Ranked 1 opportunities, top score: 0.5650
2026-03-09 03:22:26 [agent_town.worker.scorer] INFO Ranked 2 opportunities, top score: 0.8350
2026-03-09 03:23:02 [agent_town.worker.scorer] INFO Ranked 2 opportunities, top score: 0.5650
2026-03-09 03:23:34 [agent_town.worker.scorer] INFO Ranked 2 opportunities | top: 0.8050 (twitter, $2500.0, medium)
2026-03-09 03:24:02 [agent_town.worker.scorer] INFO Ranked 2 opportunities, top score: 0.5950
2026-03-09 03:24:53 [agent_town.worker.scorer] INFO Ranked 2 opportunities, top score: 0.5950
2026-03-09 03:25:03 [agent_town.worker.scorer] INFO Ranked 1 opportunities, top score: 0.4950
2026-03-09 03:26:03 [agent_town.worker.scorer] INFO Ranked 2 opportunities, top score: 0.6150
2026-03-09 03:26:38 [agent_town.worker.scorer] INFO Ranked 3 opportunities, top score: 0.6150
2026-03-09 03:27:04 [agent_town.worker.scorer] INFO Ranked 2 opportunities, top score: 0.4950
2026-03-09 03:28:04 [agent_town.worker.scorer] INFO Ranked 1 opportunities, top score: 0.6350
2026-03-09 05:03:31 [agent_town.worker.scorer] INFO Ranked 1 opportunities, top score: 0.5800
2026-03-09 05:03:31 [agent_town.worker.scorer] INFO Ranked 1 opportunities | top: 0.5825 (twitter, $25.0, low)
2026-03-09 05:03:50 [agent_town.worker.scorer] INFO Ranked 1 opportunities, top score: 0.4950
2026-03-09 05:05:14 [agent_town.worker.scorer] INFO Ranked 1 opportunities | top: 0.5925 (twitter, $25.0, low)
2026-03-09 05:05:32 [agent_town.worker.scorer] INFO Ranked 1 opportunities, top score: 0.5850
2026-03-09 05:06:32 [agent_town.worker.scorer] INFO Ranked 3 opportunities, top score: 0.5870
2026-03-09 05:06:38 [agent_town.worker.scorer] INFO Ranked 1 opportunities | top: 0.5925 (twitter, $25.0, low)
2026-03-09 05:07:33 [agent_town.worker.scorer] INFO Ranked 2 opportunities, top score: 0.8350
2026-03-09 05:07:48 [agent_town.worker.scorer] INFO Ranked 1 opportunities | top: 0.5725 (twitter, $25.0, low)
2026-03-09 05:08:33 [agent_town.worker.scorer] INFO Ranked 2 opportunities, top score: 0.8650
2026-03-09 05:09:12 [agent_town.worker.scorer] INFO Ranked 1 opportunities | top: 0.5300 (twitter, $150.0, medium)
2026-03-09 05:09:43 [agent_town.worker.scorer] INFO Ranked 1 opportunities, top score: 0.4950
2026-03-09 05:10:34 [agent_town.worker.scorer] INFO Ranked 2 opportunities, top score: 0.6150
2026-03-09 05:11:07 [agent_town.worker.scorer] INFO Ranked 4 opportunities, top score: 0.6050
2026-03-09 05:11:35 [agent_town.worker.scorer] INFO Ranked 3 opportunities, top score: 0.6050
2026-03-09 05:11:35 [agent_town.worker.scorer] INFO Ranked 3 opportunities | top: 0.6000 (twitter, $50.0, low)
2026-03-09 05:12:35 [agent_town.worker.scorer] INFO Ranked 1 opportunities, top score: 0.4950
2026-03-09 05:13:36 [agent_town.worker.scorer] INFO Ranked 1 opportunities, top score: 0.6350
2026-03-09 05:14:52 [agent_town.worker.scorer] INFO Ranked 5 opportunities, top score: 0.5950
2026-03-09 05:15:23 [agent_town.worker.scorer] INFO Ranked 3 opportunities | top: 0.5918 (clawgig, $6.0, medium)
2026-03-09 05:15:37 [agent_town.worker.scorer] INFO Ranked 1 opportunities, top score: 0.4362
2026-03-09 05:30:41 [agent_town.worker.scorer] INFO Ranked 3 opportunities, top score: 0.5800
2026-03-09 05:31:59 [agent_town.worker.scorer] INFO Ranked 1 opportunities, top score: 0.5950
2026-03-09 05:32:42 [agent_town.worker.scorer] INFO Ranked 2 opportunities, top score: 0.5870
2026-03-09 05:32:42 [agent_town.worker.scorer] INFO Ranked 2 opportunities | top: 0.5865 (twitter, $5.0, low)
2026-03-09 05:33:27 [agent_town.worker.scorer] INFO Ranked 2 opportunities, top score: 0.5870
2026-03-09 05:33:42 [agent_town.worker.scorer] INFO Ranked 2 opportunities, top score: 0.5950
2026-03-09 05:34:02 [agent_town.worker.scorer] INFO Ranked 1 opportunities | top: 0.7850 (twitter, $2500.0, medium)
2026-03-09 05:34:43 [agent_town.worker.scorer] INFO Ranked 2 opportunities, top score: 0.5650
2026-03-09 05:35:16 [agent_town.worker.scorer] INFO Ranked 2 opportunities, top score: 0.8650
2026-03-09 05:35:43 [agent_town.worker.scorer] INFO Ranked 1 opportunities, top score: 0.5910
2026-03-09 05:36:44 [agent_town.worker.scorer] INFO Ranked 3 opportunities, top score: 0.5950
2026-03-09 05:37:16 [agent_town.worker.scorer] INFO Ranked 1 opportunities | top: 0.6100 (twitter, $150.0, low)
2026-03-09 05:37:44 [agent_town.worker.scorer] INFO Ranked 1 opportunities, top score: 0.6050
2026-03-09 05:38:10 [agent_town.worker.scorer] INFO Ranked 3 opportunities, top score: 0.6050
2026-03-09 05:38:45 [agent_town.worker.scorer] INFO Ranked 1 opportunities, top score: 0.4370
2026-03-09 05:39:49 [agent_town.worker.scorer] INFO Ranked 1 opportunities | top: 0.6350 (twitter, $500.0, medium)
2026-03-09 07:17:07 [agent_town.worker.scorer] INFO Ranked 1 opportunities, top score: 0.4950
2026-03-09 07:19:08 [agent_town.worker.scorer] INFO Ranked 4 opportunities | top: 0.5925 (twitter, $25.0, low)
2026-03-09 07:19:09 [agent_town.worker.scorer] INFO Ranked 3 opportunities, top score: 0.5870
2026-03-09 07:20:10 [agent_town.worker.scorer] INFO Ranked 3 opportunities, top score: 0.5950
2026-03-09 07:20:11 [agent_town.worker.scorer] INFO Ranked 2 opportunities, top score: 0.5870
2026-03-09 07:21:12 [agent_town.worker.scorer] INFO Ranked 3 opportunities, top score: 0.8350
2026-03-09 07:21:32 [agent_town.worker.scorer] INFO Ranked 1 opportunities | top: 0.8050 (twitter, $2500.0, medium)
2026-03-09 07:22:13 [agent_town.worker.scorer] INFO Ranked 2 opportunities, top score: 0.5910
2026-03-09 07:23:13 [agent_town.worker.scorer] INFO Ranked 2 opportunities, top score: 0.5950
2026-03-09 07:23:33 [agent_town.worker.scorer] INFO Ranked 2 opportunities | top: 0.6100 (twitter, $150.0, low)
2026-03-09 07:24:14 [agent_town.worker.scorer] INFO Ranked 2 opportunities, top score: 0.6150
2026-03-09 07:25:14 [agent_town.worker.scorer] INFO Ranked 1 opportunities, top score: 0.6050
2026-03-09 07:26:15 [agent_town.worker.scorer] INFO Ranked 1 opportunities, top score: 0.6350
2026-03-09 07:28:15 [agent_town.worker.scorer] INFO Ranked 5 opportunities, top score: 0.5950
2026-03-09 07:28:17 [agent_town.worker.scorer] INFO Ranked 2 opportunities, top score: 0.4370
2026-03-09 07:28:23 [agent_town.worker.scorer] INFO Ranked 1 opportunities | top: 0.5909 (clawgig, $3.0, medium)
2026-03-09 07:42:31 [agent_town.worker.scorer] INFO Ranked 1 opportunities | top: 0.5300 (twitter, $150.0, medium)
2026-03-09 07:44:20 [agent_town.worker.scorer] INFO Ranked 3 opportunities, top score: 0.5950
2026-03-09 07:44:41 [agent_town.worker.scorer] INFO Ranked 1 opportunities, top score: 0.5870
2026-03-09 07:44:53 [agent_town.worker.scorer] INFO Ranked 1 opportunities | top: 0.5865 (twitter, $5.0, low)
2026-03-09 07:45:21 [agent_town.worker.scorer] INFO Ranked 2 opportunities, top score: 0.5950
2026-03-09 07:45:50 [agent_town.worker.scorer] INFO Ranked 1 opportunities, top score: 0.8350
2026-03-09 07:46:10 [agent_town.worker.scorer] INFO Ranked 2 opportunities | top: 0.5725 (twitter, $25.0, low)
2026-03-09 07:46:22 [agent_town.worker.scorer] INFO Ranked 1 opportunities, top score: 0.5650
2026-03-09 07:47:22 [agent_town.worker.scorer] INFO Ranked 3 opportunities, top score: 0.8650
2026-03-09 07:47:51 [agent_town.worker.scorer] INFO Ranked 1 opportunities, top score: 0.4650
2026-03-09 07:48:58 [agent_town.worker.scorer] INFO Ranked 2 opportunities | top: 0.5925 (twitter, $25.0, low)
2026-03-09 07:49:15 [agent_town.worker.scorer] INFO Ranked 2 opportunities, top score: 0.6150
2026-03-09 07:50:23 [agent_town.worker.scorer] INFO Ranked 1 opportunities, top score: 0.6050
2026-03-09 07:52:24 [agent_town.worker.scorer] INFO Ranked 1 opportunities, top score: 0.6350
2026-03-09 08:47:03 [agent_town.worker.scorer] INFO Ranked 1 opportunities, top score: 0.8350
2026-03-09 08:47:03 [agent_town.worker.scorer] INFO Ranked 1 opportunities, top score: 0.8350
2026-03-09 08:48:04 [agent_town.worker.scorer] INFO Ranked 1 opportunities | top: 0.5300 (twitter, $150.0, medium)
2026-03-09 08:48:04 [agent_town.worker.scorer] INFO Ranked 1 opportunities, top score: 0.4950
2026-03-09 08:49:53 [agent_town.worker.scorer] INFO Ranked 3 opportunities | top: 0.5865 (twitter, $5.0, low)
2026-03-09 08:50:04 [agent_town.worker.scorer] INFO Ranked 1 opportunities, top score: 0.5650
2026-03-09 08:50:13 [agent_town.worker.scorer] INFO Ranked 1 opportunities | top: 0.5925 (twitter, $25.0, low)
2026-03-09 08:51:05 [agent_town.worker.scorer] INFO Ranked 2 opportunities, top score: 0.8350
2026-03-09 08:51:28 [agent_town.worker.scorer] INFO Ranked 1 opportunities | top: 0.5725 (twitter, $25.0, low)
2026-03-09 08:52:13 [agent_town.worker.scorer] INFO Ranked 2 opportunities, top score: 0.8650
2026-03-09 08:52:13 [agent_town.worker.scorer] INFO Ranked 2 opportunities, top score: 0.8650
2026-03-09 08:52:16 [agent_town.worker.scorer] INFO Ranked 1 opportunities | top: 0.5895 (twitter, $15.0, low)
2026-03-09 08:53:09 [agent_town.worker.scorer] INFO Ranked 1 opportunities | top: 0.5200 (twitter, $150.0, medium)
2026-03-09 08:53:21 [agent_town.worker.scorer] INFO Ranked 1 opportunities, top score: 0.4950
2026-03-09 08:53:56 [agent_town.worker.scorer] INFO Ranked 1 opportunities | top: 0.5925 (twitter, $25.0, low)
2026-03-09 08:54:21 [agent_town.worker.scorer] INFO Ranked 1 opportunities, top score: 0.6150
2026-03-09 08:55:22 [agent_town.worker.scorer] INFO Ranked 1 opportunities, top score: 0.6050
2026-03-09 08:57:22 [agent_town.worker.scorer] INFO Ranked 1 opportunities, top score: 0.6350
2026-03-09 08:59:30 [agent_town.worker.scorer] INFO Ranked 5 opportunities, top score: 0.5950
2026-03-09 08:59:30 [agent_town.worker.scorer] INFO Ranked 5 opportunities | top: 0.6975 (clawgig, $25.0, low)
2026-03-09 08:59:34 [agent_town.worker.scorer] INFO Ranked 2 opportunities | top: 0.5915 (clawgig, $5.0, medium)
2026-03-09 08:59:36 [agent_town.worker.scorer] INFO Ranked 2 opportunities, top score: 0.4370
2026-03-09 09:29:48 [agent_town.worker.scorer] INFO Ranked 1 opportunities, top score: 0.8350
2026-03-09 09:30:39 [agent_town.worker.scorer] INFO Ranked 1 opportunities | top: 0.5300 (twitter, $150.0, medium)
2026-03-09 09:31:41 [agent_town.worker.scorer] INFO Ranked 1 opportunities, top score: 0.8350
2026-03-09 09:32:36 [agent_town.worker.scorer] INFO Ranked 4 opportunities | top: 0.5865 (twitter, $5.0, low)
2026-03-09 09:32:42 [agent_town.worker.scorer] INFO Ranked 3 opportunities, top score: 0.5870
2026-03-09 09:33:42 [agent_town.worker.scorer] INFO Ranked 3 opportunities, top score: 0.8350
2026-03-09 09:33:48 [agent_town.worker.scorer] INFO Ranked 1 opportunities, top score: 0.5870
2026-03-09 09:34:28 [agent_town.worker.scorer] INFO Ranked 3 opportunities | top: 0.5865 (twitter, $5.0, low)
2026-03-09 09:34:43 [agent_town.worker.scorer] INFO Ranked 4 opportunities, top score: 0.8650
2026-03-09 09:34:53 [agent_town.worker.scorer] INFO Ranked 1 opportunities | top: 0.5725 (twitter, $25.0, low)
2026-03-09 09:35:44 [agent_town.worker.scorer] INFO Ranked 4 opportunities, top score: 0.8350
2026-03-09 09:35:58 [agent_town.worker.scorer] INFO Ranked 2 opportunities, top score: 0.5650
2026-03-09 09:36:13 [agent_town.worker.scorer] INFO Ranked 4 opportunities | top: 0.5925 (twitter, $25.0, low)
2026-03-09 09:36:21 [agent_town.worker.scorer] INFO Ranked 4 opportunities | top: 0.8050 (twitter, $2500.0, medium)
2026-03-09 09:36:45 [agent_town.worker.scorer] INFO Ranked 3 opportunities, top score: 0.8350
2026-03-09 09:37:45 [agent_town.worker.scorer] INFO Ranked 3 opportunities, top score: 0.6150
2026-03-09 09:37:50 [agent_town.worker.scorer] INFO Ranked 1 opportunities, top score: 0.4950
2026-03-09 09:38:27 [agent_town.worker.scorer] INFO Ranked 1 opportunities | top: 0.5925 (twitter, $25.0, low)
2026-03-09 09:38:46 [agent_town.worker.scorer] INFO Ranked 1 opportunities, top score: 0.6150
2026-03-09 09:39:13 [agent_town.worker.scorer] INFO Ranked 1 opportunities | top: 0.6000 (twitter, $50.0, low)
2026-03-09 09:39:47 [agent_town.worker.scorer] INFO Ranked 1 opportunities, top score: 0.6350
2026-03-09 09:41:12 [agent_town.worker.scorer] INFO Ranked 1 opportunities | top: 0.6350 (twitter, $500.0, medium)
2026-03-09 09:41:47 [agent_town.worker.scorer] INFO Ranked 5 opportunities, top score: 0.5950
2026-03-09 09:41:51 [agent_town.worker.scorer] INFO Ranked 2 opportunities | top: 0.5915 (clawgig, $5.0, medium)
2026-03-09 09:44:01 [agent_town.worker.scorer] INFO Ranked 6 opportunities | top: 0.7500 (agent_bounty, $8500.0, medium)
2026-03-09 09:44:10 [agent_town.worker.scorer] INFO Ranked 5 opportunities | top: 0.6975 (clawgig, $25.0, low)
2026-03-09 09:44:20 [agent_town.worker.scorer] INFO Ranked 4 opportunities, top score: 0.4410
2026-03-09 09:44:49 [agent_town.worker.scorer] INFO Ranked 2 opportunities, top score: 0.4370
2026-03-09 09:54:52 [agent_town.worker.scorer] INFO Ranked 1 opportunities, top score: 0.8350
2026-03-09 09:55:10 [agent_town.worker.scorer] INFO Ranked 1 opportunities | top: 0.5300 (twitter, $150.0, medium)
2026-03-09 09:56:53 [agent_town.worker.scorer] INFO Ranked 1 opportunities, top score: 0.5870
2026-03-09 09:57:25 [agent_town.worker.scorer] INFO Ranked 2 opportunities, top score: 0.5870
2026-03-09 09:57:28 [agent_town.worker.scorer] INFO Ranked 1 opportunities | top: 0.5725 (twitter, $25.0, low)
2026-03-09 09:57:54 [agent_town.worker.scorer] INFO Ranked 1 opportunities, top score: 0.5950
2026-03-09 09:58:48 [agent_town.worker.scorer] INFO Ranked 3 opportunities | top: 0.7850 (twitter, $2500.0, medium)
2026-03-09 09:58:54 [agent_town.worker.scorer] INFO Ranked 2 opportunities, top score: 0.5650
2026-03-09 09:59:55 [agent_town.worker.scorer] INFO Ranked 2 opportunities, top score: 0.8650
2026-03-09 10:00:07 [agent_town.worker.scorer] INFO Ranked 1 opportunities, top score: 0.4950
2026-03-09 10:00:55 [agent_town.worker.scorer] INFO Ranked 1 opportunities, top score: 0.4950
2026-03-09 10:00:58 [agent_town.worker.scorer] INFO Ranked 1 opportunities | top: 0.5925 (twitter, $25.0, low)
2026-03-09 10:01:34 [agent_town.worker.scorer] INFO Ranked 1 opportunities, top score: 0.8350
2026-03-09 10:01:40 [agent_town.worker.scorer] INFO Ranked 1 opportunities | top: 0.6100 (twitter, $150.0, low)
2026-03-09 10:02:23 [agent_town.worker.scorer] INFO Ranked 1 opportunities | top: 0.6000 (twitter, $50.0, low)
2026-03-09 10:04:19 [agent_town.worker.scorer] INFO Ranked 1 opportunities | top: 0.6350 (twitter, $500.0, medium)
2026-03-09 11:27:57 [agent_town.worker.scorer] INFO Ranked 1 opportunities | top: 0.7850 (twitter, $2500.0, medium)
2026-03-09 11:29:06 [agent_town.worker.scorer] INFO Ranked 2 opportunities, top score: 0.5950
2026-03-09 11:29:22 [agent_town.worker.scorer] INFO Ranked 3 opportunities | top: 0.7850 (twitter, $2500.0, medium)
2026-03-09 11:29:23 [agent_town.worker.scorer] INFO Ranked 2 opportunities, top score: 0.5870
2026-03-09 11:30:23 [agent_town.worker.scorer] INFO Ranked 2 opportunities, top score: 0.8650
2026-03-09 11:30:58 [agent_town.worker.scorer] INFO Ranked 1 opportunities | top: 0.5200 (twitter, $150.0, medium)
2026-03-09 11:32:04 [agent_town.worker.scorer] INFO Ranked 2 opportunities, top score: 0.5950
2026-03-09 11:32:12 [agent_town.worker.scorer] INFO Ranked 1 opportunities | top: 0.5300 (twitter, $150.0, medium)
2026-03-09 11:33:23 [agent_town.worker.scorer] INFO Ranked 1 opportunities | top: 0.6350 (twitter, $500.0, medium)
2026-03-09 11:35:59 [agent_town.worker.scorer] INFO Ranked 6 opportunities, top score: 0.8050
2026-03-09 11:36:22 [agent_town.worker.scorer] INFO Ranked 5 opportunities | top: 0.6975 (clawgig, $25.0, low)
2026-03-09 11:36:25 [agent_town.worker.scorer] INFO Ranked 5 opportunities, top score: 0.5950
2026-03-09 11:36:34 [agent_town.worker.scorer] INFO Ranked 2 opportunities | top: 0.5915 (clawgig, $5.0, medium)
2026-03-09 11:44:02 [agent_town.worker.scorer] INFO Ranked 1 opportunities, top score: 0.8350
2026-03-09 11:44:46 [agent_town.worker.scorer] INFO Ranked 1 opportunities | top: 0.5895 (twitter, $15.0, low)
2026-03-09 11:46:04 [agent_town.worker.scorer] INFO Ranked 1 opportunities, top score: 0.5870
2026-03-09 11:46:29 [agent_town.worker.scorer] INFO Ranked 2 opportunities, top score: 0.5870
2026-03-09 11:46:40 [agent_town.worker.scorer] INFO Ranked 1 opportunities | top: 0.5925 (twitter, $25.0, low)
2026-03-09 11:47:11 [agent_town.worker.scorer] INFO Ranked 1 opportunities | top: 0.7850 (twitter, $2500.0, medium)
2026-03-09 11:47:29 [agent_town.worker.scorer] INFO Ranked 1 opportunities, top score: 0.5650
2026-03-09 11:48:14 [agent_town.worker.scorer] INFO Ranked 1 opportunities, top score: 0.8650
2026-03-09 11:48:30 [agent_town.worker.scorer] INFO Ranked 1 opportunities, top score: 0.5950
2026-03-09 11:49:15 [agent_town.worker.scorer] INFO Ranked 1 opportunities | top: 0.5100 (twitter, $150.0, medium)
2026-03-09 11:49:53 [agent_town.worker.scorer] INFO Ranked 2 opportunities | top: 0.5925 (twitter, $25.0, low)
2026-03-09 11:50:20 [agent_town.worker.scorer] INFO Ranked 2 opportunities, top score: 0.8350
2026-03-09 11:50:39 [agent_town.worker.scorer] INFO Ranked 1 opportunities | top: 0.5800 (twitter, $50.0, low)
2026-03-09 11:51:31 [agent_town.worker.scorer] INFO Ranked 1 opportunities, top score: 0.6050
2026-03-09 11:53:27 [agent_town.worker.scorer] INFO Ranked 1 opportunities | top: 0.6350 (twitter, $500.0, medium)
2026-03-09 11:56:37 [agent_town.worker.scorer] INFO Ranked 5 opportunities, top score: 0.5950
2026-03-09 11:56:47 [agent_town.worker.scorer] INFO Ranked 3 opportunities | top: 0.5918 (clawgig, $6.0, medium)
2026-03-09 12:07:37 [agent_town.worker.scorer] INFO Ranked 1 opportunities, top score: 0.8350
2026-03-09 12:08:29 [agent_town.worker.scorer] INFO Ranked 1 opportunities | top: 0.5895 (twitter, $15.0, low)
2026-03-09 12:09:38 [agent_town.worker.scorer] INFO Ranked 1 opportunities, top score: 0.5870
2026-03-09 12:09:41 [agent_town.worker.scorer] INFO Ranked 1 opportunities, top score: 0.5870
2026-03-09 12:09:52 [agent_town.worker.scorer] INFO Ranked 1 opportunities | top: 0.5725 (twitter, $25.0, low)
2026-03-09 12:10:04 [agent_town.worker.scorer] INFO Ranked 1 opportunities | top: 0.5925 (twitter, $25.0, low)
2026-03-09 12:10:38 [agent_town.worker.scorer] INFO Ranked 1 opportunities, top score: 0.8350
2026-03-09 12:11:09 [agent_town.worker.scorer] INFO Ranked 1 opportunities, top score: 0.5650
2026-03-09 12:11:39 [agent_town.worker.scorer] INFO Ranked 1 opportunities, top score: 0.8650
2026-03-09 12:12:12 [agent_town.worker.scorer] INFO Ranked 1 opportunities | top: 0.5895 (twitter, $15.0, low)
2026-03-09 12:12:37 [agent_town.worker.scorer] INFO Ranked 1 opportunities, top score: 0.4650
2026-03-09 12:13:13 [agent_town.worker.scorer] INFO Ranked 3 opportunities | top: 0.7850 (twitter, $2500.0, medium)
2026-03-09 12:13:39 [agent_town.worker.scorer] INFO Ranked 3 opportunities, top score: 0.8350
2026-03-09 12:13:58 [agent_town.worker.scorer] INFO Ranked 1 opportunities, top score: 0.6050
2026-03-09 12:15:40 [agent_town.worker.scorer] INFO Ranked 1 opportunities, top score: 0.6350
2026-03-09 12:38:08 [agent_town.worker.scorer] INFO Ranked 1 opportunities, top score: 0.8350
2026-03-09 12:38:34 [agent_town.worker.scorer] INFO Ranked 2 opportunities | top: 0.5925 (twitter, $25.0, low)
2026-03-09 12:39:18 [agent_town.worker.scorer] INFO Ranked 2 opportunities | top: 0.7850 (twitter, $2500.0, medium)
2026-03-09 12:39:47 [agent_town.worker.scorer] INFO Ranked 1 opportunities, top score: 0.5650
2026-03-09 12:40:08 [agent_town.worker.scorer] INFO Ranked 2 opportunities, top score: 0.8650
2026-03-09 12:40:48 [agent_town.worker.scorer] INFO Ranked 2 opportunities, top score: 0.5910
2026-03-09 12:41:48 [agent_town.worker.scorer] INFO Ranked 2 opportunities, top score: 0.5950
2026-03-09 12:43:36 [agent_town.worker.scorer] INFO Ranked 1 opportunities | top: 0.6350 (twitter, $500.0, medium)
2026-03-09 12:45:50 [agent_town.worker.scorer] INFO Ranked 6 opportunities, top score: 0.8050
2026-03-09 12:45:55 [agent_town.worker.scorer] INFO Ranked 3 opportunities | top: 0.5918 (clawgig, $6.0, medium)
2026-03-09 12:59:14 [agent_town.worker.scorer] INFO Ranked 1 opportunities | top: 0.7850 (twitter, $2500.0, medium)
2026-03-09 12:59:55 [agent_town.worker.scorer] INFO Ranked 2 opportunities, top score: 0.5950
2026-03-09 13:00:15 [agent_town.worker.scorer] INFO Ranked 2 opportunities | top: 0.7850 (twitter, $2500.0, medium)
2026-03-09 13:00:15 [agent_town.worker.scorer] INFO Ranked 1 opportunities, top score: 0.5650
2026-03-09 13:01:13 [agent_town.worker.scorer] INFO Ranked 2 opportunities | top: 0.8050 (twitter, $2500.0, medium)
2026-03-09 13:01:40 [agent_town.worker.scorer] INFO Ranked 1 opportunities, top score: 0.5950
2026-03-09 13:01:56 [agent_town.worker.scorer] INFO Ranked 1 opportunities, top score: 0.4650
2026-03-09 13:02:46 [agent_town.worker.scorer] INFO Ranked 2 opportunities | top: 0.5925 (twitter, $25.0, low)
2026-03-09 13:02:57 [agent_town.worker.scorer] INFO Ranked 1 opportunities, top score: 0.4950
2026-03-09 13:05:58 [agent_town.worker.scorer] INFO Ranked 3 opportunities, top score: 0.5950
2026-03-09 13:06:59 [agent_town.worker.scorer] INFO Ranked 3 opportunities, top score: 0.8350
2026-03-09 13:06:59 [agent_town.worker.scorer] INFO Ranked 3 opportunities | top: 0.7850 (twitter, $2500.0, medium)
2026-03-09 13:08:06 [agent_town.worker.scorer] INFO Ranked 1 opportunities, top score: 0.6350
2026-03-09 13:11:01 [agent_town.worker.scorer] INFO Ranked 6 opportunities, top score: 0.8050
2026-03-09 13:11:08 [agent_town.worker.scorer] INFO Ranked 3 opportunities, top score: 0.4374
2026-03-09 13:11:17 [agent_town.worker.scorer] INFO Ranked 2 opportunities | top: 0.5915 (clawgig, $5.0, medium)
2026-03-09 13:21:32 [agent_town.worker.scorer] INFO Ranked 1 opportunities | top: 0.5925 (twitter, $25.0, low)
2026-03-09 13:24:05 [agent_town.worker.scorer] INFO Ranked 6 opportunities, top score: 0.8050
2026-03-09 13:24:36 [agent_town.worker.scorer] INFO Ranked 3 opportunities | top: 0.5918 (clawgig, $6.0, medium)
2026-03-09 13:24:37 [agent_town.worker.scorer] INFO Ranked 3 opportunities, top score: 0.4374
2026-03-09 13:24:41 [agent_town.worker.scorer] INFO Ranked 2 opportunities | top: 0.5915 (clawgig, $5.0, medium)
2026-03-09 15:40:36 [agent_town.worker.scorer] INFO Ranked 1 opportunities, top score: 0.5950
2026-03-09 15:43:26 [agent_town.worker.scorer] INFO Ranked 6 opportunities | top: 0.8400 (agent_bounty, $8500.0, medium)
2026-03-09 15:43:30 [agent_town.worker.scorer] INFO Ranked 6 opportunities | top: 0.8400 (agent_bounty, $8500.0, medium)
2026-03-09 15:43:30 [agent_town.worker.scorer] INFO Ranked 6 opportunities | top: 0.8400 (agent_bounty, $8500.0, medium)
2026-03-09 15:43:34 [agent_town.worker.scorer] INFO Ranked 5 opportunities | top: 0.6975 (clawgig, $25.0, low)
2026-03-09 15:43:39 [agent_town.worker.scorer] INFO Ranked 4 opportunities | top: 0.5945 (clawgig, $15.0, medium)
2026-03-09 15:43:45 [agent_town.worker.scorer] INFO Ranked 3 opportunities, top score: 0.4374
